<?xml version="1.0" encoding="UTF-8"?>
<coverage generated="1690445555263" clover="3.2.0">
  <project timestamp="1690445555263" name="All files">
    <metrics statements="502" coveredstatements="354" conditionals="259" coveredconditionals="134" methods="156" coveredmethods="95" elements="917" coveredelements="583" complexity="0" loc="502" ncloc="502" packages="3" files="5" classes="5"/>
    <package name="components">
      <metrics statements="101" coveredstatements="82" conditionals="20" coveredconditionals="2" methods="20" coveredmethods="9"/>
      <file name="ClubList.vue" path="/Users/hykwshuhei/src/team-product-vue/qiita-builder/components/ClubList.vue">
        <metrics statements="37" coveredstatements="29" conditionals="10" coveredconditionals="1" methods="7" coveredmethods="3"/>
        <line num="3" count="9" type="stmt"/>
        <line num="6" count="9" type="stmt"/>
        <line num="7" count="9" type="stmt"/>
        <line num="8" count="9" type="stmt"/>
        <line num="17" count="9" type="stmt"/>
        <line num="18" count="9" type="stmt"/>
        <line num="19" count="9" type="stmt"/>
        <line num="20" count="9" type="stmt"/>
        <line num="21" count="9" type="stmt"/>
        <line num="22" count="9" type="stmt"/>
        <line num="24" count="9" type="stmt"/>
        <line num="26" count="0" type="cond" truecount="0" falsecount="2"/>
        <line num="27" count="0" type="stmt"/>
        <line num="28" count="0" type="stmt"/>
        <line num="30" count="0" type="cond" truecount="0" falsecount="4"/>
        <line num="31" count="0" type="stmt"/>
        <line num="35" count="9" type="stmt"/>
        <line num="36" count="0" type="stmt"/>
        <line num="39" count="9" type="stmt"/>
        <line num="47" count="9" type="stmt"/>
        <line num="51" count="9" type="stmt"/>
        <line num="55" count="9" type="stmt"/>
        <line num="56" count="9" type="stmt"/>
        <line num="57" count="9" type="stmt"/>
        <line num="58" count="9" type="stmt"/>
        <line num="59" count="9" type="stmt"/>
        <line num="60" count="9" type="stmt"/>
        <line num="61" count="9" type="stmt"/>
        <line num="62" count="9" type="stmt"/>
        <line num="63" count="9" type="stmt"/>
        <line num="64" count="9" type="stmt"/>
        <line num="69" count="20" type="stmt"/>
        <line num="75" count="33" type="stmt"/>
        <line num="85" count="0" type="stmt"/>
        <line num="86" count="0" type="stmt"/>
        <line num="111" count="9" type="stmt"/>
        <line num="112" count="9" type="stmt"/>
      </file>
      <file name="LanguageList.vue" path="/Users/hykwshuhei/src/team-product-vue/qiita-builder/components/LanguageList.vue">
        <metrics statements="37" coveredstatements="29" conditionals="10" coveredconditionals="1" methods="7" coveredmethods="3"/>
        <line num="3" count="9" type="stmt"/>
        <line num="6" count="9" type="stmt"/>
        <line num="7" count="9" type="stmt"/>
        <line num="8" count="9" type="stmt"/>
        <line num="17" count="9" type="stmt"/>
        <line num="18" count="9" type="stmt"/>
        <line num="19" count="9" type="stmt"/>
        <line num="20" count="9" type="stmt"/>
        <line num="21" count="9" type="stmt"/>
        <line num="22" count="9" type="stmt"/>
        <line num="24" count="9" type="stmt"/>
        <line num="26" count="0" type="cond" truecount="0" falsecount="2"/>
        <line num="27" count="0" type="stmt"/>
        <line num="28" count="0" type="stmt"/>
        <line num="30" count="0" type="cond" truecount="0" falsecount="4"/>
        <line num="31" count="0" type="stmt"/>
        <line num="35" count="9" type="stmt"/>
        <line num="36" count="0" type="stmt"/>
        <line num="39" count="9" type="stmt"/>
        <line num="47" count="9" type="stmt"/>
        <line num="51" count="9" type="stmt"/>
        <line num="55" count="9" type="stmt"/>
        <line num="56" count="9" type="stmt"/>
        <line num="57" count="9" type="stmt"/>
        <line num="58" count="9" type="stmt"/>
        <line num="59" count="9" type="stmt"/>
        <line num="60" count="9" type="stmt"/>
        <line num="61" count="9" type="stmt"/>
        <line num="62" count="9" type="stmt"/>
        <line num="63" count="9" type="stmt"/>
        <line num="64" count="9" type="stmt"/>
        <line num="69" count="20" type="stmt"/>
        <line num="75" count="33" type="stmt"/>
        <line num="85" count="0" type="stmt"/>
        <line num="86" count="0" type="stmt"/>
        <line num="111" count="9" type="stmt"/>
        <line num="112" count="9" type="stmt"/>
      </file>
      <file name="OccupationList.vue" path="/Users/hykwshuhei/src/team-product-vue/qiita-builder/components/OccupationList.vue">
        <metrics statements="27" coveredstatements="24" conditionals="0" coveredconditionals="0" methods="6" coveredmethods="3"/>
        <line num="3" count="9" type="stmt"/>
        <line num="6" count="9" type="stmt"/>
        <line num="7" count="9" type="stmt"/>
        <line num="14" count="9" type="stmt"/>
        <line num="15" count="9" type="stmt"/>
        <line num="16" count="9" type="stmt"/>
        <line num="17" count="9" type="stmt"/>
        <line num="19" count="9" type="stmt"/>
        <line num="20" count="0" type="stmt"/>
        <line num="23" count="9" type="stmt"/>
        <line num="28" count="9" type="stmt"/>
        <line num="32" count="9" type="stmt"/>
        <line num="36" count="9" type="stmt"/>
        <line num="37" count="9" type="stmt"/>
        <line num="38" count="9" type="stmt"/>
        <line num="39" count="9" type="stmt"/>
        <line num="40" count="9" type="stmt"/>
        <line num="41" count="9" type="stmt"/>
        <line num="42" count="9" type="stmt"/>
        <line num="43" count="9" type="stmt"/>
        <line num="44" count="9" type="stmt"/>
        <line num="46" count="18" type="stmt"/>
        <line num="52" count="27" type="stmt"/>
        <line num="62" count="0" type="stmt"/>
        <line num="63" count="0" type="stmt"/>
        <line num="78" count="9" type="stmt"/>
        <line num="79" count="9" type="stmt"/>
      </file>
    </package>
    <package name="pages">
      <metrics statements="213" coveredstatements="137" conditionals="117" coveredconditionals="64" methods="92" coveredmethods="53"/>
      <file name="index.vue" path="/Users/hykwshuhei/src/team-product-vue/qiita-builder/pages/index.vue">
        <metrics statements="213" coveredstatements="137" conditionals="117" coveredconditionals="64" methods="92" coveredmethods="53"/>
        <line num="4" count="9" type="stmt"/>
        <line num="7" count="9" type="stmt"/>
        <line num="27" count="9" type="stmt"/>
        <line num="51" count="9" type="stmt"/>
        <line num="82" count="9" type="stmt"/>
        <line num="83" count="9" type="stmt"/>
        <line num="84" count="9" type="stmt"/>
        <line num="85" count="9" type="stmt"/>
        <line num="86" count="9" type="stmt"/>
        <line num="87" count="9" type="stmt"/>
        <line num="88" count="9" type="stmt"/>
        <line num="89" count="8" type="stmt"/>
        <line num="90" count="8" type="stmt"/>
        <line num="94" count="0" type="stmt"/>
        <line num="95" count="0" type="stmt"/>
        <line num="100" count="20" type="stmt"/>
        <line num="101" count="30" type="stmt"/>
        <line num="105" count="18" type="stmt"/>
        <line num="106" count="27" type="stmt"/>
        <line num="110" count="18" type="stmt"/>
        <line num="111" count="27" type="stmt"/>
        <line num="115" count="18" type="stmt"/>
        <line num="116" count="9" type="cond" truecount="4" falsecount="0"/>
        <line num="120" count="18" type="stmt"/>
        <line num="122" count="27" type="cond" truecount="4" falsecount="0"/>
        <line num="125" count="18" type="stmt"/>
        <line num="126" count="18" type="stmt"/>
        <line num="127" count="18" type="stmt"/>
        <line num="130" count="18" type="stmt"/>
        <line num="132" count="27" type="cond" truecount="4" falsecount="0"/>
        <line num="134" count="18" type="stmt"/>
        <line num="137" count="18" type="stmt"/>
        <line num="143" count="27" type="stmt"/>
        <line num="150" count="27" type="stmt"/>
        <line num="157" count="27" type="stmt"/>
        <line num="159" count="38" type="stmt"/>
        <line num="160" count="18" type="stmt"/>
        <line num="167" count="9" type="stmt"/>
        <line num="170" count="27" type="stmt"/>
        <line num="173" count="9" type="stmt"/>
        <line num="174" count="9" type="stmt"/>
        <line num="175" count="9" type="stmt"/>
        <line num="176" count="27" type="stmt"/>
        <line num="181" count="27" type="stmt"/>
        <line num="188" count="9" type="stmt"/>
        <line num="189" count="0" type="stmt"/>
        <line num="190" count="0" type="stmt"/>
        <line num="194" count="0" type="stmt"/>
        <line num="195" count="0" type="cond" truecount="0" falsecount="2"/>
        <line num="196" count="0" type="stmt"/>
        <line num="198" count="0" type="stmt"/>
        <line num="199" count="0" type="stmt"/>
        <line num="201" count="0" type="stmt"/>
        <line num="211" count="0" type="stmt"/>
        <line num="212" count="0" type="stmt"/>
        <line num="213" count="0" type="stmt"/>
        <line num="215" count="0" type="stmt"/>
        <line num="216" count="0" type="stmt"/>
        <line num="217" count="0" type="stmt"/>
        <line num="218" count="0" type="cond" truecount="0" falsecount="2"/>
        <line num="219" count="0" type="stmt"/>
        <line num="224" count="11" type="stmt"/>
        <line num="225" count="11" type="stmt"/>
        <line num="226" count="10" type="cond" truecount="2" falsecount="0"/>
        <line num="227" count="9" type="stmt"/>
        <line num="228" count="1" type="cond" truecount="1" falsecount="1"/>
        <line num="229" count="1" type="stmt"/>
        <line num="231" count="10" type="stmt"/>
        <line num="237" count="8" type="stmt"/>
        <line num="244" count="0" type="stmt"/>
        <line num="250" count="9" type="stmt"/>
        <line num="253" count="9" type="stmt"/>
        <line num="254" count="9" type="stmt"/>
        <line num="255" count="27" type="stmt"/>
        <line num="261" count="9" type="stmt"/>
        <line num="264" count="9" type="stmt"/>
        <line num="265" count="9" type="stmt"/>
        <line num="266" count="27" type="stmt"/>
        <line num="268" count="9" type="stmt"/>
        <line num="273" count="9" type="stmt"/>
        <line num="276" count="9" type="stmt"/>
        <line num="277" count="9" type="stmt"/>
        <line num="278" count="27" type="stmt"/>
        <line num="280" count="9" type="stmt"/>
        <line num="285" count="9" type="stmt"/>
        <line num="286" count="1" type="stmt"/>
        <line num="287" count="1" type="stmt"/>
        <line num="292" count="9" type="stmt"/>
        <line num="293" count="0" type="stmt"/>
        <line num="297" count="9" type="stmt"/>
        <line num="298" count="9" type="stmt"/>
        <line num="308" count="2" type="stmt"/>
        <line num="309" count="1" type="stmt"/>
        <line num="311" count="1" type="stmt"/>
        <line num="317" count="0" type="cond" truecount="0" falsecount="2"/>
        <line num="318" count="0" type="stmt"/>
        <line num="319" count="0" type="stmt"/>
        <line num="323" count="0" type="stmt"/>
        <line num="324" count="0" type="stmt"/>
        <line num="325" count="0" type="stmt"/>
        <line num="326" count="0" type="stmt"/>
        <line num="327" count="0" type="cond" truecount="0" falsecount="2"/>
        <line num="329" count="0" type="stmt"/>
        <line num="332" count="0" type="stmt"/>
        <line num="333" count="0" type="stmt"/>
        <line num="334" count="0" type="cond" truecount="0" falsecount="2"/>
        <line num="335" count="0" type="stmt"/>
        <line num="337" count="0" type="stmt"/>
        <line num="340" count="0" type="stmt"/>
        <line num="341" count="0" type="cond" truecount="0" falsecount="2"/>
        <line num="342" count="0" type="stmt"/>
        <line num="343" count="0" type="stmt"/>
        <line num="354" count="0" type="stmt"/>
        <line num="360" count="0" type="stmt"/>
        <line num="361" count="0" type="stmt"/>
        <line num="362" count="0" type="cond" truecount="0" falsecount="2"/>
        <line num="363" count="0" type="stmt"/>
        <line num="365" count="0" type="stmt"/>
        <line num="368" count="0" type="stmt"/>
        <line num="369" count="0" type="cond" truecount="0" falsecount="2"/>
        <line num="370" count="0" type="stmt"/>
        <line num="371" count="0" type="stmt"/>
        <line num="382" count="0" type="stmt"/>
        <line num="388" count="2" type="stmt"/>
        <line num="389" count="1" type="stmt"/>
        <line num="390" count="0" type="cond" truecount="0" falsecount="2"/>
        <line num="391" count="0" type="stmt"/>
        <line num="393" count="0" type="stmt"/>
        <line num="396" count="1" type="stmt"/>
        <line num="397" count="1" type="cond" truecount="1" falsecount="1"/>
        <line num="398" count="0" type="stmt"/>
        <line num="399" count="0" type="stmt"/>
        <line num="410" count="0" type="stmt"/>
        <line num="417" count="86" type="stmt"/>
        <line num="418" count="32" type="cond" truecount="2" falsecount="0"/>
        <line num="422" count="4" type="stmt"/>
        <line num="423" count="2" type="cond" truecount="2" falsecount="0"/>
        <line num="427" count="95" type="stmt"/>
        <line num="428" count="32" type="cond" truecount="2" falsecount="0"/>
        <line num="432" count="0" type="stmt"/>
        <line num="433" count="0" type="stmt"/>
        <line num="437" count="0" type="stmt"/>
        <line num="438" count="0" type="stmt"/>
        <line num="442" count="0" type="stmt"/>
        <line num="443" count="0" type="stmt"/>
        <line num="446" count="1" type="stmt"/>
        <line num="447" count="1" type="stmt"/>
        <line num="450" count="0" type="stmt"/>
        <line num="451" count="0" type="stmt"/>
        <line num="454" count="0" type="stmt"/>
        <line num="455" count="0" type="stmt"/>
        <line num="458" count="1" type="stmt"/>
        <line num="461" count="1" type="stmt"/>
        <line num="464" count="1" type="stmt"/>
        <line num="468" count="31" type="stmt"/>
        <line num="473" count="31" type="stmt"/>
        <line num="479" count="9" type="stmt"/>
        <line num="481" count="9" type="stmt"/>
        <line num="484" count="9" type="stmt"/>
        <line num="485" count="9" type="stmt"/>
        <line num="486" count="9" type="stmt"/>
        <line num="489" count="9" type="stmt"/>
        <line num="492" count="9" type="stmt"/>
        <line num="495" count="9" type="stmt"/>
        <line num="502" count="9" type="stmt"/>
        <line num="505" count="9" type="stmt"/>
        <line num="509" count="9" type="stmt"/>
        <line num="512" count="9" type="stmt"/>
        <line num="515" count="9" type="stmt"/>
        <line num="519" count="9" type="stmt"/>
        <line num="522" count="9" type="stmt"/>
        <line num="525" count="9" type="stmt"/>
        <line num="528" count="9" type="stmt"/>
        <line num="531" count="9" type="stmt"/>
        <line num="532" count="9" type="stmt"/>
        <line num="535" count="9" type="stmt"/>
        <line num="539" count="9" type="stmt"/>
        <line num="542" count="9" type="stmt"/>
        <line num="545" count="9" type="stmt"/>
        <line num="548" count="9" type="stmt"/>
        <line num="551" count="9" type="stmt"/>
        <line num="554" count="9" type="stmt"/>
        <line num="558" count="9" type="stmt"/>
        <line num="562" count="9" type="stmt"/>
        <line num="565" count="9" type="stmt"/>
        <line num="566" count="9" type="stmt"/>
        <line num="570" count="9" type="stmt"/>
        <line num="573" count="9" type="stmt"/>
        <line num="576" count="9" type="stmt"/>
        <line num="579" count="9" type="stmt"/>
        <line num="580" count="9" type="stmt"/>
        <line num="581" count="9" type="stmt"/>
        <line num="584" count="9" type="stmt"/>
        <line num="587" count="28" type="stmt"/>
        <line num="588" count="28" type="stmt"/>
        <line num="589" count="28" type="stmt"/>
        <line num="590" count="28" type="cond" truecount="4" falsecount="1"/>
        <line num="593" count="84" type="stmt"/>
        <line num="614" count="0" type="stmt"/>
        <line num="623" count="0" type="cond" truecount="0" falsecount="2"/>
        <line num="629" count="0" type="cond" truecount="0" falsecount="2"/>
        <line num="635" count="0" type="cond" truecount="0" falsecount="2"/>
        <line num="640" count="30" type="stmt"/>
        <line num="655" count="30" type="cond" truecount="1" falsecount="1"/>
        <line num="664" count="30" type="cond" truecount="1" falsecount="1"/>
        <line num="669" count="0" type="stmt"/>
        <line num="676" count="0" type="stmt"/>
        <line num="683" count="0" type="stmt"/>
        <line num="689" count="0" type="stmt"/>
        <line num="695" count="0" type="cond" truecount="0" falsecount="2"/>
        <line num="701" count="0" type="stmt"/>
        <line num="707" count="0" type="stmt"/>
        <line num="711" count="9" type="stmt"/>
      </file>
    </package>
    <package name="pages.userEdit">
      <metrics statements="188" coveredstatements="135" conditionals="122" coveredconditionals="68" methods="44" coveredmethods="33"/>
      <file name="[id].vue" path="/Users/hykwshuhei/src/team-product-vue/qiita-builder/pages/userEdit/[id].vue">
        <metrics statements="188" coveredstatements="135" conditionals="122" coveredconditionals="68" methods="44" coveredmethods="33"/>
        <line num="5" count="7" type="cond" truecount="2" falsecount="0"/>
        <line num="9" count="21" type="cond" truecount="1" falsecount="1"/>
        <line num="10" count="0" type="stmt"/>
        <line num="13" count="9" type="cond" truecount="2" falsecount="0"/>
        <line num="15" count="17" type="stmt"/>
        <line num="16" count="17" type="stmt"/>
        <line num="18" count="0" type="stmt"/>
        <line num="22" count="0" type="stmt"/>
        <line num="23" count="0" type="stmt"/>
        <line num="25" count="0" type="stmt"/>
        <line num="29" count="26" type="cond" truecount="2" falsecount="0"/>
        <line num="31" count="9" type="cond" truecount="2" falsecount="0"/>
        <line num="36" count="7" type="cond" truecount="2" falsecount="0"/>
        <line num="39" count="9" type="stmt"/>
        <line num="42" count="17" type="cond" truecount="1" falsecount="1"/>
        <line num="43" count="17" type="stmt"/>
        <line num="52" count="9" type="stmt"/>
        <line num="57" count="0" type="stmt"/>
        <line num="60" count="27" type="stmt"/>
        <line num="61" count="26" type="stmt"/>
        <line num="65" count="26" type="cond" truecount="1" falsecount="1"/>
        <line num="66" count="52" type="cond" truecount="3" falsecount="1"/>
        <line num="67" count="52" type="cond" truecount="2" falsecount="11"/>
        <line num="68" count="52" type="cond" truecount="1" falsecount="1"/>
        <line num="69" count="52" type="cond" truecount="4" falsecount="2"/>
        <line num="72" count="26" type="stmt"/>
        <line num="73" count="26" type="stmt"/>
        <line num="75" count="21" type="stmt"/>
        <line num="76" count="21" type="stmt"/>
        <line num="81" count="0" type="stmt"/>
        <line num="82" count="0" type="stmt"/>
        <line num="83" count="0" type="stmt"/>
        <line num="84" count="0" type="stmt"/>
        <line num="86" count="0" type="stmt"/>
        <line num="87" count="0" type="stmt"/>
        <line num="88" count="0" type="stmt"/>
        <line num="90" count="5" type="cond" truecount="5" falsecount="2"/>
        <line num="91" count="5" type="stmt"/>
        <line num="92" count="5" type="stmt"/>
        <line num="94" count="0" type="cond" truecount="0" falsecount="6"/>
        <line num="95" count="0" type="stmt"/>
        <line num="96" count="0" type="stmt"/>
        <line num="98" count="0" type="cond" truecount="0" falsecount="4"/>
        <line num="99" count="0" type="stmt"/>
        <line num="100" count="0" type="stmt"/>
        <line num="101" count="0" type="stmt"/>
        <line num="103" count="0" type="cond" truecount="0" falsecount="4"/>
        <line num="104" count="0" type="stmt"/>
        <line num="105" count="0" type="stmt"/>
        <line num="106" count="0" type="stmt"/>
        <line num="108" count="0" type="cond" truecount="0" falsecount="2"/>
        <line num="109" count="0" type="stmt"/>
        <line num="110" count="0" type="stmt"/>
        <line num="112" count="26" type="stmt"/>
        <line num="114" count="0" type="stmt"/>
        <line num="115" count="0" type="stmt"/>
        <line num="117" count="52" type="stmt"/>
        <line num="119" count="5" type="cond" truecount="1" falsecount="1"/>
        <line num="120" count="5" type="stmt"/>
        <line num="126" count="7" type="stmt"/>
        <line num="129" count="7" type="stmt"/>
        <line num="130" count="7" type="stmt"/>
        <line num="131" count="7" type="stmt"/>
        <line num="132" count="7" type="stmt"/>
        <line num="134" count="7" type="stmt"/>
        <line num="154" count="7" type="stmt"/>
        <line num="158" count="7" type="stmt"/>
        <line num="160" count="7" type="stmt"/>
        <line num="161" count="7" type="stmt"/>
        <line num="162" count="20" type="cond" truecount="4" falsecount="0"/>
        <line num="164" count="7" type="stmt"/>
        <line num="165" count="7" type="stmt"/>
        <line num="166" count="7" type="stmt"/>
        <line num="168" count="0" type="stmt"/>
        <line num="171" count="7" type="stmt"/>
        <line num="172" count="7" type="stmt"/>
        <line num="174" count="3" type="stmt"/>
        <line num="175" count="3" type="stmt"/>
        <line num="177" count="3" type="stmt"/>
        <line num="178" count="3" type="cond" truecount="3" falsecount="1"/>
        <line num="179" count="3" type="stmt"/>
        <line num="184" count="3" type="cond" truecount="3" falsecount="1"/>
        <line num="185" count="3" type="stmt"/>
        <line num="193" count="3" type="stmt"/>
        <line num="199" count="0" type="stmt"/>
        <line num="201" count="0" type="stmt"/>
        <line num="202" count="0" type="cond" truecount="0" falsecount="2"/>
        <line num="204" count="0" type="stmt"/>
        <line num="205" count="0" type="stmt"/>
        <line num="207" count="0" type="stmt"/>
        <line num="208" count="0" type="stmt"/>
        <line num="209" count="0" type="stmt"/>
        <line num="214" count="3" type="stmt"/>
        <line num="221" count="1" type="stmt"/>
        <line num="224" count="1" type="stmt"/>
        <line num="225" count="1" type="stmt"/>
        <line num="226" count="2" type="cond" truecount="2" falsecount="0"/>
        <line num="228" count="1" type="stmt"/>
        <line num="229" count="1" type="stmt"/>
        <line num="231" count="1" type="stmt"/>
        <line num="236" count="1" type="stmt"/>
        <line num="237" count="1" type="stmt"/>
        <line num="244" count="0" type="cond" truecount="0" falsecount="2"/>
        <line num="245" count="0" type="stmt"/>
        <line num="247" count="0" type="stmt"/>
        <line num="251" count="1" type="stmt"/>
        <line num="254" count="1" type="stmt"/>
        <line num="257" count="1" type="stmt"/>
        <line num="258" count="1" type="stmt"/>
        <line num="261" count="1" type="stmt"/>
        <line num="263" count="1" type="stmt"/>
        <line num="264" count="4" type="cond" truecount="4" falsecount="0"/>
        <line num="266" count="1" type="stmt"/>
        <line num="267" count="1" type="stmt"/>
        <line num="268" count="1" type="stmt"/>
        <line num="269" count="1" type="stmt"/>
        <line num="271" count="1" type="stmt"/>
        <line num="272" count="1" type="stmt"/>
        <line num="274" count="1" type="stmt"/>
        <line num="275" count="1" type="stmt"/>
        <line num="276" count="1" type="stmt"/>
        <line num="281" count="1" type="stmt"/>
        <line num="282" count="1" type="stmt"/>
        <line num="283" count="1" type="stmt"/>
        <line num="290" count="7" type="stmt"/>
        <line num="291" count="7" type="stmt"/>
        <line num="292" count="7" type="stmt"/>
        <line num="293" count="7" type="stmt"/>
        <line num="294" count="7" type="stmt"/>
        <line num="298" count="7" type="stmt"/>
        <line num="299" count="7" type="stmt"/>
        <line num="300" count="7" type="stmt"/>
        <line num="301" count="7" type="stmt"/>
        <line num="302" count="7" type="stmt"/>
        <line num="303" count="7" type="stmt"/>
        <line num="304" count="7" type="stmt"/>
        <line num="305" count="7" type="stmt"/>
        <line num="306" count="7" type="stmt"/>
        <line num="310" count="7" type="stmt"/>
        <line num="311" count="7" type="stmt"/>
        <line num="312" count="7" type="stmt"/>
        <line num="313" count="7" type="stmt"/>
        <line num="314" count="7" type="stmt"/>
        <line num="315" count="7" type="stmt"/>
        <line num="316" count="7" type="stmt"/>
        <line num="320" count="7" type="stmt"/>
        <line num="321" count="7" type="stmt"/>
        <line num="322" count="7" type="stmt"/>
        <line num="323" count="7" type="stmt"/>
        <line num="327" count="7" type="stmt"/>
        <line num="328" count="7" type="stmt"/>
        <line num="329" count="7" type="stmt"/>
        <line num="330" count="7" type="stmt"/>
        <line num="331" count="7" type="stmt"/>
        <line num="332" count="7" type="stmt"/>
        <line num="336" count="7" type="stmt"/>
        <line num="337" count="7" type="stmt"/>
        <line num="338" count="7" type="stmt"/>
        <line num="339" count="7" type="stmt"/>
        <line num="340" count="7" type="stmt"/>
        <line num="341" count="7" type="stmt"/>
        <line num="342" count="7" type="stmt"/>
        <line num="343" count="7" type="stmt"/>
        <line num="344" count="7" type="stmt"/>
        <line num="345" count="7" type="stmt"/>
        <line num="346" count="7" type="stmt"/>
        <line num="350" count="7" type="stmt"/>
        <line num="352" count="19" type="stmt"/>
        <line num="353" count="19" type="stmt"/>
        <line num="354" count="19" type="cond" truecount="2" falsecount="0"/>
        <line num="365" count="12" type="stmt"/>
        <line num="507" count="0" type="stmt"/>
        <line num="508" count="0" type="stmt"/>
        <line num="509" count="0" type="stmt"/>
        <line num="511" count="0" type="cond" truecount="0" falsecount="2"/>
        <line num="535" count="12" type="stmt"/>
        <line num="566" count="0" type="stmt"/>
        <line num="567" count="0" type="stmt"/>
        <line num="568" count="0" type="stmt"/>
        <line num="570" count="0" type="cond" truecount="0" falsecount="2"/>
        <line num="583" count="0" type="stmt"/>
        <line num="584" count="0" type="stmt"/>
        <line num="585" count="0" type="stmt"/>
        <line num="587" count="0" type="cond" truecount="0" falsecount="2"/>
        <line num="593" count="12" type="stmt"/>
        <line num="605" count="12" type="stmt"/>
        <line num="614" count="7" type="stmt"/>
        <line num="615" count="7" type="stmt"/>
      </file>
    </package>
  </project>
</coverage>
