{"/Users/hykwshuhei/src/team-product-vue/qiita-builder/components/ClubList.vue": {"path":"/Users/hykwshuhei/src/team-product-vue/qiita-builder/components/ClubList.vue","statementMap":{"0":{"start":{"line":3,"column":0},"end":{"line":5,"column":3}},"1":{"start":{"line":6,"column":12},"end":{"line":6,"column":26}},"2":{"start":{"line":7,"column":12},"end":{"line":7,"column":26}},"3":{"start":{"line":8,"column":0},"end":{"line":53,"column":3}},"4":{"start":{"line":17,"column":19},"end":{"line":17,"column":28}},"5":{"start":{"line":18,"column":13},"end":{"line":18,"column":20}},"6":{"start":{"line":19,"column":4},"end":{"line":19,"column":15}},"7":{"start":{"line":20,"column":16},"end":{"line":20,"column":23}},"8":{"start":{"line":21,"column":27},"end":{"line":21,"column":65}},"9":{"start":{"line":22,"column":27},"end":{"line":22,"column":65}},"10":{"start":{"line":24,"column":33},"end":{"line":33,"column":5}},"11":{"start":{"line":26,"column":6},"end":{"line":32,"column":7}},"12":{"start":{"line":27,"column":8},"end":{"line":27,"column":36}},"13":{"start":{"line":28,"column":8},"end":{"line":28,"column":39}},"14":{"start":{"line":30,"column":8},"end":{"line":30,"column":102}},"15":{"start":{"line":31,"column":8},"end":{"line":31,"column":38}},"16":{"start":{"line":35,"column":31},"end":{"line":37,"column":5}},"17":{"start":{"line":36,"column":6},"end":{"line":36,"column":50}},"18":{"start":{"line":39,"column":23},"end":{"line":46,"column":5}},"19":{"start":{"line":47,"column":4},"end":{"line":50,"column":7}},"20":{"start":{"line":51,"column":4},"end":{"line":51,"column":24}},"21":{"start":{"line":55,"column":0},"end":{"line":55,"column":62}},"22":{"start":{"line":56,"column":0},"end":{"line":56,"column":24}},"23":{"start":{"line":57,"column":12},"end":{"line":57,"column":26}},"24":{"start":{"line":58,"column":17},"end":{"line":58,"column":40}},"25":{"start":{"line":59,"column":31},"end":{"line":59,"column":155}},"26":{"start":{"line":60,"column":17},"end":{"line":60,"column":165}},"27":{"start":{"line":61,"column":17},"end":{"line":61,"column":52}},"28":{"start":{"line":62,"column":17},"end":{"line":62,"column":58}},"29":{"start":{"line":63,"column":17},"end":{"line":63,"column":24}},"30":{"start":{"line":64,"column":17},"end":{"line":67,"column":1}},"31":{"start":{"line":69,"column":4},"end":{"line":109,"column":55}},"32":{"start":{"line":75,"column":20},"end":{"line":97,"column":23}},"33":{"start":{"line":85,"column":75},"end":{"line":85,"column":108}},"34":{"start":{"line":86,"column":62},"end":{"line":86,"column":122}},"35":{"start":{"line":111,"column":0},"end":{"line":111,"column":24}},"36":{"start":{"line":112,"column":1},"end":{"line":112,"column":48}}},"fnMap":{"0":{"name":"(anonymous_0)","decl":{"start":{"line":16,"column":9},"end":{"line":16,"column":10}},"loc":{"start":{"line":16,"column":32},"end":{"line":52,"column":3}},"line":16},"1":{"name":"(anonymous_1)","decl":{"start":{"line":24,"column":33},"end":{"line":24,"column":34}},"loc":{"start":{"line":24,"column":45},"end":{"line":33,"column":5}},"line":24},"2":{"name":"(anonymous_2)","decl":{"start":{"line":35,"column":31},"end":{"line":35,"column":32}},"loc":{"start":{"line":35,"column":57},"end":{"line":37,"column":5}},"line":35},"3":{"name":"render","decl":{"start":{"line":68,"column":9},"end":{"line":68,"column":15}},"loc":{"start":{"line":68,"column":63},"end":{"line":110,"column":1}},"line":68},"4":{"name":"(anonymous_4)","decl":{"start":{"line":74,"column":136},"end":{"line":74,"column":137}},"loc":{"start":{"line":74,"column":159},"end":{"line":98,"column":17}},"line":74},"5":{"name":"(anonymous_5)","decl":{"start":{"line":85,"column":55},"end":{"line":85,"column":56}},"loc":{"start":{"line":85,"column":73},"end":{"line":85,"column":110}},"line":85},"6":{"name":"(anonymous_6)","decl":{"start":{"line":86,"column":42},"end":{"line":86,"column":43}},"loc":{"start":{"line":86,"column":60},"end":{"line":86,"column":124}},"line":86}},"branchMap":{"0":{"loc":{"start":{"line":26,"column":6},"end":{"line":32,"column":7}},"type":"if","locations":[{"start":{"line":26,"column":6},"end":{"line":32,"column":7}},{"start":{"line":29,"column":13},"end":{"line":32,"column":7}}],"line":26},"1":{"loc":{"start":{"line":30,"column":33},"end":{"line":30,"column":101}},"type":"cond-expr","locations":[{"start":{"line":30,"column":83},"end":{"line":30,"column":89}},{"start":{"line":30,"column":92},"end":{"line":30,"column":101}}],"line":30},"2":{"loc":{"start":{"line":30,"column":33},"end":{"line":30,"column":80}},"type":"binary-expr","locations":[{"start":{"line":30,"column":33},"end":{"line":30,"column":63}},{"start":{"line":30,"column":67},"end":{"line":30,"column":80}}],"line":30},"3":{"loc":{"start":{"line":100,"column":12},"end":{"line":107,"column":61}},"type":"cond-expr","locations":[{"start":{"line":101,"column":19},"end":{"line":106,"column":18}},{"start":{"line":107,"column":18},"end":{"line":107,"column":61}}],"line":100},"4":{"loc":{"start":{"line":105,"column":50},"end":{"line":105,"column":91}},"type":"cond-expr","locations":[{"start":{"line":105,"column":76},"end":{"line":105,"column":81}},{"start":{"line":105,"column":84},"end":{"line":105,"column":91}}],"line":105}},"s":{"0":9,"1":9,"2":9,"3":9,"4":9,"5":9,"6":9,"7":9,"8":9,"9":9,"10":9,"11":0,"12":0,"13":0,"14":0,"15":0,"16":9,"17":0,"18":9,"19":9,"20":9,"21":9,"22":9,"23":9,"24":9,"25":9,"26":9,"27":9,"28":9,"29":9,"30":9,"31":20,"32":33,"33":0,"34":0,"35":9,"36":9},"f":{"0":9,"1":0,"2":0,"3":20,"4":33,"5":0,"6":0},"b":{"0":[0,0],"1":[0,0],"2":[0,0],"3":[0,20],"4":[0,0]},"inputSourceMap":{"0":"{","1":"\"","2":"v","3":"e","4":"r","5":"s","6":"i","7":"o","8":"n","9":"\"","10":":","11":"3","12":",","13":"\"","14":"s","15":"o","16":"u","17":"r","18":"c","19":"e","20":"s","21":"\"","22":":","23":"[","24":"\"","25":"/","26":"U","27":"s","28":"e","29":"r","30":"s","31":"/","32":"h","33":"y","34":"k","35":"w","36":"s","37":"h","38":"u","39":"h","40":"e","41":"i","42":"/","43":"s","44":"r","45":"c","46":"/","47":"t","48":"e","49":"a","50":"m","51":"-","52":"p","53":"r","54":"o","55":"d","56":"u","57":"c","58":"t","59":"-","60":"v","61":"u","62":"e","63":"/","64":"q","65":"i","66":"i","67":"t","68":"a","69":"-","70":"b","71":"u","72":"i","73":"l","74":"d","75":"e","76":"r","77":"/","78":"c","79":"o","80":"m","81":"p","82":"o","83":"n","84":"e","85":"n","86":"t","87":"s","88":"/","89":"C","90":"l","91":"u","92":"b","93":"L","94":"i","95":"s","96":"t","97":".","98":"v","99":"u","100":"e","101":"\"","102":"]","103":",","104":"\"","105":"n","106":"a","107":"m","108":"e","109":"s","110":"\"","111":":","112":"[","113":"]","114":",","115":"\"","116":"m","117":"a","118":"p","119":"p","120":"i","121":"n","122":"g","123":"s","124":"\"","125":":","126":"\"","127":";","128":";","129":"A","130":"A","131":"0","132":"C","133":"A","134":",","135":"M","136":"A","137":"A","138":"M","139":",","140":"C","141":"A","142":"A","143":"C","144":",","145":"c","146":"A","147":"A","148":"c","149":",","150":"C","151":"A","152":"A","153":"C","154":",","155":"O","156":"A","157":"A","158":"O","159":",","160":"E","161":"A","162":"A","163":"E","164":",","165":"Y","166":"A","167":"A","168":"Y","169":",","170":"E","171":"A","172":"A","173":"E","174":";","175":"E","176":"A","177":"A","178":"E","179":",","180":"K","181":"A","182":"A","183":"K","184":",","185":"E","186":"A","187":"A","188":"E","189":";","190":"A","191":"A","192":"A","193":"K","194":",","195":"C","196":"A","197":"A","198":"C","199":",","200":"C","201":"A","202":"A","203":"C","204":";","205":"A","206":"A","207":"C","208":"7","209":"D","210":",","211":"I","212":"A","213":"A","214":"I","215":",","216":"K","217":"A","218":"A","219":"K","220":",","221":"G","222":"A","223":"A","224":"G","225":",","226":"O","227":"A","228":"A","229":"O","230":",","231":"C","232":"A","233":"A","234":"C","235":",","236":"K","237":"A","238":"A","239":"K","240":",","241":"C","242":"A","243":"A","244":"C","245":";","246":";","247":";","248":";","249":";","250":";","251":";","252":";","253":";","254":";","255":";","256":";","257":";","258":";","259":";","260":"I","261":"A","262":"F","263":"l","264":"B","265":",","266":"I","267":"A","268":"A","269":"I","270":",","271":"g","272":"B","273":"A","274":"A","275":"g","276":"B","277":",","278":"G","279":"A","280":"A","281":"G","282":",","283":"C","284":"A","285":"A","286":"C","287":",","288":"C","289":"A","290":"A","291":"C","292":",","293":"E","294":"A","295":"A","296":"E","297":",","298":"K","299":"A","300":"A","301":"K","302":",","303":"C","304":"A","305":"A","306":"C","307":",","308":"G","309":"A","310":"A","311":"G","312":",","313":"E","314":"A","315":"A","316":"E","317":",","318":"K","319":"A","320":"A","321":"K","322":",","323":"C","324":"A","325":"A","326":"C","327":",","328":"g","329":"B","330":"A","331":"A","332":"g","333":"B","334":",","335":"C","336":"A","337":"A","338":"C","339":";","340":"I","341":"A","342":"O","343":"7","344":"D","345":",","346":"I","347":"A","348":"A","349":"I","350":",","351":"g","352":"B","353":"A","354":"A","355":"g","356":"B","357":",","358":"G","359":"A","360":"A","361":"G","362":",","363":"C","364":"A","365":"A","366":"C","367":",","368":"C","369":"A","370":"A","371":"C","372":",","373":"E","374":"A","375":"A","376":"E","377":",","378":"K","379":"A","380":"A","381":"K","382":",","383":"C","384":"A","385":"A","386":"C","387":",","388":"G","389":"A","390":"A","391":"G","392":",","393":"E","394":"A","395":"A","396":"E","397":",","398":"K","399":"A","400":"A","401":"K","402":",","403":"C","404":"A","405":"A","406":"C","407":",","408":"g","409":"B","410":"A","411":"A","412":"g","413":"B","414":",","415":"C","416":"A","417":"A","418":"C","419":";","420":"I","421":"A","422":"C","423":"7","424":"D","425":";","426":"I","427":"A","428":"C","429":"A","430":",","431":"I","432":"A","433":"A","434":"I","435":",","436":"s","437":"B","438":"A","439":"A","440":"s","441":"B","442":",","443":"G","444":"A","445":"A","446":"G","447":",","448":"Y","449":"A","450":"A","451":"Y","452":";","453":"M","454":"A","455":"C","456":"r","457":"C","458":",","459":"I","460":"A","461":"A","462":"I","463":",","464":"E","465":"A","466":"A","467":"E","468":";","469":"M","470":"A","471":"C","472":"N","473":",","474":"I","475":"A","476":"A","477":"I","478":",","479":"g","480":"B","481":"A","482":"A","483":"g","484":"B","485":",","486":"C","487":"A","488":"A","489":"C","490":",","491":"K","492":"A","493":"A","494":"K","495":",","496":"E","497":"A","498":"A","499":"E","500":";","501":"Q","502":"A","503":"C","504":"x","505":"B","506":",","507":"g","508":"B","509":"A","510":"A","511":"g","512":"B","513":",","514":"C","515":"A","516":"A","517":"C","518":",","519":"K","520":"A","521":"A","522":"K","523":",","524":"G","525":"A","526":"A","527":"G","528":",","529":"E","530":"A","531":"A","532":"E","533":";","534":"Q","535":"A","536":"C","537":"3","538":"B","539":",","540":"g","541":"B","542":"A","543":"A","544":"g","545":"B","546":",","547":"C","548":"A","549":"A","550":"C","551":",","552":"K","553":"A","554":"A","555":"K","556":",","557":"G","558":"A","559":"A","560":"G","561":",","562":"K","563":"A","564":"A","565":"K","566":";","567":"M","568":"A","569":"C","570":"l","571":"C","572":",","573":"C","574":"A","575":"A","576":"C","577":",","578":"M","579":"A","580":"C","581":"I","582":";","583":"Q","584":"A","585":"C","586":"D","587":",","588":"g","589":"B","590":"A","591":"A","592":"g","593":"B","594":",","595":"C","596":"A","597":"A","598":"C","599":",","600":"K","601":"A","602":"A","603":"K","604":",","605":"G","606":"A","607":"A","608":"G","609":",","610":"C","611":"A","612":"A","613":"C","614":",","615":"E","616":"A","617":"A","618":"E","619":",","620":"G","621":"A","622":"A","623":"G","624":",","625":"K","626":"A","627":"A","628":"K","629":",","630":"C","631":"A","632":"A","633":"C","634":",","635":"Q","636":"A","637":"A","638":"Q","639":",","640":"M","641":"A","642":"A","643":"M","644":",","645":"I","646":"A","647":"A","648":"I","649":",","650":"I","651":"A","652":"A","653":"I","654":",","655":"E","656":"A","657":"A","658":"E","659":",","660":"K","661":"A","662":"A","663":"K","664":",","665":"K","666":"A","667":"A","668":"K","669":",","670":"C","671":"A","672":"A","673":"C","674":",","675":"G","676":"A","677":"A","678":"G","679":",","680":"K","681":"A","682":"A","683":"K","684":",","685":"C","686":"A","687":"A","688":"C","689":",","690":"G","691":"A","692":"A","693":"G","694":",","695":"E","696":"A","697":"A","698":"E","699":",","700":"C","701":"A","702":"A","703":"C","704":",","705":"M","706":"A","707":"A","708":"M","709":";","710":"Q","711":"A","712":"C","713":"7","714":"F","715":",","716":"g","717":"B","718":"A","719":"A","720":"g","721":"B","722":",","723":"C","724":"A","725":"A","726":"C","727":",","728":"K","729":"A","730":"A","731":"K","732":",","733":"G","734":"A","735":"A","736":"G","737":",","738":"I","739":"A","740":"A","741":"I","742":";","743":"M","744":"A","745":"C","746":"j","747":"C","748":";","749":"I","750":"A","751":"C","752":"J","753":",","754":"C","755":"A","756":"A","757":"C","758":";","759":"I","760":"A","761":"C","762":"D","763":";","764":"I","765":"A","766":"C","767":"A","768":",","769":"I","770":"A","771":"A","772":"I","773":",","774":"o","775":"B","776":"A","777":"A","778":"o","779":"B","780":",","781":"G","782":"A","783":"A","784":"G","785":",","786":"U","787":"A","788":"A","789":"U","790":",","791":"Q","792":"A","793":"A","794":"Q","795":",","796":"E","797":"A","798":"A","799":"E","800":",","801":"I","802":"A","803":"A","804":"I","805":",","806":"E","807":"A","808":"A","809":"E","810":";","811":"M","812":"A","813":"C","814":"j","815":"D","816":",","817":"I","818":"A","819":"A","820":"I","821":",","822":"C","823":"A","824":"A","825":"C","826":",","827":"q","828":"B","829":"A","830":"A","831":"q","832":"B","833":",","834":"E","835":"A","836":"A","837":"E","838":",","839":"Q","840":"A","841":"A","842":"Q","843":",","844":"E","845":"A","846":"A","847":"E","848":",","849":"I","850":"A","851":"A","852":"I","853":",","854":"C","855":"A","856":"A","857":"C","858":",","859":"C","860":"A","861":"A","862":"C","863":",","864":"C","865":"A","866":"A","867":"C","868":";","869":"I","870":"A","871":"C","872":"j","873":"D","874":",","875":"C","876":"A","877":"A","878":"C","879":";","880":";","881":"I","882":"A","883":"C","884":"D","885":",","886":"I","887":"A","888":"A","889":"I","890":",","891":"Y","892":"A","893":"A","894":"Y","895":",","896":"G","897":"A","898":"A","899":"G","900":";","901":"M","902":"A","903":"A","904":"E","905":",","906":"K","907":"A","908":"A","909":"K","910":",","911":"E","912":"A","913":"A","914":"E","915":",","916":"K","917":"A","918":"A","919":"K","920":";","921":"M","922":"A","923":"A","924":"E","925":",","926":"I","927":"A","928":"A","929":"I","930":",","931":"E","932":"A","933":"A","934":"E","935":",","936":"I","937":"A","938":"A","939":"I","940":";","941":"M","942":"A","943":"A","944":"E","945":",","946":"g","947":"B","948":"A","949":"A","950":"g","951":"B","952":",","953":"E","954":"A","955":"A","956":"E","957":",","958":"g","959":"B","960":"A","961":"A","962":"g","963":"B","964":";","965":"M","966":"A","967":"A","968":"E","969":",","970":"g","971":"B","972":"A","973":"A","974":"g","975":"B","976":",","977":"E","978":"A","979":"A","980":"E","981":",","982":"g","983":"B","984":"A","985":"A","986":"g","987":"B","988":";","989":"M","990":"A","991":"A","992":"E","993":",","994":"s","995":"B","996":"A","997":"A","998":"s","999":"B","1000":",","1001":"E","1002":"A","1003":"A","1004":"E","1005":",","1006":"s","1007":"B","1008":"A","1009":"A","1010":"s","1011":"B","1012":";","1013":"M","1014":"A","1015":"A","1016":"E","1017":",","1018":"o","1019":"B","1020":"A","1021":"A","1022":"o","1023":"B","1024":",","1025":"E","1026":"A","1027":"A","1028":"E","1029":";","1030":"I","1031":"A","1032":"A","1033":"q","1034":"B","1035":",","1036":"C","1037":"A","1038":"A","1039":"C","1040":";","1041":"I","1042":"A","1043":"C","1044":"n","1045":"N","1046":",","1047":"M","1048":"A","1049":"A","1050":"M","1051":",","1052":"C","1053":"A","1054":"A","1055":"C","1056":",","1057":"c","1058":"A","1059":"A","1060":"c","1061":",","1062":"C","1063":"A","1064":"A","1065":"C","1066":",","1067":"Y","1068":"A","1069":"A","1070":"Y","1071":",","1072":"E","1073":"A","1074":"A","1075":"E","1076":",","1077":"i","1078":"B","1079":"A","1080":"A","1081":"i","1082":"B","1083":",","1084":"E","1085":"A","1086":"A","1087":"E","1088":";","1089":"M","1090":"A","1091":"A","1092":"E","1093":",","1094":"U","1095":"A","1096":"A","1097":"U","1098":",","1099":"E","1100":"A","1101":"A","1102":"E","1103":",","1104":"K","1105":"A","1106":"A","1107":"K","1108":";","1109":"M","1110":"A","1111":"A","1112":"E","1113":",","1114":"K","1115":"A","1116":"A","1117":"K","1118":",","1119":"E","1120":"A","1121":"A","1122":"E","1123":";","1124":"I","1125":"A","1126":"A","1127":"K","1128":",","1129":"C","1130":"A","1131":"A","1132":"C","1133":",","1134":"C","1135":"A","1136":"A","1137":"C","1138":";","1139":"I","1140":"A","1141":"C","1142":"1","1143":"F","1144":",","1145":"O","1146":"A","1147":"A","1148":"O","1149":",","1150":"Y","1151":"A","1152":"A","1153":"Y","1154":"\"","1155":",","1156":"\"","1157":"f","1158":"i","1159":"l","1160":"e","1161":"\"","1162":":","1163":"\"","1164":"/","1165":"U","1166":"s","1167":"e","1168":"r","1169":"s","1170":"/","1171":"h","1172":"y","1173":"k","1174":"w","1175":"s","1176":"h","1177":"u","1178":"h","1179":"e","1180":"i","1181":"/","1182":"s","1183":"r","1184":"c","1185":"/","1186":"t","1187":"e","1188":"a","1189":"m","1190":"-","1191":"p","1192":"r","1193":"o","1194":"d","1195":"u","1196":"c","1197":"t","1198":"-","1199":"v","1200":"u","1201":"e","1202":"/","1203":"q","1204":"i","1205":"i","1206":"t","1207":"a","1208":"-","1209":"b","1210":"u","1211":"i","1212":"l","1213":"d","1214":"e","1215":"r","1216":"/","1217":"c","1218":"o","1219":"m","1220":"p","1221":"o","1222":"n","1223":"e","1224":"n","1225":"t","1226":"s","1227":"/","1228":"C","1229":"l","1230":"u","1231":"b","1232":"L","1233":"i","1234":"s","1235":"t","1236":".","1237":"v","1238":"u","1239":"e","1240":"\"","1241":",","1242":"\"","1243":"s","1244":"o","1245":"u","1246":"r","1247":"c","1248":"e","1249":"s","1250":"C","1251":"o","1252":"n","1253":"t","1254":"e","1255":"n","1256":"t","1257":"\"","1258":":","1259":"[","1260":"\"","1261":"<","1262":"t","1263":"e","1264":"m","1265":"p","1266":"l","1267":"a","1268":"t","1269":"e","1270":">","1271":"\\","1272":"n","1273":" ","1274":" ","1275":"<","1276":"!","1277":"-","1278":"-","1279":" ","1280":"サ","1281":"ー","1282":"ク","1283":"ル","1284":" ","1285":"-","1286":"-","1287":">","1288":"\\","1289":"n","1290":" ","1291":" ","1292":"<","1293":"d","1294":"i","1295":"v","1296":" ","1297":"c","1298":"l","1299":"a","1300":"s","1301":"s","1302":"=","1303":"\\","1304":"\"","1305":"p","1306":"t","1307":"-","1308":"1","1309":"2","1310":" ","1311":"m","1312":"r","1313":"-","1314":"5","1315":"\\","1316":"\"","1317":">","1318":"\\","1319":"n","1320":" ","1321":" ","1322":" ","1323":" ","1324":"<","1325":"h","1326":"3","1327":" ","1328":"c","1329":"l","1330":"a","1331":"s","1332":"s","1333":"=","1334":"\\","1335":"\"","1336":"m","1337":"b","1338":"-","1339":"4","1340":" ","1341":"f","1342":"o","1343":"n","1344":"t","1345":"-","1346":"s","1347":"e","1348":"m","1349":"i","1350":"b","1351":"o","1352":"l","1353":"d","1354":" ","1355":"t","1356":"e","1357":"x","1358":"t","1359":"-","1360":"g","1361":"r","1362":"a","1363":"y","1364":"-","1365":"9","1366":"0","1367":"0","1368":" ","1369":"d","1370":"a","1371":"r","1372":"k","1373":":","1374":"t","1375":"e","1376":"x","1377":"t","1378":"-","1379":"w","1380":"h","1381":"i","1382":"t","1383":"e","1384":"\\","1385":"\"","1386":">","1387":"サ","1388":"ー","1389":"ク","1390":"ル","1391":"<","1392":"/","1393":"h","1394":"3","1395":">","1396":"\\","1397":"n","1398":" ","1399":" ","1400":" ","1401":" ","1402":"<","1403":"u","1404":"l","1405":"\\","1406":"n","1407":" ","1408":" ","1409":" ","1410":" ","1411":" ","1412":" ","1413":"c","1414":"l","1415":"a","1416":"s","1417":"s","1418":"=","1419":"\\","1420":"\"","1421":"w","1422":"-","1423":"4","1424":"8","1425":" ","1426":"t","1427":"e","1428":"x","1429":"t","1430":"-","1431":"s","1432":"m","1433":" ","1434":"f","1435":"o","1436":"n","1437":"t","1438":"-","1439":"m","1440":"e","1441":"d","1442":"i","1443":"u","1444":"m","1445":" ","1446":"t","1447":"e","1448":"x","1449":"t","1450":"-","1451":"g","1452":"r","1453":"a","1454":"y","1455":"-","1456":"9","1457":"0","1458":"0","1459":" ","1460":"b","1461":"g","1462":"-","1463":"w","1464":"h","1465":"i","1466":"t","1467":"e","1468":" ","1469":"b","1470":"o","1471":"r","1472":"d","1473":"e","1474":"r","1475":" ","1476":"b","1477":"o","1478":"r","1479":"d","1480":"e","1481":"r","1482":"-","1483":"g","1484":"r","1485":"a","1486":"y","1487":"-","1488":"2","1489":"0","1490":"0","1491":" ","1492":"r","1493":"o","1494":"u","1495":"n","1496":"d","1497":"e","1498":"d","1499":"-","1500":"l","1501":"g","1502":" ","1503":"d","1504":"a","1505":"r","1506":"k","1507":":","1508":"b","1509":"g","1510":"-","1511":"g","1512":"r","1513":"a","1514":"y","1515":"-","1516":"7","1517":"0","1518":"0","1519":" ","1520":"d","1521":"a","1522":"r","1523":"k","1524":":","1525":"b","1526":"o","1527":"r","1528":"d","1529":"e","1530":"r","1531":"-","1532":"g","1533":"r","1534":"a","1535":"y","1536":"-","1537":"6","1538":"0","1539":"0","1540":" ","1541":"d","1542":"a","1543":"r","1544":"k","1545":":","1546":"t","1547":"e","1548":"x","1549":"t","1550":"-","1551":"w","1552":"h","1553":"i","1554":"t","1555":"e","1556":"\\","1557":"\"","1558":"\\","1559":"n","1560":" ","1561":" ","1562":" ","1563":" ","1564":">","1565":"\\","1566":"n","1567":" ","1568":" ","1569":" ","1570":" ","1571":" ","1572":" ","1573":"<","1574":"l","1575":"i","1576":"\\","1577":"n","1578":" ","1579":" ","1580":" ","1581":" ","1582":" ","1583":" ","1584":" ","1585":" ","1586":"v","1587":"-","1588":"f","1589":"o","1590":"r","1591":"=","1592":"\\","1593":"\"","1594":"(","1595":"c","1596":"l","1597":"u","1598":"b","1599":",","1600":" ","1601":"i","1602":"n","1603":"d","1604":"e","1605":"x","1606":")","1607":" ","1608":"i","1609":"n","1610":" ","1611":"c","1612":"l","1613":"u","1614":"b","1615":"N","1616":"a","1617":"m","1618":"e","1619":"\\","1620":"\"","1621":"\\","1622":"n","1623":" ","1624":" ","1625":" ","1626":" ","1627":" ","1628":" ","1629":" ","1630":" ","1631":":","1632":"k","1633":"e","1634":"y","1635":"=","1636":"\\","1637":"\"","1638":"i","1639":"n","1640":"d","1641":"e","1642":"x","1643":"\\","1644":"\"","1645":"\\","1646":"n","1647":" ","1648":" ","1649":" ","1650":" ","1651":" ","1652":" ","1653":" ","1654":" ","1655":"v","1656":"-","1657":"s","1658":"h","1659":"o","1660":"w","1661":"=","1662":"\\","1663":"\"","1664":"i","1665":"n","1666":"d","1667":"e","1668":"x","1669":" ","1670":"<","1671":" ","1672":"v","1673":"i","1674":"s","1675":"i","1676":"b","1677":"l","1678":"e","1679":"C","1680":"l","1681":"u","1682":"b","1683":"I","1684":"t","1685":"e","1686":"m","1687":"s","1688":"\\","1689":"\"","1690":"\\","1691":"n","1692":" ","1693":" ","1694":" ","1695":" ","1696":" ","1697":" ","1698":" ","1699":" ","1700":"c","1701":"l","1702":"a","1703":"s","1704":"s","1705":"=","1706":"\\","1707":"\"","1708":"w","1709":"-","1710":"f","1711":"u","1712":"l","1713":"l","1714":" ","1715":"b","1716":"o","1717":"r","1718":"d","1719":"e","1720":"r","1721":"-","1722":"b","1723":" ","1724":"b","1725":"o","1726":"r","1727":"d","1728":"e","1729":"r","1730":"-","1731":"g","1732":"r","1733":"a","1734":"y","1735":"-","1736":"2","1737":"0","1738":"0","1739":" ","1740":"r","1741":"o","1742":"u","1743":"n","1744":"d","1745":"e","1746":"d","1747":"-","1748":"t","1749":"-","1750":"l","1751":"g","1752":" ","1753":"d","1754":"a","1755":"r","1756":"k","1757":":","1758":"b","1759":"o","1760":"r","1761":"d","1762":"e","1763":"r","1764":"-","1765":"g","1766":"r","1767":"a","1768":"y","1769":"-","1770":"6","1771":"0","1772":"0","1773":"\\","1774":"\"","1775":"\\","1776":"n","1777":" ","1778":" ","1779":" ","1780":" ","1781":" ","1782":" ","1783":">","1784":"\\","1785":"n","1786":" ","1787":" ","1788":" ","1789":" ","1790":" ","1791":" ","1792":" ","1793":" ","1794":"<","1795":"d","1796":"i","1797":"v","1798":" ","1799":"c","1800":"l","1801":"a","1802":"s","1803":"s","1804":"=","1805":"\\","1806":"\"","1807":"f","1808":"l","1809":"e","1810":"x","1811":" ","1812":"i","1813":"t","1814":"e","1815":"m","1816":"s","1817":"-","1818":"c","1819":"e","1820":"n","1821":"t","1822":"e","1823":"r","1824":" ","1825":"p","1826":"l","1827":"-","1828":"3","1829":"\\","1830":"\"","1831":">","1832":"\\","1833":"n","1834":" ","1835":" ","1836":" ","1837":" ","1838":" ","1839":" ","1840":" ","1841":" ","1842":" ","1843":" ","1844":"<","1845":"i","1846":"n","1847":"p","1848":"u","1849":"t","1850":"\\","1851":"n","1852":" ","1853":" ","1854":" ","1855":" ","1856":" ","1857":" ","1858":" ","1859":" ","1860":" ","1861":" ","1862":" ","1863":" ","1864":":","1865":"i","1866":"d","1867":"=","1868":"\\","1869":"\"","1870":"'","1871":"c","1872":"l","1873":"u","1874":"b","1875":"-","1876":"c","1877":"h","1878":"e","1879":"c","1880":"k","1881":"b","1882":"o","1883":"x","1884":"-","1885":"'","1886":" ","1887":"+","1888":" ","1889":"i","1890":"n","1891":"d","1892":"e","1893":"x","1894":"\\","1895":"\"","1896":"\\","1897":"n","1898":" ","1899":" ","1900":" ","1901":" ","1902":" ","1903":" ","1904":" ","1905":" ","1906":" ","1907":" ","1908":" ","1909":" ","1910":"t","1911":"y","1912":"p","1913":"e","1914":"=","1915":"\\","1916":"\"","1917":"c","1918":"h","1919":"e","1920":"c","1921":"k","1922":"b","1923":"o","1924":"x","1925":"\\","1926":"\"","1927":"\\","1928":"n","1929":" ","1930":" ","1931":" ","1932":" ","1933":" ","1934":" ","1935":" ","1936":" ","1937":" ","1938":" ","1939":" ","1940":" ","1941":"v","1942":"a","1943":"l","1944":"u","1945":"e","1946":"=","1947":"\\","1948":"\"","1949":"c","1950":"l","1951":"u","1952":"b","1953":"\\","1954":"\"","1955":"\\","1956":"n","1957":" ","1958":" ","1959":" ","1960":" ","1961":" ","1962":" ","1963":" ","1964":" ","1965":" ","1966":" ","1967":" ","1968":" ","1969":"c","1970":"l","1971":"a","1972":"s","1973":"s","1974":"=","1975":"\\","1976":"\"","1977":"w","1978":"-","1979":"4","1980":" ","1981":"h","1982":"-","1983":"4","1984":" ","1985":"t","1986":"e","1987":"x","1988":"t","1989":"-","1990":"b","1991":"l","1992":"u","1993":"e","1994":"-","1995":"6","1996":"0","1997":"0","1998":" ","1999":"b","2000":"g","2001":"-","2002":"g","2003":"r","2004":"a","2005":"y","2006":"-","2007":"1","2008":"0","2009":"0","2010":" ","2011":"b","2012":"o","2013":"r","2014":"d","2015":"e","2016":"r","2017":"-","2018":"g","2019":"r","2020":"a","2021":"y","2022":"-","2023":"3","2024":"0","2025":"0","2026":" ","2027":"r","2028":"o","2029":"u","2030":"n","2031":"d","2032":"e","2033":"d","2034":" ","2035":"f","2036":"o","2037":"c","2038":"u","2039":"s","2040":":","2041":"r","2042":"i","2043":"n","2044":"g","2045":"-","2046":"b","2047":"l","2048":"u","2049":"e","2050":"-","2051":"5","2052":"0","2053":"0","2054":" ","2055":"d","2056":"a","2057":"r","2058":"k","2059":":","2060":"f","2061":"o","2062":"c","2063":"u","2064":"s","2065":":","2066":"r","2067":"i","2068":"n","2069":"g","2070":"-","2071":"b","2072":"l","2073":"u","2074":"e","2075":"-","2076":"6","2077":"0","2078":"0","2079":" ","2080":"d","2081":"a","2082":"r","2083":"k","2084":":","2085":"r","2086":"i","2087":"n","2088":"g","2089":"-","2090":"o","2091":"f","2092":"f","2093":"s","2094":"e","2095":"t","2096":"-","2097":"g","2098":"r","2099":"a","2100":"y","2101":"-","2102":"7","2103":"0","2104":"0","2105":" ","2106":"d","2107":"a","2108":"r","2109":"k","2110":":","2111":"f","2112":"o","2113":"c","2114":"u","2115":"s","2116":":","2117":"r","2118":"i","2119":"n","2120":"g","2121":"-","2122":"o","2123":"f","2124":"f","2125":"s","2126":"e","2127":"t","2128":"-","2129":"g","2130":"r","2131":"a","2132":"y","2133":"-","2134":"7","2135":"0","2136":"0","2137":" ","2138":"f","2139":"o","2140":"c","2141":"u","2142":"s","2143":":","2144":"r","2145":"i","2146":"n","2147":"g","2148":"-","2149":"2","2150":" ","2151":"d","2152":"a","2153":"r","2154":"k","2155":":","2156":"b","2157":"g","2158":"-","2159":"g","2160":"r","2161":"a","2162":"y","2163":"-","2164":"6","2165":"0","2166":"0","2167":" ","2168":"d","2169":"a","2170":"r","2171":"k","2172":":","2173":"b","2174":"o","2175":"r","2176":"d","2177":"e","2178":"r","2179":"-","2180":"g","2181":"r","2182":"a","2183":"y","2184":"-","2185":"5","2186":"0","2187":"0","2188":" ","2189":"c","2190":"u","2191":"r","2192":"s","2193":"o","2194":"r","2195":"-","2196":"p","2197":"o","2198":"i","2199":"n","2200":"t","2201":"e","2202":"r","2203":"\\","2204":"\"","2205":"\\","2206":"n","2207":" ","2208":" ","2209":" ","2210":" ","2211":" ","2212":" ","2213":" ","2214":" ","2215":" ","2216":" ","2217":" ","2218":" ","2219":"v","2220":"-","2221":"m","2222":"o","2223":"d","2224":"e","2225":"l","2226":"=","2227":"\\","2228":"\"","2229":"c","2230":"l","2231":"u","2232":"b","2233":".","2234":"c","2235":"h","2236":"e","2237":"c","2238":"k","2239":"e","2240":"d","2241":"\\","2242":"\"","2243":"\\","2244":"n","2245":" ","2246":" ","2247":" ","2248":" ","2249":" ","2250":" ","2251":" ","2252":" ","2253":" ","2254":" ","2255":" ","2256":" ","2257":"@","2258":"c","2259":"h","2260":"a","2261":"n","2262":"g","2263":"e","2264":"=","2265":"\\","2266":"\"","2267":"h","2268":"a","2269":"n","2270":"d","2271":"l","2272":"e","2273":"C","2274":"h","2275":"e","2276":"c","2277":"k","2278":"b","2279":"o","2280":"x","2281":"C","2282":"h","2283":"a","2284":"n","2285":"g","2286":"e","2287":"(","2288":"c","2289":"l","2290":"u","2291":"b","2292":"N","2293":"a","2294":"m","2295":"e","2296":",","2297":" ","2298":"c","2299":"l","2300":"u","2301":"b","2302":")","2303":"\\","2304":"\"","2305":"\\","2306":"n","2307":" ","2308":" ","2309":" ","2310":" ","2311":" ","2312":" ","2313":" ","2314":" ","2315":" ","2316":" ","2317":"/","2318":">","2319":"\\","2320":"n","2321":" ","2322":" ","2323":" ","2324":" ","2325":" ","2326":" ","2327":" ","2328":" ","2329":" ","2330":" ","2331":"<","2332":"l","2333":"a","2334":"b","2335":"e","2336":"l","2337":"\\","2338":"n","2339":" ","2340":" ","2341":" ","2342":" ","2343":" ","2344":" ","2345":" ","2346":" ","2347":" ","2348":" ","2349":" ","2350":" ","2351":":","2352":"f","2353":"o","2354":"r","2355":"=","2356":"\\","2357":"\"","2358":"'","2359":"c","2360":"l","2361":"u","2362":"b","2363":"-","2364":"c","2365":"h","2366":"e","2367":"c","2368":"k","2369":"b","2370":"o","2371":"x","2372":"-","2373":"'","2374":" ","2375":"+","2376":" ","2377":"i","2378":"n","2379":"d","2380":"e","2381":"x","2382":"\\","2383":"\"","2384":"\\","2385":"n","2386":" ","2387":" ","2388":" ","2389":" ","2390":" ","2391":" ","2392":" ","2393":" ","2394":" ","2395":" ","2396":" ","2397":" ","2398":"c","2399":"l","2400":"a","2401":"s","2402":"s","2403":"=","2404":"\\","2405":"\"","2406":"w","2407":"-","2408":"f","2409":"u","2410":"l","2411":"l","2412":" ","2413":"p","2414":"y","2415":"-","2416":"3","2417":" ","2418":"m","2419":"l","2420":"-","2421":"2","2422":" ","2423":"t","2424":"e","2425":"x","2426":"t","2427":"-","2428":"s","2429":"m","2430":" ","2431":"f","2432":"o","2433":"n","2434":"t","2435":"-","2436":"m","2437":"e","2438":"d","2439":"i","2440":"u","2441":"m","2442":" ","2443":"t","2444":"e","2445":"x","2446":"t","2447":"-","2448":"g","2449":"r","2450":"a","2451":"y","2452":"-","2453":"9","2454":"0","2455":"0","2456":" ","2457":"d","2458":"a","2459":"r","2460":"k","2461":":","2462":"t","2463":"e","2464":"x","2465":"t","2466":"-","2467":"g","2468":"r","2469":"a","2470":"y","2471":"-","2472":"3","2473":"0","2474":"0","2475":" ","2476":"c","2477":"u","2478":"r","2479":"s","2480":"o","2481":"r","2482":"-","2483":"p","2484":"o","2485":"i","2486":"n","2487":"t","2488":"e","2489":"r","2490":"\\","2491":"\"","2492":"\\","2493":"n","2494":" ","2495":" ","2496":" ","2497":" ","2498":" ","2499":" ","2500":" ","2501":" ","2502":" ","2503":" ","2504":" ","2505":" ","2506":">","2507":"{","2508":"{","2509":" ","2510":"c","2511":"l","2512":"u","2513":"b","2514":".","2515":"c","2516":"l","2517":"u","2518":"b","2519":"N","2520":"a","2521":"m","2522":"e","2523":" ","2524":"}","2525":"}","2526":"<","2527":"/","2528":"l","2529":"a","2530":"b","2531":"e","2532":"l","2533":"\\","2534":"n","2535":" ","2536":" ","2537":" ","2538":" ","2539":" ","2540":" ","2541":" ","2542":" ","2543":" ","2544":" ","2545":">","2546":"\\","2547":"n","2548":" ","2549":" ","2550":" ","2551":" ","2552":" ","2553":" ","2554":" ","2555":" ","2556":"<","2557":"/","2558":"d","2559":"i","2560":"v","2561":">","2562":"\\","2563":"n","2564":" ","2565":" ","2566":" ","2567":" ","2568":" ","2569":" ","2570":"<","2571":"/","2572":"l","2573":"i","2574":">","2575":"\\","2576":"n","2577":" ","2578":" ","2579":" ","2580":" ","2581":"<","2582":"/","2583":"u","2584":"l","2585":">","2586":"\\","2587":"n","2588":" ","2589":" ","2590":" ","2591":" ","2592":"<","2593":"d","2594":"i","2595":"v","2596":" ","2597":"v","2598":"-","2599":"i","2600":"f","2601":"=","2602":"\\","2603":"\"","2604":"c","2605":"l","2606":"u","2607":"b","2608":"N","2609":"a","2610":"m","2611":"e","2612":".","2613":"l","2614":"e","2615":"n","2616":"g","2617":"t","2618":"h","2619":" ","2620":">","2621":" ","2622":"1","2623":"0","2624":"\\","2625":"\"","2626":" ","2627":"c","2628":"l","2629":"a","2630":"s","2631":"s","2632":"=","2633":"\\","2634":"\"","2635":"t","2636":"e","2637":"x","2638":"t","2639":"-","2640":"r","2641":"i","2642":"g","2643":"h","2644":"t","2645":"\\","2646":"\"","2647":">","2648":"\\","2649":"n","2650":" ","2651":" ","2652":" ","2653":" ","2654":" ","2655":" ","2656":"<","2657":"b","2658":"u","2659":"t","2660":"t","2661":"o","2662":"n","2663":"\\","2664":"n","2665":" ","2666":" ","2667":" ","2668":" ","2669":" ","2670":" ","2671":" ","2672":" ","2673":"c","2674":"l","2675":"a","2676":"s","2677":"s","2678":"=","2679":"\\","2680":"\"","2681":"t","2682":"e","2683":"x","2684":"t","2685":"-","2686":"b","2687":"l","2688":"u","2689":"e","2690":"-","2691":"6","2692":"0","2693":"0","2694":" ","2695":"t","2696":"e","2697":"x","2698":"t","2699":"-","2700":"s","2701":"m","2702":" ","2703":"f","2704":"o","2705":"n","2706":"t","2707":"-","2708":"m","2709":"e","2710":"d","2711":"i","2712":"u","2713":"m","2714":"\\","2715":"\"","2716":"\\","2717":"n","2718":" ","2719":" ","2720":" ","2721":" ","2722":" ","2723":" ","2724":" ","2725":" ","2726":"@","2727":"c","2728":"l","2729":"i","2730":"c","2731":"k","2732":"=","2733":"\\","2734":"\"","2735":"t","2736":"o","2737":"g","2738":"g","2739":"l","2740":"e","2741":"S","2742":"h","2743":"o","2744":"w","2745":"A","2746":"l","2747":"l","2748":"C","2749":"l","2750":"u","2751":"b","2752":"I","2753":"t","2754":"e","2755":"m","2756":"s","2757":"\\","2758":"\"","2759":"\\","2760":"n","2761":" ","2762":" ","2763":" ","2764":" ","2765":" ","2766":" ","2767":">","2768":"\\","2769":"n","2770":" ","2771":" ","2772":" ","2773":" ","2774":" ","2775":" ","2776":" ","2777":" ","2778":"{","2779":"{","2780":" ","2781":"s","2782":"h","2783":"o","2784":"w","2785":"A","2786":"l","2787":"l","2788":"C","2789":"l","2790":"u","2791":"b","2792":"I","2793":"t","2794":"e","2795":"m","2796":"s","2797":" ","2798":"?","2799":" ","2800":"\\","2801":"\"","2802":"閉","2803":"じ","2804":"る","2805":"\\","2806":"\"","2807":" ","2808":":","2809":" ","2810":"\\","2811":"\"","2812":"も","2813":"っ","2814":"と","2815":"見","2816":"る","2817":"\\","2818":"\"","2819":" ","2820":"}","2821":"}","2822":"\\","2823":"n","2824":" ","2825":" ","2826":" ","2827":" ","2828":" ","2829":" ","2830":"<","2831":"/","2832":"b","2833":"u","2834":"t","2835":"t","2836":"o","2837":"n","2838":">","2839":"\\","2840":"n","2841":" ","2842":" ","2843":" ","2844":" ","2845":"<","2846":"/","2847":"d","2848":"i","2849":"v","2850":">","2851":"\\","2852":"n","2853":" ","2854":" ","2855":"<","2856":"/","2857":"d","2858":"i","2859":"v","2860":">","2861":"\\","2862":"n","2863":"<","2864":"/","2865":"t","2866":"e","2867":"m","2868":"p","2869":"l","2870":"a","2871":"t","2872":"e","2873":">","2874":"\\","2875":"n","2876":"\\","2877":"n","2878":"<","2879":"s","2880":"c","2881":"r","2882":"i","2883":"p","2884":"t","2885":" ","2886":"s","2887":"e","2888":"t","2889":"u","2890":"p","2891":" ","2892":"l","2893":"a","2894":"n","2895":"g","2896":"=","2897":"\\","2898":"\"","2899":"t","2900":"s","2901":"\\","2902":"\"","2903":">","2904":"\\","2905":"n","2906":"i","2907":"m","2908":"p","2909":"o","2910":"r","2911":"t","2912":" ","2913":"{","2914":" ","2915":"r","2916":"e","2917":"f","2918":" ","2919":"}","2920":" ","2921":"f","2922":"r","2923":"o","2924":"m","2925":" ","2926":"\\","2927":"\"","2928":"v","2929":"u","2930":"e","2931":"\\","2932":"\"","2933":";","2934":"\\","2935":"n","2936":"\\","2937":"n","2938":"c","2939":"o","2940":"n","2941":"s","2942":"t","2943":" ","2944":"p","2945":"r","2946":"o","2947":"p","2948":"s","2949":" ","2950":"=","2951":" ","2952":"d","2953":"e","2954":"f","2955":"i","2956":"n","2957":"e","2958":"P","2959":"r","2960":"o","2961":"p","2962":"s","2963":"(","2964":"{","2965":"\\","2966":"n","2967":" ","2968":" ","2969":"c","2970":"l","2971":"u","2972":"b","2973":"N","2974":"a","2975":"m","2976":"e","2977":":","2978":" ","2979":"A","2980":"r","2981":"r","2982":"a","2983":"y","2984":",","2985":"\\","2986":"n","2987":" ","2988":" ","2989":"v","2990":"i","2991":"s","2992":"i","2993":"b","2994":"l","2995":"e","2996":"C","2997":"l","2998":"u","2999":"b","3000":"I","3001":"t","3002":"e","3003":"m","3004":"s","3005":":","3006":" ","3007":"N","3008":"u","3009":"m","3010":"b","3011":"e","3012":"r","3013":",","3014":"\\","3015":"n","3016":" ","3017":" ","3018":"s","3019":"h","3020":"o","3021":"w","3022":"A","3023":"l","3024":"l","3025":"C","3026":"l","3027":"u","3028":"b","3029":"I","3030":"t","3031":"e","3032":"m","3033":"s","3034":":","3035":" ","3036":"B","3037":"o","3038":"o","3039":"l","3040":"e","3041":"a","3042":"n","3043":",","3044":"\\","3045":"n","3046":"}","3047":")","3048":";","3049":"\\","3050":"n","3051":"c","3052":"o","3053":"n","3054":"s","3055":"t","3056":" ","3057":"e","3058":"m","3059":"i","3060":"t","3061":" ","3062":"=","3063":" ","3064":"d","3065":"e","3066":"f","3067":"i","3068":"n","3069":"e","3070":"E","3071":"m","3072":"i","3073":"t","3074":"s","3075":"(","3076":"[","3077":"\\","3078":"\"","3079":"c","3080":"l","3081":"u","3082":"b","3083":"c","3084":"h","3085":"e","3086":"c","3087":"k","3088":"b","3089":"o","3090":"x","3091":"-","3092":"c","3093":"h","3094":"a","3095":"n","3096":"g","3097":"e","3098":"\\","3099":"\"","3100":"]","3101":")","3102":";","3103":"\\","3104":"n","3105":"c","3106":"o","3107":"n","3108":"s","3109":"t","3110":" ","3111":"v","3112":"i","3113":"s","3114":"i","3115":"b","3116":"l","3117":"e","3118":"C","3119":"l","3120":"u","3121":"b","3122":"I","3123":"t","3124":"e","3125":"m","3126":"s","3127":" ","3128":"=","3129":" ","3130":"r","3131":"e","3132":"f","3133":"(","3134":"p","3135":"r","3136":"o","3137":"p","3138":"s","3139":".","3140":"v","3141":"i","3142":"s","3143":"i","3144":"b","3145":"l","3146":"e","3147":"C","3148":"l","3149":"u","3150":"b","3151":"I","3152":"t","3153":"e","3154":"m","3155":"s","3156":")","3157":";","3158":"\\","3159":"n","3160":"c","3161":"o","3162":"n","3163":"s","3164":"t","3165":" ","3166":"s","3167":"h","3168":"o","3169":"w","3170":"A","3171":"l","3172":"l","3173":"C","3174":"l","3175":"u","3176":"b","3177":"I","3178":"t","3179":"e","3180":"m","3181":"s","3182":" ","3183":"=","3184":" ","3185":"r","3186":"e","3187":"f","3188":"(","3189":"p","3190":"r","3191":"o","3192":"p","3193":"s","3194":".","3195":"s","3196":"h","3197":"o","3198":"w","3199":"A","3200":"l","3201":"l","3202":"C","3203":"l","3204":"u","3205":"b","3206":"I","3207":"t","3208":"e","3209":"m","3210":"s","3211":")","3212":";","3213":"\\","3214":"n","3215":"\\","3216":"n","3217":"/","3218":"/","3219":" ","3220":"プ","3221":"ロ","3222":"グ","3223":"ラ","3224":"ミ","3225":"ン","3226":"グ","3227":"言","3228":"語","3229":"の","3230":"表","3231":"示","3232":"数","3233":"を","3234":"変","3235":"更","3236":"す","3237":"る","3238":"\\","3239":"n","3240":"c","3241":"o","3242":"n","3243":"s","3244":"t","3245":" ","3246":"t","3247":"o","3248":"g","3249":"g","3250":"l","3251":"e","3252":"S","3253":"h","3254":"o","3255":"w","3256":"A","3257":"l","3258":"l","3259":"C","3260":"l","3261":"u","3262":"b","3263":"I","3264":"t","3265":"e","3266":"m","3267":"s","3268":" ","3269":"=","3270":" ","3271":"(","3272":")","3273":" ","3274":"=","3275":">","3276":" ","3277":"{","3278":"\\","3279":"n","3280":" ","3281":" ","3282":"i","3283":"f","3284":" ","3285":"(","3286":"s","3287":"h","3288":"o","3289":"w","3290":"A","3291":"l","3292":"l","3293":"C","3294":"l","3295":"u","3296":"b","3297":"I","3298":"t","3299":"e","3300":"m","3301":"s","3302":".","3303":"v","3304":"a","3305":"l","3306":"u","3307":"e","3308":")","3309":" ","3310":"{","3311":"\\","3312":"n","3313":" ","3314":" ","3315":" ","3316":" ","3317":"v","3318":"i","3319":"s","3320":"i","3321":"b","3322":"l","3323":"e","3324":"C","3325":"l","3326":"u","3327":"b","3328":"I","3329":"t","3330":"e","3331":"m","3332":"s","3333":".","3334":"v","3335":"a","3336":"l","3337":"u","3338":"e","3339":" ","3340":"=","3341":" ","3342":"1","3343":"0","3344":";","3345":"\\","3346":"n","3347":" ","3348":" ","3349":" ","3350":" ","3351":"s","3352":"h","3353":"o","3354":"w","3355":"A","3356":"l","3357":"l","3358":"C","3359":"l","3360":"u","3361":"b","3362":"I","3363":"t","3364":"e","3365":"m","3366":"s","3367":".","3368":"v","3369":"a","3370":"l","3371":"u","3372":"e","3373":" ","3374":"=","3375":" ","3376":"f","3377":"a","3378":"l","3379":"s","3380":"e","3381":";","3382":"\\","3383":"n","3384":" ","3385":" ","3386":"}","3387":" ","3388":"e","3389":"l","3390":"s","3391":"e","3392":" ","3393":"{","3394":"\\","3395":"n","3396":" ","3397":" ","3398":" ","3399":" ","3400":"v","3401":"i","3402":"s","3403":"i","3404":"b","3405":"l","3406":"e","3407":"C","3408":"l","3409":"u","3410":"b","3411":"I","3412":"t","3413":"e","3414":"m","3415":"s","3416":".","3417":"v","3418":"a","3419":"l","3420":"u","3421":"e","3422":" ","3423":"=","3424":" ","3425":"p","3426":"r","3427":"o","3428":"p","3429":"s","3430":".","3431":"c","3432":"l","3433":"u","3434":"b","3435":"N","3436":"a","3437":"m","3438":"e","3439":"?","3440":".","3441":"l","3442":"e","3443":"n","3444":"g","3445":"t","3446":"h","3447":";","3448":"\\","3449":"n","3450":" ","3451":" ","3452":" ","3453":" ","3454":"s","3455":"h","3456":"o","3457":"w","3458":"A","3459":"l","3460":"l","3461":"C","3462":"l","3463":"u","3464":"b","3465":"I","3466":"t","3467":"e","3468":"m","3469":"s","3470":".","3471":"v","3472":"a","3473":"l","3474":"u","3475":"e","3476":" ","3477":"=","3478":" ","3479":"t","3480":"r","3481":"u","3482":"e","3483":";","3484":"\\","3485":"n","3486":" ","3487":" ","3488":"}","3489":"\\","3490":"n","3491":"}","3492":";","3493":"\\","3494":"n","3495":"\\","3496":"n","3497":"/","3498":"/","3499":" ","3500":"チ","3501":"ェ","3502":"ッ","3503":"ク","3504":"ボ","3505":"ッ","3506":"ク","3507":"ス","3508":"が","3509":"変","3510":"更","3511":"さ","3512":"れ","3513":"た","3514":"と","3515":"き","3516":"に","3517":"親","3518":"コ","3519":"ン","3520":"ポ","3521":"ー","3522":"ネ","3523":"ン","3524":"ト","3525":"に","3526":"イ","3527":"ベ","3528":"ン","3529":"ト","3530":"を","3531":"発","3532":"火","3533":"さ","3534":"せ","3535":"る","3536":"\\","3537":"n","3538":"c","3539":"o","3540":"n","3541":"s","3542":"t","3543":" ","3544":"h","3545":"a","3546":"n","3547":"d","3548":"l","3549":"e","3550":"C","3551":"h","3552":"e","3553":"c","3554":"k","3555":"b","3556":"o","3557":"x","3558":"C","3559":"h","3560":"a","3561":"n","3562":"g","3563":"e","3564":" ","3565":"=","3566":" ","3567":"(","3568":"c","3569":"l","3570":"u","3571":"b","3572":"N","3573":"a","3574":"m","3575":"e","3576":",","3577":" ","3578":"c","3579":"l","3580":"u","3581":"b","3582":")","3583":" ","3584":"=","3585":">","3586":" ","3587":"{","3588":"\\","3589":"n","3590":" ","3591":" ","3592":"e","3593":"m","3594":"i","3595":"t","3596":"(","3597":"\\","3598":"\"","3599":"c","3600":"l","3601":"u","3602":"b","3603":"c","3604":"h","3605":"e","3606":"c","3607":"k","3608":"b","3609":"o","3610":"x","3611":"-","3612":"c","3613":"h","3614":"a","3615":"n","3616":"g","3617":"e","3618":"\\","3619":"\"","3620":",","3621":" ","3622":"c","3623":"l","3624":"u","3625":"b","3626":"N","3627":"a","3628":"m","3629":"e","3630":",","3631":" ","3632":"c","3633":"l","3634":"u","3635":"b","3636":")","3637":";","3638":" ","3639":"/","3640":"/","3641":" ","3642":"親","3643":"コ","3644":"ン","3645":"ポ","3646":"ー","3647":"ネ","3648":"ン","3649":"ト","3650":"に","3651":"イ","3652":"ベ","3653":"ン","3654":"ト","3655":"を","3656":"発","3657":"火","3658":"さ","3659":"せ","3660":"る","3661":"\\","3662":"n","3663":"}","3664":";","3665":"\\","3666":"n","3667":"<","3668":"/","3669":"s","3670":"c","3671":"r","3672":"i","3673":"p","3674":"t","3675":">","3676":"\\","3677":"n","3678":"\"","3679":"]","3680":"}"},"_coverageSchema":"1a1c01bbd47fc00a2c39e90264f33305004495a9","hash":"50e81f8b374eca664b4f3e2e2c013178785ac2e1"}
,"/Users/hykwshuhei/src/team-product-vue/qiita-builder/components/LanguageList.vue": {"path":"/Users/hykwshuhei/src/team-product-vue/qiita-builder/components/LanguageList.vue","statementMap":{"0":{"start":{"line":3,"column":0},"end":{"line":5,"column":3}},"1":{"start":{"line":6,"column":12},"end":{"line":6,"column":26}},"2":{"start":{"line":7,"column":12},"end":{"line":7,"column":26}},"3":{"start":{"line":8,"column":0},"end":{"line":53,"column":3}},"4":{"start":{"line":17,"column":19},"end":{"line":17,"column":28}},"5":{"start":{"line":18,"column":13},"end":{"line":18,"column":20}},"6":{"start":{"line":19,"column":4},"end":{"line":19,"column":15}},"7":{"start":{"line":20,"column":16},"end":{"line":20,"column":23}},"8":{"start":{"line":21,"column":26},"end":{"line":21,"column":63}},"9":{"start":{"line":22,"column":26},"end":{"line":22,"column":63}},"10":{"start":{"line":24,"column":32},"end":{"line":33,"column":5}},"11":{"start":{"line":26,"column":6},"end":{"line":32,"column":7}},"12":{"start":{"line":27,"column":8},"end":{"line":27,"column":35}},"13":{"start":{"line":28,"column":8},"end":{"line":28,"column":38}},"14":{"start":{"line":30,"column":8},"end":{"line":30,"column":100}},"15":{"start":{"line":31,"column":8},"end":{"line":31,"column":37}},"16":{"start":{"line":35,"column":31},"end":{"line":37,"column":5}},"17":{"start":{"line":36,"column":6},"end":{"line":36,"column":52}},"18":{"start":{"line":39,"column":23},"end":{"line":46,"column":5}},"19":{"start":{"line":47,"column":4},"end":{"line":50,"column":7}},"20":{"start":{"line":51,"column":4},"end":{"line":51,"column":24}},"21":{"start":{"line":55,"column":0},"end":{"line":55,"column":62}},"22":{"start":{"line":56,"column":0},"end":{"line":56,"column":24}},"23":{"start":{"line":57,"column":12},"end":{"line":57,"column":26}},"24":{"start":{"line":58,"column":17},"end":{"line":58,"column":40}},"25":{"start":{"line":59,"column":31},"end":{"line":59,"column":162}},"26":{"start":{"line":60,"column":17},"end":{"line":60,"column":165}},"27":{"start":{"line":61,"column":17},"end":{"line":61,"column":52}},"28":{"start":{"line":62,"column":17},"end":{"line":62,"column":58}},"29":{"start":{"line":63,"column":17},"end":{"line":63,"column":24}},"30":{"start":{"line":64,"column":17},"end":{"line":67,"column":1}},"31":{"start":{"line":69,"column":4},"end":{"line":109,"column":55}},"32":{"start":{"line":75,"column":20},"end":{"line":97,"column":23}},"33":{"start":{"line":85,"column":75},"end":{"line":85,"column":107}},"34":{"start":{"line":86,"column":62},"end":{"line":86,"column":120}},"35":{"start":{"line":111,"column":0},"end":{"line":111,"column":24}},"36":{"start":{"line":112,"column":1},"end":{"line":112,"column":48}}},"fnMap":{"0":{"name":"(anonymous_0)","decl":{"start":{"line":16,"column":9},"end":{"line":16,"column":10}},"loc":{"start":{"line":16,"column":32},"end":{"line":52,"column":3}},"line":16},"1":{"name":"(anonymous_1)","decl":{"start":{"line":24,"column":32},"end":{"line":24,"column":33}},"loc":{"start":{"line":24,"column":44},"end":{"line":33,"column":5}},"line":24},"2":{"name":"(anonymous_2)","decl":{"start":{"line":35,"column":31},"end":{"line":35,"column":32}},"loc":{"start":{"line":35,"column":55},"end":{"line":37,"column":5}},"line":35},"3":{"name":"render","decl":{"start":{"line":68,"column":9},"end":{"line":68,"column":15}},"loc":{"start":{"line":68,"column":63},"end":{"line":110,"column":1}},"line":68},"4":{"name":"(anonymous_4)","decl":{"start":{"line":74,"column":135},"end":{"line":74,"column":136}},"loc":{"start":{"line":74,"column":157},"end":{"line":98,"column":17}},"line":74},"5":{"name":"(anonymous_5)","decl":{"start":{"line":85,"column":55},"end":{"line":85,"column":56}},"loc":{"start":{"line":85,"column":73},"end":{"line":85,"column":109}},"line":85},"6":{"name":"(anonymous_6)","decl":{"start":{"line":86,"column":42},"end":{"line":86,"column":43}},"loc":{"start":{"line":86,"column":60},"end":{"line":86,"column":122}},"line":86}},"branchMap":{"0":{"loc":{"start":{"line":26,"column":6},"end":{"line":32,"column":7}},"type":"if","locations":[{"start":{"line":26,"column":6},"end":{"line":32,"column":7}},{"start":{"line":29,"column":13},"end":{"line":32,"column":7}}],"line":26},"1":{"loc":{"start":{"line":30,"column":32},"end":{"line":30,"column":99}},"type":"cond-expr","locations":[{"start":{"line":30,"column":81},"end":{"line":30,"column":87}},{"start":{"line":30,"column":90},"end":{"line":30,"column":99}}],"line":30},"2":{"loc":{"start":{"line":30,"column":32},"end":{"line":30,"column":78}},"type":"binary-expr","locations":[{"start":{"line":30,"column":32},"end":{"line":30,"column":61}},{"start":{"line":30,"column":65},"end":{"line":30,"column":78}}],"line":30},"3":{"loc":{"start":{"line":100,"column":12},"end":{"line":107,"column":61}},"type":"cond-expr","locations":[{"start":{"line":101,"column":19},"end":{"line":106,"column":18}},{"start":{"line":107,"column":18},"end":{"line":107,"column":61}}],"line":100},"4":{"loc":{"start":{"line":105,"column":50},"end":{"line":105,"column":90}},"type":"cond-expr","locations":[{"start":{"line":105,"column":75},"end":{"line":105,"column":80}},{"start":{"line":105,"column":83},"end":{"line":105,"column":90}}],"line":105}},"s":{"0":9,"1":9,"2":9,"3":9,"4":9,"5":9,"6":9,"7":9,"8":9,"9":9,"10":9,"11":0,"12":0,"13":0,"14":0,"15":0,"16":9,"17":0,"18":9,"19":9,"20":9,"21":9,"22":9,"23":9,"24":9,"25":9,"26":9,"27":9,"28":9,"29":9,"30":9,"31":20,"32":33,"33":0,"34":0,"35":9,"36":9},"f":{"0":9,"1":0,"2":0,"3":20,"4":33,"5":0,"6":0},"b":{"0":[0,0],"1":[0,0],"2":[0,0],"3":[0,20],"4":[0,0]},"inputSourceMap":{"0":"{","1":"\"","2":"v","3":"e","4":"r","5":"s","6":"i","7":"o","8":"n","9":"\"","10":":","11":"3","12":",","13":"\"","14":"s","15":"o","16":"u","17":"r","18":"c","19":"e","20":"s","21":"\"","22":":","23":"[","24":"\"","25":"/","26":"U","27":"s","28":"e","29":"r","30":"s","31":"/","32":"h","33":"y","34":"k","35":"w","36":"s","37":"h","38":"u","39":"h","40":"e","41":"i","42":"/","43":"s","44":"r","45":"c","46":"/","47":"t","48":"e","49":"a","50":"m","51":"-","52":"p","53":"r","54":"o","55":"d","56":"u","57":"c","58":"t","59":"-","60":"v","61":"u","62":"e","63":"/","64":"q","65":"i","66":"i","67":"t","68":"a","69":"-","70":"b","71":"u","72":"i","73":"l","74":"d","75":"e","76":"r","77":"/","78":"c","79":"o","80":"m","81":"p","82":"o","83":"n","84":"e","85":"n","86":"t","87":"s","88":"/","89":"L","90":"a","91":"n","92":"g","93":"u","94":"a","95":"g","96":"e","97":"L","98":"i","99":"s","100":"t","101":".","102":"v","103":"u","104":"e","105":"\"","106":"]","107":",","108":"\"","109":"n","110":"a","111":"m","112":"e","113":"s","114":"\"","115":":","116":"[","117":"]","118":",","119":"\"","120":"m","121":"a","122":"p","123":"p","124":"i","125":"n","126":"g","127":"s","128":"\"","129":":","130":"\"","131":";","132":";","133":"A","134":"A","135":"4","136":"C","137":"A","138":",","139":"M","140":"A","141":"A","142":"M","143":",","144":"C","145":"A","146":"A","147":"C","148":",","149":"c","150":"A","151":"A","152":"c","153":",","154":"C","155":"A","156":"A","157":"C","158":",","159":"O","160":"A","161":"A","162":"O","163":",","164":"E","165":"A","166":"A","167":"E","168":",","169":"Y","170":"A","171":"A","172":"Y","173":",","174":"E","175":"A","176":"A","177":"E","178":";","179":"E","180":"A","181":"A","182":"E","183":",","184":"K","185":"A","186":"A","187":"K","188":",","189":"E","190":"A","191":"A","192":"E","193":";","194":"A","195":"A","196":"A","197":"K","198":",","199":"C","200":"A","201":"A","202":"C","203":",","204":"C","205":"A","206":"A","207":"C","208":";","209":"A","210":"A","211":"C","212":"7","213":"D","214":",","215":"I","216":"A","217":"A","218":"I","219":",","220":"K","221":"A","222":"A","223":"K","224":",","225":"G","226":"A","227":"A","228":"G","229":",","230":"O","231":"A","232":"A","233":"O","234":",","235":"C","236":"A","237":"A","238":"C","239":",","240":"K","241":"A","242":"A","243":"K","244":",","245":"C","246":"A","247":"A","248":"C","249":";","250":";","251":";","252":";","253":";","254":";","255":";","256":";","257":";","258":";","259":";","260":";","261":";","262":";","263":";","264":"I","265":"A","266":"F","267":"l","268":"B","269":",","270":"I","271":"A","272":"A","273":"I","274":",","275":"e","276":"A","277":"A","278":"e","279":",","280":"G","281":"A","282":"A","283":"G","284":",","285":"C","286":"A","287":"A","288":"C","289":",","290":"C","291":"A","292":"A","293":"C","294":",","295":"E","296":"A","297":"A","298":"E","299":",","300":"K","301":"A","302":"A","303":"K","304":",","305":"C","306":"A","307":"A","308":"C","309":",","310":"G","311":"A","312":"A","313":"G","314":",","315":"E","316":"A","317":"A","318":"E","319":",","320":"K","321":"A","322":"A","323":"K","324":",","325":"C","326":"A","327":"A","328":"C","329":",","330":"e","331":"A","332":"A","333":"e","334":",","335":"C","336":"A","337":"A","338":"C","339":";","340":"I","341":"A","342":"O","343":"3","344":"D","345":",","346":"I","347":"A","348":"A","349":"I","350":",","351":"e","352":"A","353":"A","354":"e","355":",","356":"G","357":"A","358":"A","359":"G","360":",","361":"C","362":"A","363":"A","364":"C","365":",","366":"C","367":"A","368":"A","369":"C","370":",","371":"E","372":"A","373":"A","374":"E","375":",","376":"K","377":"A","378":"A","379":"K","380":",","381":"C","382":"A","383":"A","384":"C","385":",","386":"G","387":"A","388":"A","389":"G","390":",","391":"E","392":"A","393":"A","394":"E","395":",","396":"K","397":"A","398":"A","399":"K","400":",","401":"C","402":"A","403":"A","404":"C","405":",","406":"e","407":"A","408":"A","409":"e","410":",","411":"C","412":"A","413":"A","414":"C","415":";","416":"I","417":"A","418":"C","419":"3","420":"D","421":";","422":"I","423":"A","424":"C","425":"A","426":",","427":"I","428":"A","429":"A","430":"I","431":",","432":"q","433":"B","434":"A","435":"A","436":"q","437":"B","438":",","439":"G","440":"A","441":"A","442":"G","443":",","444":"Y","445":"A","446":"A","447":"Y","448":";","449":"M","450":"A","451":"C","452":"p","453":"C","454":",","455":"I","456":"A","457":"A","458":"I","459":",","460":"E","461":"A","462":"A","463":"E","464":";","465":"M","466":"A","467":"C","468":"N","469":",","470":"I","471":"A","472":"A","473":"I","474":",","475":"e","476":"A","477":"A","478":"e","479":",","480":"C","481":"A","482":"A","483":"C","484":",","485":"K","486":"A","487":"A","488":"K","489":",","490":"E","491":"A","492":"A","493":"E","494":";","495":"Q","496":"A","497":"C","498":"v","499":"B","500":",","501":"e","502":"A","503":"A","504":"e","505":",","506":"C","507":"A","508":"A","509":"C","510":",","511":"K","512":"A","513":"A","514":"K","515":",","516":"G","517":"A","518":"A","519":"G","520":",","521":"E","522":"A","523":"A","524":"E","525":";","526":"Q","527":"A","528":"C","529":"1","530":"B","531":",","532":"e","533":"A","534":"A","535":"e","536":",","537":"C","538":"A","539":"A","540":"C","541":",","542":"K","543":"A","544":"A","545":"K","546":",","547":"G","548":"A","549":"A","550":"G","551":",","552":"K","553":"A","554":"A","555":"K","556":";","557":"M","558":"A","559":"C","560":"j","561":"C","562":",","563":"C","564":"A","565":"A","566":"C","567":",","568":"M","569":"A","570":"C","571":"I","572":";","573":"Q","574":"A","575":"C","576":"D","577":",","578":"e","579":"A","580":"A","581":"e","582":",","583":"C","584":"A","585":"A","586":"C","587":",","588":"K","589":"A","590":"A","591":"K","592":",","593":"G","594":"A","595":"A","596":"G","597":",","598":"C","599":"A","600":"A","601":"C","602":",","603":"E","604":"A","605":"A","606":"E","607":",","608":"G","609":"A","610":"A","611":"G","612":",","613":"K","614":"A","615":"A","616":"K","617":",","618":"C","619":"A","620":"A","621":"C","622":",","623":"O","624":"A","625":"A","626":"O","627":",","628":"M","629":"A","630":"A","631":"M","632":",","633":"I","634":"A","635":"A","636":"I","637":",","638":"I","639":"A","640":"A","641":"I","642":",","643":"E","644":"A","645":"A","646":"E","647":",","648":"K","649":"A","650":"A","651":"K","652":",","653":"K","654":"A","655":"A","656":"K","657":",","658":"C","659":"A","660":"A","661":"C","662":",","663":"G","664":"A","665":"A","666":"G","667":",","668":"K","669":"A","670":"A","671":"K","672":",","673":"C","674":"A","675":"A","676":"C","677":",","678":"G","679":"A","680":"A","681":"G","682":",","683":"E","684":"A","685":"A","686":"E","687":",","688":"C","689":"A","690":"A","691":"C","692":",","693":"M","694":"A","695":"A","696":"M","697":";","698":"Q","699":"A","700":"C","701":"3","702":"F","703":",","704":"e","705":"A","706":"A","707":"e","708":",","709":"C","710":"A","711":"A","712":"C","713":",","714":"K","715":"A","716":"A","717":"K","718":",","719":"G","720":"A","721":"A","722":"G","723":",","724":"I","725":"A","726":"A","727":"I","728":";","729":"M","730":"A","731":"C","732":"h","733":"C","734":";","735":"I","736":"A","737":"C","738":"J","739":",","740":"C","741":"A","742":"A","743":"C","744":";","745":"I","746":"A","747":"C","748":"D","749":";","750":"I","751":"A","752":"C","753":"A","754":",","755":"I","756":"A","757":"A","758":"I","759":",","760":"o","761":"B","762":"A","763":"A","764":"o","765":"B","766":",","767":"G","768":"A","769":"A","770":"G","771":",","772":"U","773":"A","774":"A","775":"U","776":",","777":"O","778":"A","779":"A","780":"O","781":",","782":"E","783":"A","784":"A","785":"E","786":",","787":"G","788":"A","789":"A","790":"G","791":",","792":"E","793":"A","794":"A","795":"E","796":";","797":"M","798":"A","799":"C","800":"/","801":"C","802":",","803":"I","804":"A","805":"A","806":"I","807":",","808":"C","809":"A","810":"A","811":"C","812":",","813":"y","814":"B","815":"A","816":"A","817":"y","818":"B","819":",","820":"E","821":"A","822":"A","823":"E","824":",","825":"O","826":"A","827":"A","828":"O","829":",","830":"E","831":"A","832":"A","833":"E","834":",","835":"G","836":"A","837":"A","838":"G","839":",","840":"C","841":"A","842":"A","843":"C","844":",","845":"C","846":"A","847":"A","848":"C","849":",","850":"C","851":"A","852":"A","853":"C","854":";","855":"I","856":"A","857":"C","858":"n","859":"D","860":",","861":"C","862":"A","863":"A","864":"C","865":";","866":";","867":"I","868":"A","869":"C","870":"D","871":",","872":"I","873":"A","874":"A","875":"I","876":",","877":"Y","878":"A","879":"A","880":"Y","881":",","882":"G","883":"A","884":"A","885":"G","886":";","887":"M","888":"A","889":"A","890":"E","891":",","892":"K","893":"A","894":"A","895":"K","896":",","897":"E","898":"A","899":"A","900":"E","901":",","902":"K","903":"A","904":"A","905":"K","906":";","907":"M","908":"A","909":"A","910":"E","911":",","912":"I","913":"A","914":"A","915":"I","916":",","917":"E","918":"A","919":"A","920":"E","921":",","922":"I","923":"A","924":"A","925":"I","926":";","927":"M","928":"A","929":"A","930":"E","931":",","932":"e","933":"A","934":"A","935":"e","936":",","937":"E","938":"A","939":"A","940":"E","941":",","942":"e","943":"A","944":"A","945":"e","946":";","947":"M","948":"A","949":"A","950":"E","951":",","952":"e","953":"A","954":"A","955":"e","956":",","957":"E","958":"A","959":"A","960":"E","961":",","962":"e","963":"A","964":"A","965":"e","966":";","967":"M","968":"A","969":"A","970":"E","971":",","972":"q","973":"B","974":"A","975":"A","976":"q","977":"B","978":",","979":"E","980":"A","981":"A","982":"E","983":",","984":"q","985":"B","986":"A","987":"A","988":"q","989":"B","990":";","991":"M","992":"A","993":"A","994":"E","995":",","996":"o","997":"B","998":"A","999":"A","1000":"o","1001":"B","1002":",","1003":"E","1004":"A","1005":"A","1006":"E","1007":";","1008":"I","1009":"A","1010":"A","1011":"q","1012":"B","1013":",","1014":"C","1015":"A","1016":"A","1017":"C","1018":";","1019":"I","1020":"A","1021":"C","1022":"7","1023":"M","1024":",","1025":"M","1026":"A","1027":"A","1028":"M","1029":",","1030":"C","1031":"A","1032":"A","1033":"C","1034":",","1035":"c","1036":"A","1037":"A","1038":"c","1039":",","1040":"C","1041":"A","1042":"A","1043":"C","1044":",","1045":"Y","1046":"A","1047":"A","1048":"Y","1049":",","1050":"E","1051":"A","1052":"A","1053":"E","1054":",","1055":"i","1056":"B","1057":"A","1058":"A","1059":"i","1060":"B","1061":",","1062":"E","1063":"A","1064":"A","1065":"E","1066":";","1067":"M","1068":"A","1069":"A","1070":"E","1071":",","1072":"U","1073":"A","1074":"A","1075":"U","1076":",","1077":"E","1078":"A","1079":"A","1080":"E","1081":",","1082":"K","1083":"A","1084":"A","1085":"K","1086":";","1087":"M","1088":"A","1089":"A","1090":"E","1091":",","1092":"K","1093":"A","1094":"A","1095":"K","1096":",","1097":"E","1098":"A","1099":"A","1100":"E","1101":";","1102":"I","1103":"A","1104":"A","1105":"K","1106":",","1107":"C","1108":"A","1109":"A","1110":"C","1111":",","1112":"C","1113":"A","1114":"A","1115":"C","1116":";","1117":"I","1118":"A","1119":"C","1120":"1","1121":"F","1122":",","1123":"O","1124":"A","1125":"A","1126":"O","1127":",","1128":"Y","1129":"A","1130":"A","1131":"Y","1132":"\"","1133":",","1134":"\"","1135":"f","1136":"i","1137":"l","1138":"e","1139":"\"","1140":":","1141":"\"","1142":"/","1143":"U","1144":"s","1145":"e","1146":"r","1147":"s","1148":"/","1149":"h","1150":"y","1151":"k","1152":"w","1153":"s","1154":"h","1155":"u","1156":"h","1157":"e","1158":"i","1159":"/","1160":"s","1161":"r","1162":"c","1163":"/","1164":"t","1165":"e","1166":"a","1167":"m","1168":"-","1169":"p","1170":"r","1171":"o","1172":"d","1173":"u","1174":"c","1175":"t","1176":"-","1177":"v","1178":"u","1179":"e","1180":"/","1181":"q","1182":"i","1183":"i","1184":"t","1185":"a","1186":"-","1187":"b","1188":"u","1189":"i","1190":"l","1191":"d","1192":"e","1193":"r","1194":"/","1195":"c","1196":"o","1197":"m","1198":"p","1199":"o","1200":"n","1201":"e","1202":"n","1203":"t","1204":"s","1205":"/","1206":"L","1207":"a","1208":"n","1209":"g","1210":"u","1211":"a","1212":"g","1213":"e","1214":"L","1215":"i","1216":"s","1217":"t","1218":".","1219":"v","1220":"u","1221":"e","1222":"\"","1223":",","1224":"\"","1225":"s","1226":"o","1227":"u","1228":"r","1229":"c","1230":"e","1231":"s","1232":"C","1233":"o","1234":"n","1235":"t","1236":"e","1237":"n","1238":"t","1239":"\"","1240":":","1241":"[","1242":"\"","1243":"<","1244":"t","1245":"e","1246":"m","1247":"p","1248":"l","1249":"a","1250":"t","1251":"e","1252":">","1253":"\\","1254":"n","1255":" ","1256":" ","1257":"<","1258":"!","1259":"-","1260":"-","1261":" ","1262":"プ","1263":"ロ","1264":"グ","1265":"ラ","1266":"ミ","1267":"ン","1268":"グ","1269":"言","1270":"語","1271":" ","1272":"-","1273":"-","1274":">","1275":"\\","1276":"n","1277":" ","1278":" ","1279":"<","1280":"d","1281":"i","1282":"v","1283":" ","1284":"c","1285":"l","1286":"a","1287":"s","1288":"s","1289":"=","1290":"\\","1291":"\"","1292":"p","1293":"t","1294":"-","1295":"1","1296":"2","1297":" ","1298":"m","1299":"r","1300":"-","1301":"5","1302":"\\","1303":"\"","1304":">","1305":"\\","1306":"n","1307":" ","1308":" ","1309":" ","1310":" ","1311":"<","1312":"h","1313":"3","1314":" ","1315":"c","1316":"l","1317":"a","1318":"s","1319":"s","1320":"=","1321":"\\","1322":"\"","1323":"m","1324":"b","1325":"-","1326":"4","1327":" ","1328":"f","1329":"o","1330":"n","1331":"t","1332":"-","1333":"s","1334":"e","1335":"m","1336":"i","1337":"b","1338":"o","1339":"l","1340":"d","1341":" ","1342":"t","1343":"e","1344":"x","1345":"t","1346":"-","1347":"g","1348":"r","1349":"a","1350":"y","1351":"-","1352":"9","1353":"0","1354":"0","1355":" ","1356":"d","1357":"a","1358":"r","1359":"k","1360":":","1361":"t","1362":"e","1363":"x","1364":"t","1365":"-","1366":"w","1367":"h","1368":"i","1369":"t","1370":"e","1371":"\\","1372":"\"","1373":">","1374":"\\","1375":"n","1376":" ","1377":" ","1378":" ","1379":" ","1380":" ","1381":" ","1382":"プ","1383":"ロ","1384":"グ","1385":"ラ","1386":"ミ","1387":"ン","1388":"グ","1389":"言","1390":"語","1391":"\\","1392":"n","1393":" ","1394":" ","1395":" ","1396":" ","1397":"<","1398":"/","1399":"h","1400":"3","1401":">","1402":"\\","1403":"n","1404":" ","1405":" ","1406":" ","1407":" ","1408":"<","1409":"u","1410":"l","1411":"\\","1412":"n","1413":" ","1414":" ","1415":" ","1416":" ","1417":" ","1418":" ","1419":"c","1420":"l","1421":"a","1422":"s","1423":"s","1424":"=","1425":"\\","1426":"\"","1427":"w","1428":"-","1429":"4","1430":"8","1431":" ","1432":"t","1433":"e","1434":"x","1435":"t","1436":"-","1437":"s","1438":"m","1439":" ","1440":"f","1441":"o","1442":"n","1443":"t","1444":"-","1445":"m","1446":"e","1447":"d","1448":"i","1449":"u","1450":"m","1451":" ","1452":"t","1453":"e","1454":"x","1455":"t","1456":"-","1457":"g","1458":"r","1459":"a","1460":"y","1461":"-","1462":"9","1463":"0","1464":"0","1465":" ","1466":"b","1467":"g","1468":"-","1469":"w","1470":"h","1471":"i","1472":"t","1473":"e","1474":" ","1475":"b","1476":"o","1477":"r","1478":"d","1479":"e","1480":"r","1481":" ","1482":"b","1483":"o","1484":"r","1485":"d","1486":"e","1487":"r","1488":"-","1489":"g","1490":"r","1491":"a","1492":"y","1493":"-","1494":"2","1495":"0","1496":"0","1497":" ","1498":"r","1499":"o","1500":"u","1501":"n","1502":"d","1503":"e","1504":"d","1505":"-","1506":"l","1507":"g","1508":" ","1509":"d","1510":"a","1511":"r","1512":"k","1513":":","1514":"b","1515":"g","1516":"-","1517":"g","1518":"r","1519":"a","1520":"y","1521":"-","1522":"7","1523":"0","1524":"0","1525":" ","1526":"d","1527":"a","1528":"r","1529":"k","1530":":","1531":"b","1532":"o","1533":"r","1534":"d","1535":"e","1536":"r","1537":"-","1538":"g","1539":"r","1540":"a","1541":"y","1542":"-","1543":"6","1544":"0","1545":"0","1546":" ","1547":"d","1548":"a","1549":"r","1550":"k","1551":":","1552":"t","1553":"e","1554":"x","1555":"t","1556":"-","1557":"w","1558":"h","1559":"i","1560":"t","1561":"e","1562":"\\","1563":"\"","1564":"\\","1565":"n","1566":" ","1567":" ","1568":" ","1569":" ","1570":">","1571":"\\","1572":"n","1573":" ","1574":" ","1575":" ","1576":" ","1577":" ","1578":" ","1579":"<","1580":"l","1581":"i","1582":"\\","1583":"n","1584":" ","1585":" ","1586":" ","1587":" ","1588":" ","1589":" ","1590":" ","1591":" ","1592":"v","1593":"-","1594":"f","1595":"o","1596":"r","1597":"=","1598":"\\","1599":"\"","1600":"(","1601":"t","1602":"a","1603":"g","1604":",","1605":" ","1606":"i","1607":"n","1608":"d","1609":"e","1610":"x","1611":")","1612":" ","1613":"i","1614":"n","1615":" ","1616":"t","1617":"a","1618":"g","1619":"N","1620":"a","1621":"m","1622":"e","1623":"\\","1624":"\"","1625":"\\","1626":"n","1627":" ","1628":" ","1629":" ","1630":" ","1631":" ","1632":" ","1633":" ","1634":" ","1635":":","1636":"k","1637":"e","1638":"y","1639":"=","1640":"\\","1641":"\"","1642":"i","1643":"n","1644":"d","1645":"e","1646":"x","1647":"\\","1648":"\"","1649":"\\","1650":"n","1651":" ","1652":" ","1653":" ","1654":" ","1655":" ","1656":" ","1657":" ","1658":" ","1659":"v","1660":"-","1661":"s","1662":"h","1663":"o","1664":"w","1665":"=","1666":"\\","1667":"\"","1668":"i","1669":"n","1670":"d","1671":"e","1672":"x","1673":" ","1674":"<","1675":" ","1676":"v","1677":"i","1678":"s","1679":"i","1680":"b","1681":"l","1682":"e","1683":"T","1684":"a","1685":"g","1686":"I","1687":"t","1688":"e","1689":"m","1690":"s","1691":"\\","1692":"\"","1693":"\\","1694":"n","1695":" ","1696":" ","1697":" ","1698":" ","1699":" ","1700":" ","1701":" ","1702":" ","1703":"c","1704":"l","1705":"a","1706":"s","1707":"s","1708":"=","1709":"\\","1710":"\"","1711":"w","1712":"-","1713":"f","1714":"u","1715":"l","1716":"l","1717":" ","1718":"b","1719":"o","1720":"r","1721":"d","1722":"e","1723":"r","1724":"-","1725":"b","1726":" ","1727":"b","1728":"o","1729":"r","1730":"d","1731":"e","1732":"r","1733":"-","1734":"g","1735":"r","1736":"a","1737":"y","1738":"-","1739":"2","1740":"0","1741":"0","1742":" ","1743":"r","1744":"o","1745":"u","1746":"n","1747":"d","1748":"e","1749":"d","1750":"-","1751":"t","1752":"-","1753":"l","1754":"g","1755":" ","1756":"d","1757":"a","1758":"r","1759":"k","1760":":","1761":"b","1762":"o","1763":"r","1764":"d","1765":"e","1766":"r","1767":"-","1768":"g","1769":"r","1770":"a","1771":"y","1772":"-","1773":"6","1774":"0","1775":"0","1776":"\\","1777":"\"","1778":"\\","1779":"n","1780":" ","1781":" ","1782":" ","1783":" ","1784":" ","1785":" ","1786":">","1787":"\\","1788":"n","1789":" ","1790":" ","1791":" ","1792":" ","1793":" ","1794":" ","1795":" ","1796":" ","1797":"<","1798":"d","1799":"i","1800":"v","1801":" ","1802":"c","1803":"l","1804":"a","1805":"s","1806":"s","1807":"=","1808":"\\","1809":"\"","1810":"f","1811":"l","1812":"e","1813":"x","1814":" ","1815":"i","1816":"t","1817":"e","1818":"m","1819":"s","1820":"-","1821":"c","1822":"e","1823":"n","1824":"t","1825":"e","1826":"r","1827":" ","1828":"p","1829":"l","1830":"-","1831":"3","1832":"\\","1833":"\"","1834":">","1835":"\\","1836":"n","1837":" ","1838":" ","1839":" ","1840":" ","1841":" ","1842":" ","1843":" ","1844":" ","1845":" ","1846":" ","1847":"<","1848":"i","1849":"n","1850":"p","1851":"u","1852":"t","1853":"\\","1854":"n","1855":" ","1856":" ","1857":" ","1858":" ","1859":" ","1860":" ","1861":" ","1862":" ","1863":" ","1864":" ","1865":" ","1866":" ","1867":":","1868":"i","1869":"d","1870":"=","1871":"\\","1872":"\"","1873":"'","1874":"t","1875":"a","1876":"g","1877":"-","1878":"c","1879":"h","1880":"e","1881":"c","1882":"k","1883":"b","1884":"o","1885":"x","1886":"-","1887":"'","1888":" ","1889":"+","1890":" ","1891":"i","1892":"n","1893":"d","1894":"e","1895":"x","1896":"\\","1897":"\"","1898":"\\","1899":"n","1900":" ","1901":" ","1902":" ","1903":" ","1904":" ","1905":" ","1906":" ","1907":" ","1908":" ","1909":" ","1910":" ","1911":" ","1912":"t","1913":"y","1914":"p","1915":"e","1916":"=","1917":"\\","1918":"\"","1919":"c","1920":"h","1921":"e","1922":"c","1923":"k","1924":"b","1925":"o","1926":"x","1927":"\\","1928":"\"","1929":"\\","1930":"n","1931":" ","1932":" ","1933":" ","1934":" ","1935":" ","1936":" ","1937":" ","1938":" ","1939":" ","1940":" ","1941":" ","1942":" ","1943":"v","1944":"a","1945":"l","1946":"u","1947":"e","1948":"=","1949":"\\","1950":"\"","1951":"t","1952":"a","1953":"g","1954":"\\","1955":"\"","1956":"\\","1957":"n","1958":" ","1959":" ","1960":" ","1961":" ","1962":" ","1963":" ","1964":" ","1965":" ","1966":" ","1967":" ","1968":" ","1969":" ","1970":"c","1971":"l","1972":"a","1973":"s","1974":"s","1975":"=","1976":"\\","1977":"\"","1978":"w","1979":"-","1980":"4","1981":" ","1982":"h","1983":"-","1984":"4","1985":" ","1986":"t","1987":"e","1988":"x","1989":"t","1990":"-","1991":"b","1992":"l","1993":"u","1994":"e","1995":"-","1996":"6","1997":"0","1998":"0","1999":" ","2000":"b","2001":"g","2002":"-","2003":"g","2004":"r","2005":"a","2006":"y","2007":"-","2008":"1","2009":"0","2010":"0","2011":" ","2012":"b","2013":"o","2014":"r","2015":"d","2016":"e","2017":"r","2018":"-","2019":"g","2020":"r","2021":"a","2022":"y","2023":"-","2024":"3","2025":"0","2026":"0","2027":" ","2028":"r","2029":"o","2030":"u","2031":"n","2032":"d","2033":"e","2034":"d","2035":" ","2036":"f","2037":"o","2038":"c","2039":"u","2040":"s","2041":":","2042":"r","2043":"i","2044":"n","2045":"g","2046":"-","2047":"b","2048":"l","2049":"u","2050":"e","2051":"-","2052":"5","2053":"0","2054":"0","2055":" ","2056":"d","2057":"a","2058":"r","2059":"k","2060":":","2061":"f","2062":"o","2063":"c","2064":"u","2065":"s","2066":":","2067":"r","2068":"i","2069":"n","2070":"g","2071":"-","2072":"b","2073":"l","2074":"u","2075":"e","2076":"-","2077":"6","2078":"0","2079":"0","2080":" ","2081":"d","2082":"a","2083":"r","2084":"k","2085":":","2086":"r","2087":"i","2088":"n","2089":"g","2090":"-","2091":"o","2092":"f","2093":"f","2094":"s","2095":"e","2096":"t","2097":"-","2098":"g","2099":"r","2100":"a","2101":"y","2102":"-","2103":"7","2104":"0","2105":"0","2106":" ","2107":"d","2108":"a","2109":"r","2110":"k","2111":":","2112":"f","2113":"o","2114":"c","2115":"u","2116":"s","2117":":","2118":"r","2119":"i","2120":"n","2121":"g","2122":"-","2123":"o","2124":"f","2125":"f","2126":"s","2127":"e","2128":"t","2129":"-","2130":"g","2131":"r","2132":"a","2133":"y","2134":"-","2135":"7","2136":"0","2137":"0","2138":" ","2139":"f","2140":"o","2141":"c","2142":"u","2143":"s","2144":":","2145":"r","2146":"i","2147":"n","2148":"g","2149":"-","2150":"2","2151":" ","2152":"d","2153":"a","2154":"r","2155":"k","2156":":","2157":"b","2158":"g","2159":"-","2160":"g","2161":"r","2162":"a","2163":"y","2164":"-","2165":"6","2166":"0","2167":"0","2168":" ","2169":"d","2170":"a","2171":"r","2172":"k","2173":":","2174":"b","2175":"o","2176":"r","2177":"d","2178":"e","2179":"r","2180":"-","2181":"g","2182":"r","2183":"a","2184":"y","2185":"-","2186":"5","2187":"0","2188":"0","2189":" ","2190":"c","2191":"u","2192":"r","2193":"s","2194":"o","2195":"r","2196":"-","2197":"p","2198":"o","2199":"i","2200":"n","2201":"t","2202":"e","2203":"r","2204":"\\","2205":"\"","2206":"\\","2207":"n","2208":" ","2209":" ","2210":" ","2211":" ","2212":" ","2213":" ","2214":" ","2215":" ","2216":" ","2217":" ","2218":" ","2219":" ","2220":"v","2221":"-","2222":"m","2223":"o","2224":"d","2225":"e","2226":"l","2227":"=","2228":"\\","2229":"\"","2230":"t","2231":"a","2232":"g","2233":".","2234":"c","2235":"h","2236":"e","2237":"c","2238":"k","2239":"e","2240":"d","2241":"\\","2242":"\"","2243":"\\","2244":"n","2245":" ","2246":" ","2247":" ","2248":" ","2249":" ","2250":" ","2251":" ","2252":" ","2253":" ","2254":" ","2255":" ","2256":" ","2257":"@","2258":"c","2259":"h","2260":"a","2261":"n","2262":"g","2263":"e","2264":"=","2265":"\\","2266":"\"","2267":"h","2268":"a","2269":"n","2270":"d","2271":"l","2272":"e","2273":"C","2274":"h","2275":"e","2276":"c","2277":"k","2278":"b","2279":"o","2280":"x","2281":"C","2282":"h","2283":"a","2284":"n","2285":"g","2286":"e","2287":"(","2288":"t","2289":"a","2290":"g","2291":"N","2292":"a","2293":"m","2294":"e","2295":",","2296":" ","2297":"t","2298":"a","2299":"g","2300":")","2301":"\\","2302":"\"","2303":"\\","2304":"n","2305":" ","2306":" ","2307":" ","2308":" ","2309":" ","2310":" ","2311":" ","2312":" ","2313":" ","2314":" ","2315":"/","2316":">","2317":"\\","2318":"n","2319":" ","2320":" ","2321":" ","2322":" ","2323":" ","2324":" ","2325":" ","2326":" ","2327":" ","2328":" ","2329":"<","2330":"l","2331":"a","2332":"b","2333":"e","2334":"l","2335":"\\","2336":"n","2337":" ","2338":" ","2339":" ","2340":" ","2341":" ","2342":" ","2343":" ","2344":" ","2345":" ","2346":" ","2347":" ","2348":" ","2349":":","2350":"f","2351":"o","2352":"r","2353":"=","2354":"\\","2355":"\"","2356":"'","2357":"t","2358":"a","2359":"g","2360":"-","2361":"c","2362":"h","2363":"e","2364":"c","2365":"k","2366":"b","2367":"o","2368":"x","2369":"-","2370":"'","2371":" ","2372":"+","2373":" ","2374":"i","2375":"n","2376":"d","2377":"e","2378":"x","2379":"\\","2380":"\"","2381":"\\","2382":"n","2383":" ","2384":" ","2385":" ","2386":" ","2387":" ","2388":" ","2389":" ","2390":" ","2391":" ","2392":" ","2393":" ","2394":" ","2395":"c","2396":"l","2397":"a","2398":"s","2399":"s","2400":"=","2401":"\\","2402":"\"","2403":"w","2404":"-","2405":"f","2406":"u","2407":"l","2408":"l","2409":" ","2410":"p","2411":"y","2412":"-","2413":"3","2414":" ","2415":"m","2416":"l","2417":"-","2418":"2","2419":" ","2420":"t","2421":"e","2422":"x","2423":"t","2424":"-","2425":"s","2426":"m","2427":" ","2428":"f","2429":"o","2430":"n","2431":"t","2432":"-","2433":"m","2434":"e","2435":"d","2436":"i","2437":"u","2438":"m","2439":" ","2440":"t","2441":"e","2442":"x","2443":"t","2444":"-","2445":"g","2446":"r","2447":"a","2448":"y","2449":"-","2450":"9","2451":"0","2452":"0","2453":" ","2454":"d","2455":"a","2456":"r","2457":"k","2458":":","2459":"t","2460":"e","2461":"x","2462":"t","2463":"-","2464":"g","2465":"r","2466":"a","2467":"y","2468":"-","2469":"3","2470":"0","2471":"0","2472":" ","2473":"c","2474":"u","2475":"r","2476":"s","2477":"o","2478":"r","2479":"-","2480":"p","2481":"o","2482":"i","2483":"n","2484":"t","2485":"e","2486":"r","2487":"\\","2488":"\"","2489":"\\","2490":"n","2491":" ","2492":" ","2493":" ","2494":" ","2495":" ","2496":" ","2497":" ","2498":" ","2499":" ","2500":" ","2501":" ","2502":" ","2503":">","2504":"{","2505":"{","2506":" ","2507":"t","2508":"a","2509":"g","2510":".","2511":"n","2512":"a","2513":"m","2514":"e","2515":" ","2516":"}","2517":"}","2518":"<","2519":"/","2520":"l","2521":"a","2522":"b","2523":"e","2524":"l","2525":"\\","2526":"n","2527":" ","2528":" ","2529":" ","2530":" ","2531":" ","2532":" ","2533":" ","2534":" ","2535":" ","2536":" ","2537":">","2538":"\\","2539":"n","2540":" ","2541":" ","2542":" ","2543":" ","2544":" ","2545":" ","2546":" ","2547":" ","2548":"<","2549":"/","2550":"d","2551":"i","2552":"v","2553":">","2554":"\\","2555":"n","2556":" ","2557":" ","2558":" ","2559":" ","2560":" ","2561":" ","2562":"<","2563":"/","2564":"l","2565":"i","2566":">","2567":"\\","2568":"n","2569":" ","2570":" ","2571":" ","2572":" ","2573":"<","2574":"/","2575":"u","2576":"l","2577":">","2578":"\\","2579":"n","2580":" ","2581":" ","2582":" ","2583":" ","2584":"<","2585":"d","2586":"i","2587":"v","2588":" ","2589":"v","2590":"-","2591":"i","2592":"f","2593":"=","2594":"\\","2595":"\"","2596":"t","2597":"a","2598":"g","2599":"N","2600":"a","2601":"m","2602":"e","2603":".","2604":"l","2605":"e","2606":"n","2607":"g","2608":"t","2609":"h","2610":" ","2611":">","2612":" ","2613":"1","2614":"0","2615":"\\","2616":"\"","2617":" ","2618":"c","2619":"l","2620":"a","2621":"s","2622":"s","2623":"=","2624":"\\","2625":"\"","2626":"t","2627":"e","2628":"x","2629":"t","2630":"-","2631":"r","2632":"i","2633":"g","2634":"h","2635":"t","2636":"\\","2637":"\"","2638":">","2639":"\\","2640":"n","2641":" ","2642":" ","2643":" ","2644":" ","2645":" ","2646":" ","2647":"<","2648":"b","2649":"u","2650":"t","2651":"t","2652":"o","2653":"n","2654":"\\","2655":"n","2656":" ","2657":" ","2658":" ","2659":" ","2660":" ","2661":" ","2662":" ","2663":" ","2664":"c","2665":"l","2666":"a","2667":"s","2668":"s","2669":"=","2670":"\\","2671":"\"","2672":"t","2673":"e","2674":"x","2675":"t","2676":"-","2677":"b","2678":"l","2679":"u","2680":"e","2681":"-","2682":"6","2683":"0","2684":"0","2685":" ","2686":"t","2687":"e","2688":"x","2689":"t","2690":"-","2691":"s","2692":"m","2693":" ","2694":"f","2695":"o","2696":"n","2697":"t","2698":"-","2699":"m","2700":"e","2701":"d","2702":"i","2703":"u","2704":"m","2705":"\\","2706":"\"","2707":"\\","2708":"n","2709":" ","2710":" ","2711":" ","2712":" ","2713":" ","2714":" ","2715":" ","2716":" ","2717":"@","2718":"c","2719":"l","2720":"i","2721":"c","2722":"k","2723":"=","2724":"\\","2725":"\"","2726":"t","2727":"o","2728":"g","2729":"g","2730":"l","2731":"e","2732":"S","2733":"
[...]
:"e","17223":"c","17224":"t","17225":"(","17226":"\\","17227":"\"","17228":"*","17229":",","17230":"c","17231":"l","17232":"u","17233":"b","17234":"i","17235":"d","17236":"(","17237":"*","17238":")","17239":",","17240":"o","17241":"c","17242":"c","17243":"u","17244":"p","17245":"a","17246":"t","17247":"i","17248":"o","17249":"n","17250":"(","17251":"*","17252":")","17253":"\\","17254":"\"","17255":")","17256":"\\","17257":"n","17258":" ","17259":" ","17260":" ","17261":" ","17262":" ","17263":" ","17264":" ","17265":" ","17266":" ","17267":" ","17268":" ","17269":" ","17270":" ","17271":" ","17272":".","17273":"e","17274":"q","17275":"(","17276":"\\","17277":"\"","17278":"i","17279":"d","17280":"\\","17281":"\"","17282":",","17283":" ","17284":"t","17285":"h","17286":"i","17287":"s","17288":".","17289":"$","17290":"r","17291":"o","17292":"u","17293":"t","17294":"e","17295":".","17296":"p","17297":"a","17298":"r","17299":"a","17300":"m","17301":"s","17302":".","17303":"i","17304":"d","17305":")","17306":";","17307":"\\","17308":"n","17309":" ","17310":" ","17311":" ","17312":" ","17313":" ","17314":" ","17315":" ","17316":" ","17317":" ","17318":" ","17319":" ","17320":" ","17321":"t","17322":"h","17323":"i","17324":"s","17325":".","17326":"d","17327":"a","17328":"t","17329":"a","17330":" ","17331":"=","17332":" ","17333":"d","17334":";","17335":"\\","17336":"n","17337":" ","17338":" ","17339":" ","17340":" ","17341":" ","17342":" ","17343":" ","17344":" ","17345":" ","17346":" ","17347":"}","17348":"\\","17349":"n","17350":" ","17351":" ","17352":" ","17353":" ","17354":" ","17355":" ","17356":" ","17357":" ","17358":")","17359":"\\","17360":"n","17361":" ","17362":" ","17363":" ","17364":" ","17365":" ","17366":" ","17367":" ","17368":" ","17369":".","17370":"s","17371":"u","17372":"b","17373":"s","17374":"c","17375":"r","17376":"i","17377":"b","17378":"e","17379":"(","17380":")","17381":";","17382":"\\","17383":"n","17384":" ","17385":" ","17386":" ","17387":" ","17388":"}","17389":",","17390":"\\","17391":"n","17392":" ","17393":" ","17394":" ","17395":" ","17396":"e","17397":"d","17398":"i","17399":"t","17400":"C","17401":"o","17402":"m","17403":"p","17404":"(","17405":")","17406":" ","17407":"{","17408":"\\","17409":"n","17410":" ","17411":" ","17412":" ","17413":" ","17414":" ","17415":" ","17416":"s","17417":"u","17418":"b","17419":"m","17420":"i","17421":"t","17422":"F","17423":"o","17424":"r","17425":"m","17426":"(","17427":"\\","17428":"\"","17429":"e","17430":"d","17431":"i","17432":"t","17433":"\\","17434":"\"","17435":")","17436":";","17437":"\\","17438":"n","17439":" ","17440":" ","17441":" ","17442":" ","17443":"}","17444":",","17445":"\\","17446":"n","17447":" ","17448":" ","17449":" ","17450":" ","17451":"a","17452":"s","17453":"y","17454":"n","17455":"c","17456":" ","17457":"s","17458":"u","17459":"b","17460":"m","17461":"i","17462":"t","17463":"H","17464":"a","17465":"n","17466":"d","17467":"l","17468":"e","17469":"r","17470":"(","17471":"c","17472":"r","17473":"e","17474":"d","17475":"e","17476":"n","17477":"t","17478":"i","17479":"a","17480":"l","17481":"s","17482":")","17483":" ","17484":"{","17485":"\\","17486":"n","17487":" ","17488":" ","17489":" ","17490":" ","17491":" ","17492":" ","17493":"c","17494":"r","17495":"e","17496":"d","17497":"e","17498":"n","17499":"t","17500":"i","17501":"a","17502":"l","17503":"s","17504":".","17505":"i","17506":"d","17507":" ","17508":"=","17509":" ","17510":"S","17511":"t","17512":"r","17513":"i","17514":"n","17515":"g","17516":"(","17517":"t","17518":"h","17519":"i","17520":"s","17521":".","17522":"$","17523":"r","17524":"o","17525":"u","17526":"t","17527":"e","17528":".","17529":"p","17530":"a","17531":"r","17532":"a","17533":"m","17534":"s","17535":".","17536":"i","17537":"d","17538":")","17539":";","17540":"\\","17541":"n","17542":" ","17543":" ","17544":" ","17545":" ","17546":" ","17547":" ","17548":"a","17549":"w","17550":"a","17551":"i","17552":"t","17553":" ","17554":"a","17555":"x","17556":"i","17557":"o","17558":"s","17559":".","17560":"p","17561":"o","17562":"s","17563":"t","17564":"(","17565":"\\","17566":"\"","17567":"/","17568":"a","17569":"p","17570":"i","17571":"/","17572":"u","17573":"s","17574":"e","17575":"r","17576":"/","17577":"e","17578":"d","17579":"i","17580":"t","17581":"\\","17582":"\"","17583":",","17584":" ","17585":"c","17586":"r","17587":"e","17588":"d","17589":"e","17590":"n","17591":"t","17592":"i","17593":"a","17594":"l","17595":"s","17596":")","17597":";","17598":"\\","17599":"n","17600":" ","17601":" ","17602":" ","17603":" ","17604":" ","17605":" ","17606":"/","17607":"/","17608":" ","17609":"c","17610":"o","17611":"n","17612":"s","17613":"t","17614":" ","17615":"{","17616":" ","17617":"e","17618":"r","17619":"r","17620":"o","17621":"r","17622":" ","17623":"}","17624":" ","17625":"=","17626":" ","17627":"a","17628":"w","17629":"a","17630":"i","17631":"t","17632":" ","17633":"a","17634":"x","17635":"i","17636":"o","17637":"s","17638":".","17639":"g","17640":"e","17641":"t","17642":"(","17643":"\\","17644":"\"","17645":"/","17646":"a","17647":"p","17648":"i","17649":"/","17650":"u","17651":"s","17652":"e","17653":"r","17654":"/","17655":"e","17656":"d","17657":"i","17658":"t","17659":"\\","17660":"\"","17661":",","17662":" ","17663":"{","17664":"\\","17665":"n","17666":" ","17667":" ","17668":" ","17669":" ","17670":" ","17671":" ","17672":"/","17673":"/","17674":" ","17675":" ","17676":" ","17677":"m","17678":"e","17679":"t","17680":"h","17681":"o","17682":"d","17683":":","17684":" ","17685":"\\","17686":"\"","17687":"P","17688":"O","17689":"S","17690":"T","17691":"\\","17692":"\"","17693":",","17694":"\\","17695":"n","17696":" ","17697":" ","17698":" ","17699":" ","17700":" ","17701":" ","17702":"/","17703":"/","17704":" ","17705":" ","17706":" ","17707":"b","17708":"o","17709":"d","17710":"y","17711":":","17712":" ","17713":"c","17714":"r","17715":"e","17716":"d","17717":"e","17718":"n","17719":"t","17720":"i","17721":"a","17722":"l","17723":"s","17724":",","17725":"\\","17726":"n","17727":" ","17728":" ","17729":" ","17730":" ","17731":" ","17732":" ","17733":"/","17734":"/","17735":" ","17736":"}","17737":")","17738":";","17739":"\\","17740":"n","17741":" ","17742":" ","17743":" ","17744":" ","17745":" ","17746":" ","17747":"t","17748":"h","17749":"i","17750":"s","17751":".","17752":"e","17753":"d","17754":"i","17755":"t","17756":"b","17757":"o","17758":"o","17759":"l","17760":" ","17761":"=","17762":" ","17763":"!","17764":"t","17765":"h","17766":"i","17767":"s","17768":".","17769":"e","17770":"d","17771":"i","17772":"t","17773":"b","17774":"o","17775":"o","17776":"l","17777":";","17778":"\\","17779":"n","17780":" ","17781":" ","17782":" ","17783":" ","17784":"}","17785":",","17786":"\\","17787":"n","17788":" ","17789":" ","17790":" ","17791":" ","17792":"s","17793":"e","17794":"l","17795":"e","17796":"c","17797":"t","17798":"C","17799":"l","17800":"u","17801":"b","17802":"(","17803":"c","17804":"r","17805":"e","17806":"d","17807":"e","17808":"n","17809":"t","17810":"i","17811":"a","17812":"l","17813":"s","17814":")","17815":" ","17816":"{","17817":"\\","17818":"n","17819":" ","17820":" ","17821":" ","17822":" ","17823":" ","17824":" ","17825":"i","17826":"f","17827":" ","17828":"(","17829":"c","17830":"r","17831":"e","17832":"d","17833":"e","17834":"n","17835":"t","17836":"i","17837":"a","17838":"l","17839":"s","17840":" ","17841":"=","17842":"=","17843":"=","17844":" ","17845":"0","17846":")","17847":" ","17848":"{","17849":"\\","17850":"n","17851":" ","17852":" ","17853":" ","17854":" ","17855":" ","17856":" ","17857":" ","17858":" ","17859":"t","17860":"h","17861":"i","17862":"s","17863":".","17864":"o","17865":"t","17866":"h","17867":"e","17868":"r","17869":"s","17870":"C","17871":"l","17872":"u","17873":"b","17874":" ","17875":"=","17876":" ","17877":"t","17878":"r","17879":"u","17880":"e","17881":";","17882":"\\","17883":"n","17884":" ","17885":" ","17886":" ","17887":" ","17888":" ","17889":" ","17890":"}","17891":" ","17892":"e","17893":"l","17894":"s","17895":"e","17896":" ","17897":"{","17898":"\\","17899":"n","17900":" ","17901":" ","17902":" ","17903":" ","17904":" ","17905":" ","17906":" ","17907":" ","17908":"t","17909":"h","17910":"i","17911":"s","17912":".","17913":"o","17914":"t","17915":"h","17916":"e","17917":"r","17918":"s","17919":"C","17920":"l","17921":"u","17922":"b","17923":" ","17924":"=","17925":" ","17926":"f","17927":"a","17928":"l","17929":"s","17930":"e","17931":";","17932":"\\","17933":"n","17934":" ","17935":" ","17936":" ","17937":" ","17938":" ","17939":" ","17940":"}","17941":"\\","17942":"n","17943":" ","17944":" ","17945":" ","17946":" ","17947":"}","17948":",","17949":"\\","17950":"n","17951":" ","17952":" ","17953":" ","17954":" ","17955":"e","17956":"d","17957":"i","17958":"t","17959":"(","17960":")","17961":" ","17962":"{","17963":"\\","17964":"n","17965":" ","17966":" ","17967":" ","17968":" ","17969":" ","17970":" ","17971":"t","17972":"h","17973":"i","17974":"s","17975":".","17976":"e","17977":"d","17978":"i","17979":"t","17980":"b","17981":"o","17982":"o","17983":"l","17984":" ","17985":"=","17986":" ","17987":"!","17988":"t","17989":"h","17990":"i","17991":"s","17992":".","17993":"e","17994":"d","17995":"i","17996":"t","17997":"b","17998":"o","17999":"o","18000":"l","18001":";","18002":"\\","18003":"n","18004":" ","18005":" ","18006":" ","18007":" ","18008":"}","18009":",","18010":"\\","18011":"n","18012":" ","18013":" ","18014":" ","18015":" ","18016":"i","18017":"c","18018":"o","18019":"n","18020":"e","18021":"d","18022":"i","18023":"t","18024":"(","18025":")","18026":" ","18027":"{","18028":"\\","18029":"n","18030":" ","18031":" ","18032":" ","18033":" ","18034":" ","18035":" ","18036":"t","18037":"h","18038":"i","18039":"s","18040":".","18041":"i","18042":"c","18043":"o","18044":"n","18045":"e","18046":"d","18047":"i","18048":"t","18049":"b","18050":"o","18051":"o","18052":"l","18053":" ","18054":"=","18055":" ","18056":"!","18057":"t","18058":"h","18059":"i","18060":"s","18061":".","18062":"i","18063":"c","18064":"o","18065":"n","18066":"e","18067":"d","18068":"i","18069":"t","18070":"b","18071":"o","18072":"o","18073":"l","18074":";","18075":"\\","18076":"n","18077":" ","18078":" ","18079":" ","18080":" ","18081":"}","18082":",","18083":"\\","18084":"n","18085":" ","18086":" ","18087":" ","18088":" ","18089":"s","18090":"e","18091":"t","18092":"I","18093":"m","18094":"a","18095":"g","18096":"e","18097":"(","18098":"c","18099":"r","18100":"e","18101":"d","18102":"e","18103":"n","18104":"t","18105":"i","18106":"a","18107":"l","18108":"s","18109":")","18110":" ","18111":"{","18112":"\\","18113":"n","18114":" ","18115":" ","18116":" ","18117":" ","18118":" ","18119":" ","18120":"c","18121":"o","18122":"n","18123":"s","18124":"t","18125":" ","18126":"f","18127":"i","18128":"l","18129":"e","18130":"I","18131":"m","18132":"g","18133":" ","18134":"=","18135":" ","18136":"c","18137":"r","18138":"e","18139":"d","18140":"e","18141":"n","18142":"t","18143":"i","18144":"a","18145":"l","18146":"s","18147":"[","18148":"0","18149":"]","18150":".","18151":"f","18152":"i","18153":"l","18154":"e","18155":";","18156":"\\","18157":"n","18158":" ","18159":" ","18160":" ","18161":" ","18162":" ","18163":" ","18164":"t","18165":"h","18166":"i","18167":"s","18168":".","18169":"a","18170":"v","18171":"a","18172":"t","18173":"a","18174":"r","18175":"I","18176":"m","18177":"a","18178":"g","18179":"e","18180":" ","18181":"=","18182":" ","18183":"U","18184":"R","18185":"L","18186":".","18187":"c","18188":"r","18189":"e","18190":"a","18191":"t","18192":"e","18193":"O","18194":"b","18195":"j","18196":"e","18197":"c","18198":"t","18199":"U","18200":"R","18201":"L","18202":"(","18203":"f","18204":"i","18205":"l","18206":"e","18207":"I","18208":"m","18209":"g","18210":")","18211":";","18212":"\\","18213":"n","18214":" ","18215":" ","18216":" ","18217":" ","18218":"}","18219":",","18220":"\\","18221":"n","18222":" ","18223":" ","18224":" ","18225":" ","18226":"a","18227":"s","18228":"y","18229":"n","18230":"c","18231":" ","18232":"i","18233":"c","18234":"o","18235":"n","18236":"s","18237":"u","18238":"b","18239":"m","18240":"i","18241":"t","18242":"(","18243":"c","18244":"r","18245":"e","18246":"d","18247":"e","18248":"n","18249":"t","18250":"i","18251":"a","18252":"l","18253":"s","18254":")","18255":" ","18256":"{","18257":"\\","18258":"n","18259":" ","18260":" ","18261":" ","18262":" ","18263":" ","18264":" ","18265":"c","18266":"o","18267":"n","18268":"s","18269":"t","18270":" ","18271":"f","18272":"i","18273":"l","18274":"e","18275":" ","18276":"=","18277":" ","18278":"c","18279":"r","18280":"e","18281":"d","18282":"e","18283":"n","18284":"t","18285":"i","18286":"a","18287":"l","18288":"s","18289":".","18290":"f","18291":"i","18292":"l","18293":"e","18294":"[","18295":"0","18296":"]","18297":".","18298":"f","18299":"i","18300":"l","18301":"e","18302":";","18303":" ","18304":"/","18305":"/","18306":" ","18307":"選","18308":"択","18309":"さ","18310":"れ","18311":"た","18312":"画","18313":"像","18314":"を","18315":"取","18316":"得","18317":"\\","18318":"n","18319":" ","18320":" ","18321":" ","18322":" ","18323":" ","18324":" ","18325":"c","18326":"o","18327":"n","18328":"s","18329":"t","18330":" ","18331":"r","18332":"a","18333":"n","18334":"d","18335":"o","18336":"m","18337":" ","18338":"=","18339":" ","18340":"M","18341":"a","18342":"t","18343":"h","18344":".","18345":"r","18346":"a","18347":"n","18348":"d","18349":"o","18350":"m","18351":"(","18352":")","18353":".","18354":"t","18355":"o","18356":"S","18357":"t","18358":"r","18359":"i","18360":"n","18361":"g","18362":"(","18363":"3","18364":"2","18365":")","18366":".","18367":"s","18368":"u","18369":"b","18370":"s","18371":"t","18372":"r","18373":"i","18374":"n","18375":"g","18376":"(","18377":"2","18378":")","18379":";","18380":"\\","18381":"n","18382":" ","18383":" ","18384":" ","18385":" ","18386":" ","18387":" ","18388":"c","18389":"o","18390":"n","18391":"s","18392":"t","18393":" ","18394":"f","18395":"i","18396":"l","18397":"e","18398":"P","18399":"a","18400":"t","18401":"h","18402":" ","18403":"=","18404":" ","18405":"t","18406":"h","18407":"i","18408":"s","18409":".","18410":"$","18411":"r","18412":"o","18413":"u","18414":"t","18415":"e","18416":".","18417":"p","18418":"a","18419":"r","18420":"a","18421":"m","18422":"s","18423":".","18424":"i","18425":"d","18426":" ","18427":"+","18428":" ","18429":"r","18430":"a","18431":"n","18432":"d","18433":"o","18434":"m","18435":";","18436":"\\","18437":"n","18438":" ","18439":" ","18440":" ","18441":" ","18442":" ","18443":" ","18444":"a","18445":"w","18446":"a","18447":"i","18448":"t","18449":" ","18450":"t","18451":"h","18452":"i","18453":"s","18454":".","18455":"c","18456":"l","18457":"i","18458":"e","18459":"n","18460":"t","18461":".","18462":"s","18463":"t","18464":"o","18465":"r","18466":"a","18467":"g","18468":"e","18469":".","18470":"f","18471":"r","18472":"o","18473":"m","18474":"(","18475":"\\","18476":"\"","18477":"a","18478":"v","18479":"a","18480":"t","18481":"a","18482":"r","18483":"s","18484":"\\","18485":"\"","18486":")","18487":".","18488":"u","18489":"p","18490":"l","18491":"o","18492":"a","18493":"d","18494":"(","18495":"f","18496":"i","18497":"l","18498":"e","18499":"P","18500":"a","18501":"t","18502":"h","18503":",","18504":" ","18505":"f","18506":"i","18507":"l","18508":"e","18509":")","18510":";","18511":"\\","18512":"n","18513":"\\","18514":"n","18515":" ","18516":" ","18517":" ","18518":" ","18519":" ","18520":" ","18521":"c","18522":"o","18523":"n","18524":"s","18525":"t","18526":" ","18527":"{","18528":" ","18529":"d","18530":"a","18531":"t","18532":"a","18533":" ","18534":"}","18535":" ","18536":"=","18537":" ","18538":"a","18539":"w","18540":"a","18541":"i","18542":"t","18543":" ","18544":"t","18545":"h","18546":"i","18547":"s","18548":".","18549":"c","18550":"l","18551":"i","18552":"e","18553":"n","18554":"t","18555":".","18556":"s","18557":"t","18558":"o","18559":"r","18560":"a","18561":"g","18562":"e","18563":"\\","18564":"n","18565":" ","18566":" ","18567":" ","18568":" ","18569":" ","18570":" ","18571":" ","18572":" ","18573":".","18574":"f","18575":"r","18576":"o","18577":"m","18578":"(","18579":"\\","18580":"\"","18581":"a","18582":"v","18583":"a","18584":"t","18585":"a","18586":"r","18587":"s","18588":"\\","18589":"\"","18590":")","18591":"\\","18592":"n","18593":" ","18594":" ","18595":" ","18596":" ","18597":" ","18598":" ","18599":" ","18600":" ","18601":".","18602":"g","18603":"e","18604":"t","18605":"P","18606":"u","18607":"b","18608":"l","18609":"i","18610":"c","18611":"U","18612":"r","18613":"l","18614":"(","18615":"f","18616":"i","18617":"l","18618":"e","18619":"P","18620":"a","18621":"t","18622":"h","18623":")","18624":";","18625":"\\","18626":"n","18627":" ","18628":" ","18629":" ","18630":" ","18631":" ","18632":" ","18633":"c","18634":"o","18635":"n","18636":"s","18637":"t","18638":" ","18639":"i","18640":"m","18641":"a","18642":"g","18643":"e","18644":"U","18645":"r","18646":"l","18647":" ","18648":"=","18649":" ","18650":"d","18651":"a","18652":"t","18653":"a","18654":".","18655":"p","18656":"u","18657":"b","18658":"l","18659":"i","18660":"c","18661":"U","18662":"r","18663":"l","18664":";","18665":"\\","18666":"n","18667":" ","18668":" ","18669":" ","18670":" ","18671":" ","18672":" ","18673":"a","18674":"w","18675":"a","18676":"i","18677":"t","18678":" ","18679":"t","18680":"h","18681":"i","18682":"s","18683":".","18684":"c","18685":"l","18686":"i","18687":"e","18688":"n","18689":"t","18690":".","18691":"f","18692":"r","18693":"o","18694":"m","18695":"(","18696":"\\","18697":"\"","18698":"p","18699":"r","18700":"o","18701":"f","18702":"i","18703":"l","18704":"e","18705":"s","18706":"\\","18707":"\"","18708":")","18709":".","18710":"u","18711":"p","18712":"s","18713":"e","18714":"r","18715":"t","18716":"(","18717":"{","18718":"\\","18719":"n","18720":" ","18721":" ","18722":" ","18723":" ","18724":" ","18725":" ","18726":" ","18727":" ","18728":"i","18729":"d","18730":":","18731":" ","18732":"t","18733":"h","18734":"i","18735":"s","18736":".","18737":"$","18738":"r","18739":"o","18740":"u","18741":"t","18742":"e","18743":".","18744":"p","18745":"a","18746":"r","18747":"a","18748":"m","18749":"s","18750":".","18751":"i","18752":"d","18753":",","18754":"\\","18755":"n","18756":" ","18757":" ","18758":" ","18759":" ","18760":" ","18761":" ","18762":" ","18763":" ","18764":"i","18765":"m","18766":"a","18767":"g","18768":"e","18769":":","18770":" ","18771":"i","18772":"m","18773":"a","18774":"g","18775":"e","18776":"U","18777":"r","18778":"l","18779":",","18780":"\\","18781":"n","18782":" ","18783":" ","18784":" ","18785":" ","18786":" ","18787":" ","18788":"}","18789":")","18790":";","18791":"\\","18792":"n","18793":" ","18794":" ","18795":" ","18796":" ","18797":" ","18798":" ","18799":"t","18800":"h","18801":"i","18802":"s","18803":".","18804":"i","18805":"c","18806":"o","18807":"n","18808":"e","18809":"d","18810":"i","18811":"t","18812":"b","18813":"o","18814":"o","18815":"l","18816":" ","18817":"=","18818":" ","18819":"!","18820":"t","18821":"h","18822":"i","18823":"s","18824":".","18825":"i","18826":"c","18827":"o","18828":"n","18829":"e","18830":"d","18831":"i","18832":"t","18833":"b","18834":"o","18835":"o","18836":"l","18837":";","18838":"\\","18839":"n","18840":" ","18841":" ","18842":" ","18843":" ","18844":"}","18845":",","18846":"\\","18847":"n","18848":" ","18849":" ","18850":"}","18851":",","18852":"\\","18853":"n","18854":"}","18855":";","18856":"\\","18857":"n","18858":"<","18859":"/","18860":"s","18861":"c","18862":"r","18863":"i","18864":"p","18865":"t","18866":">","18867":"\\","18868":"n","18869":"\"","18870":"]","18871":"}"},"_coverageSchema":"1a1c01bbd47fc00a2c39e90264f33305004495a9","hash":"0cb0fcc1b4bc90c11dc178e40f3c67413bfdadb7"}
}
