{"/Users/konishi-work/src/qiita-builder/qiita-builder/pages/userRegisterCopy.vue": {"path":"/Users/konishi-work/src/qiita-builder/qiita-builder/pages/userRegisterCopy.vue","statementMap":{"0":{"start":{"line":5,"column":0},"end":{"line":33,"column":1}},"1":{"start":{"line":9,"column":4},"end":{"line":11,"column":7}},"2":{"start":{"line":10,"column":6},"end":{"line":10,"column":21}},"3":{"start":{"line":13,"column":2},"end":{"line":32,"column":5}},"4":{"start":{"line":15,"column":6},"end":{"line":19,"column":7}},"5":{"start":{"line":16,"column":8},"end":{"line":16,"column":36}},"6":{"start":{"line":18,"column":8},"end":{"line":18,"column":18}},"7":{"start":{"line":22,"column":6},"end":{"line":26,"column":7}},"8":{"start":{"line":23,"column":8},"end":{"line":23,"column":40}},"9":{"start":{"line":25,"column":8},"end":{"line":25,"column":18}},"10":{"start":{"line":29,"column":6},"end":{"line":29,"column":90}},"11":{"start":{"line":31,"column":4},"end":{"line":31,"column":74}},"12":{"start":{"line":36,"column":0},"end":{"line":125,"column":1}},"13":{"start":{"line":39,"column":10},"end":{"line":47,"column":5}},"14":{"start":{"line":42,"column":8},"end":{"line":42,"column":33}},"15":{"start":{"line":42,"column":22},"end":{"line":42,"column":33}},"16":{"start":{"line":43,"column":8},"end":{"line":43,"column":20}},"17":{"start":{"line":52,"column":2},"end":{"line":58,"column":8}},"18":{"start":{"line":57,"column":4},"end":{"line":57,"column":16}},"19":{"start":{"line":60,"column":4},"end":{"line":62,"column":6}},"20":{"start":{"line":61,"column":6},"end":{"line":61,"column":26}},"21":{"start":{"line":65,"column":4},"end":{"line":65,"column":66}},"22":{"start":{"line":65,"column":11},"end":{"line":65,"column":66}},"23":{"start":{"line":66,"column":4},"end":{"line":118,"column":5}},"24":{"start":{"line":66,"column":46},"end":{"line":118,"column":5}},"25":{"start":{"line":67,"column":6},"end":{"line":67,"column":163}},"26":{"start":{"line":67,"column":154},"end":{"line":67,"column":163}},"27":{"start":{"line":68,"column":6},"end":{"line":68,"column":46}},"28":{"start":{"line":68,"column":20},"end":{"line":68,"column":46}},"29":{"start":{"line":69,"column":6},"end":{"line":111,"column":7}},"30":{"start":{"line":72,"column":10},"end":{"line":72,"column":17}},"31":{"start":{"line":73,"column":10},"end":{"line":73,"column":16}},"32":{"start":{"line":75,"column":10},"end":{"line":75,"column":20}},"33":{"start":{"line":76,"column":10},"end":{"line":79,"column":12}},"34":{"start":{"line":81,"column":10},"end":{"line":81,"column":20}},"35":{"start":{"line":82,"column":10},"end":{"line":82,"column":20}},"36":{"start":{"line":83,"column":10},"end":{"line":83,"column":19}},"37":{"start":{"line":84,"column":10},"end":{"line":84,"column":19}},"38":{"start":{"line":86,"column":10},"end":{"line":86,"column":27}},"39":{"start":{"line":87,"column":10},"end":{"line":87,"column":23}},"40":{"start":{"line":88,"column":10},"end":{"line":88,"column":19}},"41":{"start":{"line":90,"column":10},"end":{"line":93,"column":11}},"42":{"start":{"line":91,"column":12},"end":{"line":91,"column":18}},"43":{"start":{"line":92,"column":12},"end":{"line":92,"column":21}},"44":{"start":{"line":94,"column":10},"end":{"line":97,"column":11}},"45":{"start":{"line":95,"column":12},"end":{"line":95,"column":28}},"46":{"start":{"line":96,"column":12},"end":{"line":96,"column":18}},"47":{"start":{"line":98,"column":10},"end":{"line":102,"column":11}},"48":{"start":{"line":99,"column":12},"end":{"line":99,"column":27}},"49":{"start":{"line":100,"column":12},"end":{"line":100,"column":19}},"50":{"start":{"line":101,"column":12},"end":{"line":101,"column":18}},"51":{"start":{"line":103,"column":10},"end":{"line":107,"column":11}},"52":{"start":{"line":104,"column":12},"end":{"line":104,"column":27}},"53":{"start":{"line":105,"column":12},"end":{"line":105,"column":27}},"54":{"start":{"line":106,"column":12},"end":{"line":106,"column":18}},"55":{"start":{"line":108,"column":10},"end":{"line":108,"column":32}},"56":{"start":{"line":108,"column":20},"end":{"line":108,"column":32}},"57":{"start":{"line":109,"column":10},"end":{"line":109,"column":23}},"58":{"start":{"line":110,"column":10},"end":{"line":110,"column":19}},"59":{"start":{"line":112,"column":6},"end":{"line":112,"column":33}},"60":{"start":{"line":114,"column":6},"end":{"line":114,"column":18}},"61":{"start":{"line":115,"column":6},"end":{"line":115,"column":12}},"62":{"start":{"line":117,"column":6},"end":{"line":117,"column":16}},"63":{"start":{"line":119,"column":4},"end":{"line":119,"column":31}},"64":{"start":{"line":119,"column":19},"end":{"line":119,"column":31}},"65":{"start":{"line":120,"column":4},"end":{"line":123,"column":6}},"66":{"start":{"line":126,"column":0},"end":{"line":128,"column":3}},"67":{"start":{"line":129,"column":12},"end":{"line":129,"column":26}},"68":{"start":{"line":130,"column":13},"end":{"line":130,"column":37}},"69":{"start":{"line":131,"column":14},"end":{"line":131,"column":30}},"70":{"start":{"line":132,"column":12},"end":{"line":132,"column":26}},"71":{"start":{"line":133,"column":20},"end":{"line":133,"column":52}},"72":{"start":{"line":134,"column":19},"end":{"line":134,"column":40}},"73":{"start":{"line":135,"column":15},"end":{"line":135,"column":32}},"74":{"start":{"line":137,"column":0},"end":{"line":304,"column":3}},"75":{"start":{"line":140,"column":16},"end":{"line":140,"column":20}},"76":{"start":{"line":141,"column":19},"end":{"line":141,"column":28}},"77":{"start":{"line":142,"column":4},"end":{"line":142,"column":15}},"78":{"start":{"line":143,"column":15},"end":{"line":143,"column":36}},"79":{"start":{"line":144,"column":14},"end":{"line":146,"column":5}},"80":{"start":{"line":145,"column":6},"end":{"line":145,"column":26}},"81":{"start":{"line":147,"column":4},"end":{"line":147,"column":10}},"82":{"start":{"line":149,"column":4},"end":{"line":151,"column":7}},"83":{"start":{"line":152,"column":24},"end":{"line":152,"column":42}},"84":{"start":{"line":153,"column":23},"end":{"line":153,"column":41}},"85":{"start":{"line":154,"column":15},"end":{"line":157,"column":7}},"86":{"start":{"line":158,"column":21},"end":{"line":158,"column":39}},"87":{"start":{"line":159,"column":21},"end":{"line":159,"column":42}},"88":{"start":{"line":162,"column":20},"end":{"line":201,"column":5}},"89":{"start":{"line":163,"column":6},"end":{"line":200,"column":9}},"90":{"start":{"line":166,"column":8},"end":{"line":199,"column":11}},"91":{"start":{"line":167,"column":10},"end":{"line":198,"column":11}},"92":{"start":{"line":169,"column":14},"end":{"line":169,"column":39}},"93":{"start":{"line":170,"column":14},"end":{"line":170,"column":73}},"94":{"start":{"line":172,"column":14},"end":{"line":172,"column":39}},"95":{"start":{"line":173,"column":14},"end":{"line":173,"column":79}},"96":{"start":{"line":175,"column":14},"end":{"line":175,"column":45}},"97":{"start":{"line":176,"column":14},"end":{"line":176,"column":56}},"98":{"start":{"line":177,"column":14},"end":{"line":177,"column":68}},"99":{"start":{"line":178,"column":14},"end":{"line":183,"column":17}},"100":{"start":{"line":179,"column":16},"end":{"line":182,"column":19}},"101":{"start":{"line":184,"column":14},"end":{"line":189,"column":17}},"102":{"start":{"line":185,"column":16},"end":{"line":188,"column":19}},"103":{"start":{"line":190,"column":14},"end":{"line":190,"column":38}},"104":{"start":{"line":192,"column":14},"end":{"line":192,"column":34}},"105":{"start":{"line":194,"column":14},"end":{"line":194,"column":55}},"106":{"start":{"line":195,"column":14},"end":{"line":195,"column":38}},"107":{"start":{"line":197,"column":14},"end":{"line":197,"column":36}},"108":{"start":{"line":204,"column":17},"end":{"line":204,"column":46}},"109":{"start":{"line":205,"column":17},"end":{"line":205,"column":38}},"110":{"start":{"line":207,"column":17},"end":{"line":207,"column":320}},"111":{"start":{"line":209,"column":21},"end":{"line":215,"column":5}},"112":{"start":{"line":210,"column":6},"end":{"line":214,"column":7}},"113":{"start":{"line":211,"column":8},"end":{"line":211,"column":32}},"114":{"start":{"line":213,"column":8},"end":{"line":213,"column":33}},"115":{"start":{"line":217,"column":25},"end":{"line":235,"column":5}},"116":{"start":{"line":218,"column":6},"end":{"line":234,"column":9}},"117":{"start":{"line":219,"column":8},"end":{"line":233,"column":11}},"118":{"start":{"line":220,"column":10},"end":{"line":232,"column":11}},"119":{"start":{"line":222,"column":14},"end":{"line":222,"column":49}},"120":{"start":{"line":223,"column":14},"end":{"line":225,"column":18}},"121":{"start":{"line":224,"column":16},"end":{"line":224,"column":43}},"122":{"start":{"line":227,"column":14},"end":{"line":227,"column":24}},"123":{"start":{"line":228,"column":14},"end":{"line":230,"column":15}},"124":{"start":{"line":229,"column":16},"end":{"line":229,"column":33}},"125":{"start":{"line":231,"column":14},"end":{"line":231,"column":36}},"126":{"start":{"line":237,"column":23},"end":{"line":255,"column":5}},"127":{"start":{"line":238,"column":6},"end":{"line":254,"column":9}},"128":{"start":{"line":239,"column":8},"end":{"line":253,"column":11}},"129":{"start":{"line":240,"column":10},"end":{"line":252,"column":11}},"130":{"start":{"line":242,"column":14},"end":{"line":242,"column":49}},"131":{"start":{"line":243,"column":14},"end":{"line":245,"column":18}},"132":{"start":{"line":244,"column":16},"end":{"line":244,"column":43}},"133":{"start":{"line":247,"column":14},"end":{"line":247,"column":24}},"134":{"start":{"line":248,"column":14},"end":{"line":250,"column":15}},"135":{"start":{"line":249,"column":16},"end":{"line":249,"column":50}},"136":{"start":{"line":251,"column":14},"end":{"line":251,"column":36}},"137":{"start":{"line":257,"column":24},"end":{"line":279,"column":5}},"138":{"start":{"line":258,"column":6},"end":{"line":278,"column":9}},"139":{"start":{"line":260,"column":8},"end":{"line":277,"column":11}},"140":{"start":{"line":261,"column":10},"end":{"line":276,"column":11}},"141":{"start":{"line":263,"column":14},"end":{"line":263,"column":40}},"142":{"start":{"line":264,"column":14},"end":{"line":264,"column":39}},"143":{"start":{"line":265,"column":14},"end":{"line":265,"column":38}},"144":{"start":{"line":266,"column":14},"end":{"line":266,"column":103}},"145":{"start":{"line":268,"column":14},"end":{"line":268,"column":44}},"146":{"start":{"line":269,"column":14},"end":{"line":271,"column":15}},"147":{"start":{"line":270,"column":16},"end":{"line":270,"column":60}},"148":{"start":{"line":272,"column":14},"end":{"line":274,"column":15}},"149":{"start":{"line":273,"column":16},"end":{"line":273,"column":56}},"150":{"start":{"line":275,"column":14},"end":{"line":275,"column":36}},"151":{"start":{"line":281,"column":23},"end":{"line":297,"column":5}},"152":{"start":{"line":298,"column":4},"end":{"line":301,"column":7}},"153":{"start":{"line":302,"column":4},"end":{"line":302,"column":24}},"154":{"start":{"line":306,"column":0},"end":{"line":306,"column":62}},"155":{"start":{"line":307,"column":0},"end":{"line":307,"column":24}},"156":{"start":{"line":308,"column":12},"end":{"line":308,"column":26}},"157":{"start":{"line":309,"column":17},"end":{"line":309,"column":54}},"158":{"start":{"line":310,"column":17},"end":{"line":310,"column":35}},"159":{"start":{"line":311,"column":31},"end":{"line":311,"column":112}},"160":{"start":{"line":312,"column":17},"end":{"line":312,"column":34}},"161":{"start":{"line":313,"column":17},"end":{"line":313,"column":34}},"162":{"start":{"line":314,"column":17},"end":{"line":314,"column":34}},"163":{"start":{"line":315,"column":17},"end":{"line":315,"column":34}},"164":{"start":{"line":316,"column":17},"end":{"line":316,"column":39}},"165":{"start":{"line":317,"column":17},"end":{"line":317,"column":42}},"166":{"start":{"line":318,"column":18},"end":{"line":318,"column":35}},"167":{"start":{"line":319,"column":18},"end":{"line":319,"column":35}},"168":{"start":{"line":320,"column":18},"end":{"line":320,"column":35}},"169":{"start":{"line":321,"column":18},"end":{"line":321,"column":43}},"170":{"start":{"line":323,"column":29},"end":{"line":323,"column":67}},"171":{"start":{"line":324,"column":4},"end":{"line":520,"column":34}},"172":{"start":{"line":522,"column":0},"end":{"line":522,"column":24}},"173":{"start":{"line":523,"column":1},"end":{"line":523,"column":48}}},"fnMap":{"0":{"name":"(anonymous_0)","decl":{"start":{"line":7,"column":22},"end":{"line":7,"column":23}},"loc":{"start":{"line":7,"column":67},"end":{"line":33,"column":1}},"line":7},"1":{"name":"adopt","decl":{"start":{"line":8,"column":11},"end":{"line":8,"column":16}},"loc":{"start":{"line":8,"column":24},"end":{"line":12,"column":3}},"line":8},"2":{"name":"(anonymous_2)","decl":{"start":{"line":9,"column":46},"end":{"line":9,"column":47}},"loc":{"start":{"line":9,"column":65},"end":{"line":11,"column":5}},"line":9},"3":{"name":"(anonymous_3)","decl":{"start":{"line":13,"column":34},"end":{"line":13,"column":35}},"loc":{"start":{"line":13,"column":61},"end":{"line":32,"column":3}},"line":13},"4":{"name":"fulfilled","decl":{"start":{"line":14,"column":13},"end":{"line":14,"column":22}},"loc":{"start":{"line":14,"column":30},"end":{"line":20,"column":5}},"line":14},"5":{"name":"rejected","decl":{"start":{"line":21,"column":13},"end":{"line":21,"column":21}},"loc":{"start":{"line":21,"column":29},"end":{"line":27,"column":5}},"line":21},"6":{"name":"step","decl":{"start":{"line":28,"column":13},"end":{"line":28,"column":17}},"loc":{"start":{"line":28,"column":26},"end":{"line":30,"column":5}},"line":28},"7":{"name":"(anonymous_7)","decl":{"start":{"line":38,"column":24},"end":{"line":38,"column":25}},"loc":{"start":{"line":38,"column":49},"end":{"line":125,"column":1}},"line":38},"8":{"name":"(anonymous_8)","decl":{"start":{"line":41,"column":12},"end":{"line":41,"column":13}},"loc":{"start":{"line":41,"column":24},"end":{"line":44,"column":7}},"line":41},"9":{"name":"(anonymous_9)","decl":{"start":{"line":56,"column":59},"end":{"line":56,"column":60}},"loc":{"start":{"line":56,"column":71},"end":{"line":58,"column":3}},"line":56},"10":{"name":"verb","decl":{"start":{"line":59,"column":11},"end":{"line":59,"column":15}},"loc":{"start":{"line":59,"column":19},"end":{"line":63,"column":3}},"line":59},"11":{"name":"(anonymous_11)","decl":{"start":{"line":60,"column":11},"end":{"line":60,"column":12}},"loc":{"start":{"line":60,"column":24},"end":{"line":62,"column":5}},"line":60},"12":{"name":"step","decl":{"start":{"line":64,"column":11},"end":{"line":64,"column":15}},"loc":{"start":{"line":64,"column":20},"end":{"line":124,"column":3}},"line":64},"13":{"name":"(anonymous_13)","decl":{"start":{"line":139,"column":9},"end":{"line":139,"column":10}},"loc":{"start":{"line":139,"column":32},"end":{"line":303,"column":3}},"line":139},"14":{"name":"(anonymous_14)","decl":{"start":{"line":144,"column":14},"end":{"line":144,"column":15}},"loc":{"start":{"line":144,"column":26},"end":{"line":146,"column":5}},"line":144},"15":{"name":"(anonymous_15)","decl":{"start":{"line":162,"column":20},"end":{"line":162,"column":21}},"loc":{"start":{"line":162,"column":32},"end":{"line":201,"column":5}},"line":162},"16":{"name":"(anonymous_16)","decl":{"start":{"line":163,"column":46},"end":{"line":163,"column":47}},"loc":{"start":{"line":163,"column":58},"end":{"line":200,"column":7}},"line":163},"17":{"name":"(anonymous_17)","decl":{"start":{"line":166,"column":33},"end":{"line":166,"column":34}},"loc":{"start":{"line":166,"column":47},"end":{"line":199,"column":9}},"line":166},"18":{"name":"(anonymous_18)","decl":{"start":{"line":178,"column":83},"end":{"line":178,"column":84}},"loc":{"start":{"line":178,"column":96},"end":{"line":183,"column":15}},"line":178},"19":{"name":"(anonymous_19)","decl":{"start":{"line":184,"column":89},"end":{"line":184,"column":90}},"loc":{"start":{"line":184,"column":102},"end":{"line":189,"column":15}},"line":184},"20":{"name":"(anonymous_20)","decl":{"start":{"line":209,"column":21},"end":{"line":209,"column":22}},"loc":{"start":{"line":209,"column":44},"end":{"line":215,"column":5}},"line":209},"21":{"name":"(anonymous_21)","decl":{"start":{"line":217,"column":25},"end":{"line":217,"column":26}},"loc":{"start":{"line":217,"column":37},"end":{"line":235,"column":5}},"line":217},"22":{"name":"(anonymous_22)","decl":{"start":{"line":218,"column":46},"end":{"line":218,"column":47}},"loc":{"start":{"line":218,"column":58},"end":{"line":234,"column":7}},"line":218},"23":{"name":"(anonymous_23)","decl":{"start":{"line":219,"column":33},"end":{"line":219,"column":34}},"loc":{"start":{"line":219,"column":47},"end":{"line":233,"column":9}},"line":219},"24":{"name":"(anonymous_24)","decl":{"start":{"line":223,"column":47},"end":{"line":223,"column":48}},"loc":{"start":{"line":223,"column":60},"end":{"line":225,"column":15}},"line":223},"25":{"name":"(anonymous_25)","decl":{"start":{"line":237,"column":23},"end":{"line":237,"column":24}},"loc":{"start":{"line":237,"column":35},"end":{"line":255,"column":5}},"line":237},"26":{"name":"(anonymous_26)","decl":{"start":{"line":238,"column":46},"end":{"line":238,"column":47}},"loc":{"start":{"line":238,"column":58},"end":{"line":254,"column":7}},"line":238},"27":{"name":"(anonymous_27)","decl":{"start":{"line":239,"column":33},"end":{"line":239,"column":34}},"loc":{"start":{"line":239,"column":47},"end":{"line":253,"column":9}},"line":239},"28":{"name":"(anonymous_28)","decl":{"start":{"line":243,"column":47},"end":{"line":243,"column":48}},"loc":{"start":{"line":243,"column":60},"end":{"line":245,"column":15}},"line":243},"29":{"name":"(anonymous_29)","decl":{"start":{"line":257,"column":24},"end":{"line":257,"column":25}},"loc":{"start":{"line":257,"column":47},"end":{"line":279,"column":5}},"line":257},"30":{"name":"(anonymous_30)","decl":{"start":{"line":258,"column":46},"end":{"line":258,"column":47}},"loc":{"start":{"line":258,"column":58},"end":{"line":278,"column":7}},"line":258},"31":{"name":"(anonymous_31)","decl":{"start":{"line":260,"column":33},"end":{"line":260,"column":34}},"loc":{"start":{"line":260,"column":47},"end":{"line":277,"column":9}},"line":260},"32":{"name":"render","decl":{"start":{"line":322,"column":9},"end":{"line":322,"column":15}},"loc":{"start":{"line":322,"column":63},"end":{"line":521,"column":1}},"line":322}},"branchMap":{"0":{"loc":{"start":{"line":5,"column":0},"end":{"line":33,"column":1}},"type":"binary-expr","locations":[{"start":{"line":5,"column":0},"end":{"line":5,"column":6}},{"start":{"line":7,"column":22},"end":{"line":33,"column":1}}],"line":5},"1":{"loc":{"start":{"line":9,"column":11},"end":{"line":11,"column":6}},"type":"cond-expr","locations":[{"start":{"line":9,"column":32},"end":{"line":9,"column":37}},{"start":{"line":9,"column":40},"end":{"line":11,"column":6}}],"line":9},"2":{"loc":{"start":{"line":13,"column":14},"end":{"line":13,"column":32}},"type":"binary-expr","locations":[{"start":{"line":13,"column":14},"end":{"line":13,"column":15}},{"start":{"line":13,"column":20},"end":{"line":13,"column":31}}],"line":13},"3":{"loc":{"start":{"line":29,"column":6},"end":{"line":29,"column":89}},"type":"cond-expr","locations":[{"start":{"line":29,"column":20},"end":{"line":29,"column":41}},{"start":{"line":29,"column":44},"end":{"line":29,"column":89}}],"line":29},"4":{"loc":{"start":{"line":31,"column":47},"end":{"line":31,"column":63}},"type":"binary-expr","locations":[{"start":{"line":31,"column":47},"end":{"line":31,"column":57}},{"start":{"line":31,"column":61},"end":{"line":31,"column":63}}],"line":31},"5":{"loc":{"start":{"line":36,"column":0},"end":{"line":125,"column":1}},"type":"binary-expr","locations":[{"start":{"line":36,"column":0},"end":{"line":36,"column":6}},{"start":{"line":38,"column":24},"end":{"line":125,"column":1}}],"line":36},"6":{"loc":{"start":{"line":42,"column":8},"end":{"line":42,"column":33}},"type":"if","locations":[{"start":{"line":42,"column":8},"end":{"line":42,"column":33}},{"start":{},"end":{}}],"line":42},"7":{"loc":{"start":{"line":56,"column":5},"end":{"line":58,"column":4}},"type":"binary-expr","locations":[{"start":{"line":56,"column":5},"end":{"line":56,"column":33}},{"start":{"line":56,"column":38},"end":{"line":58,"column":3}}],"line":56},"8":{"loc":{"start":{"line":65,"column":4},"end":{"line":65,"column":66}},"type":"if","locations":[{"start":{"line":65,"column":4},"end":{"line":65,"column":66}},{"start":{},"end":{}}],"line":65},"9":{"loc":{"start":{"line":66,"column":11},"end":{"line":66,"column":41}},"type":"binary-expr","locations":[{"start":{"line":66,"column":11},"end":{"line":66,"column":12}},{"start":{"line":66,"column":17},"end":{"line":66,"column":40}}],"line":66},"10":{"loc":{"start":{"line":66,"column":24},"end":{"line":66,"column":40}},"type":"binary-expr","locations":[{"start":{"line":66,"column":24},"end":{"line":66,"column":29}},{"start":{"line":66,"column":34},"end":{"line":66,"column":39}}],"line":66},"11":{"loc":{"start":{"line":67,"column":6},"end":{"line":67,"column":163}},"type":"if","locations":[{"start":{"line":67,"column":6},"end":{"line":67,"column":163}},{"start":{},"end":{}}],"line":67},"12":{"loc":{"start":{"line":67,"column":17},"end":{"line":67,"column":152}},"type":"binary-expr","locations":[{"start":{"line":67,"column":17},"end":{"line":67,"column":18}},{"start":{"line":67,"column":23},"end":{"line":67,"column":119}},{"start":{"line":67,"column":124},"end":{"line":67,"column":152}}],"line":67},"13":{"loc":{"start":{"line":67,"column":27},"end":{"line":67,"column":119}},"type":"cond-expr","locations":[{"start":{"line":67,"column":39},"end":{"line":67,"column":50}},{"start":{"line":67,"column":53},"end":{"line":67,"column":119}}],"line":67},"14":{"loc":{"start":{"line":67,"column":53},"end":{"line":67,"column":119}},"type":"cond-expr","locations":[{"start":{"line":67,"column":61},"end":{"line":67,"column":110}},{"start":{"line":67,"column":113},"end":{"line":67,"column":119}}],"line":67},"15":{"loc":{"start":{"line":67,"column":61},"end":{"line":67,"column":110}},"type":"binary-expr","locations":[{"start":{"line":67,"column":61},"end":{"line":67,"column":71}},{"start":{"line":67,"column":76},"end":{"line":67,"column":109}}],"line":67},"16":{"loc":{"start":{"line":67,"column":76},"end":{"line":67,"column":106}},"type":"binary-expr","locations":[{"start":{"line":67,"column":77},"end":{"line":67,"column":92}},{"start":{"line":67,"column":97},"end":{"line":67,"column":106}}],"line":67},"17":{"loc":{"start":{"line":68,"column":6},"end":{"line":68,"column":46}},"type":"if","locations":[{"start":{"line":68,"column":6},"end":{"line":68,"column":46}},{"start":{},"end":{}}],"line":68},"18":{"loc":{"start":{"line":69,"column":6},"end":{"line":111,"column":7}},"type":"switch","locations":[{"start":{"line":70,"column":8},"end":{"line":70,"column":15}},{"start":{"line":71,"column":8},"end":{"line":73,"column":16}},{"start":{"line":74,"column":8},"end":{"line":79,"column":12}},{"start":{"line":80,"column":8},"end":{"line":84,"column":19}},{"start":{"line":85,"column":8},"end":{"line":88,"column":19}},{"start":{"line":89,"column":8},"end":{"line":110,"column":19}}],"line":69},"19":{"loc":{"start":{"line":90,"column":10},"end":{"line":93,"column":11}},"type":"if","locations":[{"start":{"line":90,"column":10},"end":{"line":93,"column":11}},{"start":{},"end":{}}],"line":90},"20":{"loc":{"start":{"line":90,"column":14},"end":{"line":90,"column":96}},"type":"binary-expr","locations":[{"start":{"line":90,"column":14},"end":{"line":90,"column":64}},{"start":{"line":90,"column":69},"end":{"line":90,"column":80}},{"start":{"line":90,"column":84},"end":{"line":90,"column":95}}],"line":90},"21":{"loc":{"start":{"line":90,"column":32},"end":{"line":90,"column":63}},"type":"binary-expr","locations":[{"start":{"line":90,"column":32},"end":{"line":90,"column":44}},{"start":{"line":90,"column":48},"end":{"line":90,"column":63}}],"line":90},"22":{"loc":{"start":{"line":94,"column":10},"end":{"line":97,"column":11}},"type":"if","locations":[{"start":{"line":94,"column":10},"end":{"line":97,"column":11}},{"start":{},"end":{}}],"line":94},"23":{"loc":{"start":{"line":94,"column":14},"end":{"line":94,"column":65}},"type":"binary-expr","locations":[{"start":{"line":94,"column":14},"end":{"line":94,"column":25}},{"start":{"line":94,"column":30},"end":{"line":94,"column":32}},{"start":{"line":94,"column":36},"end":{"line":94,"column":48}},{"start":{"line":94,"column":52},"end":{"line":94,"column":64}}],"line":94},"24":{"loc":{"start":{"line":98,"column":10},"end":{"line":102,"column":11}},"type":"if","locations":[{"start":{"line":98,"column":10},"end":{"line":102,"column":11}},{"start":{},"end":{}}],"line":98},"25":{"loc":{"start":{"line":98,"column":14},"end":{"line":98,"column":43}},"type":"binary-expr","locations":[{"start":{"line":98,"column":14},"end":{"line":98,"column":25}},{"start":{"line":98,"column":29},"end":{"line":98,"column":43}}],"line":98},"26":{"loc":{"start":{"line":103,"column":10},"end":{"line":107,"column":11}},"type":"if","locations":[{"start":{"line":103,"column":10},"end":{"line":107,"column":11}},{"start":{},"end":{}}],"line":103},"27":{"loc":{"start":{"line":103,"column":14},"end":{"line":103,"column":33}},"type":"binary-expr","locations":[{"start":{"line":103,"column":14},"end":{"line":103,"column":15}},{"start":{"line":103,"column":19},"end":{"line":103,"column":33}}],"line":103},"28":{"loc":{"start":{"line":108,"column":10},"end":{"line":108,"column":32}},"type":"if","locations":[{"start":{"line":108,"column":10},"end":{"line":108,"column":32}},{"start":{},"end":{}}],"line":108},"29":{"loc":{"start":{"line":119,"column":4},"end":{"line":119,"column":31}},"type":"if","locations":[{"start":{"line":119,"column":4},"end":{"line":119,"column":31}},{"start":{},"end":{}}],"line":119},"30":{"loc":{"start":{"line":121,"column":13},"end":{"line":121,"column":35}},"type":"cond-expr","locations":[{"start":{"line":121,"column":21},"end":{"line":121,"column":26}},{"start":{"line":121,"column":29},"end":{"line":121,"column":35}}],"line":121},"31":{"loc":{"start":{"line":167,"column":10},"end":{"line":198,"column":11}},"type":"switch","locations":[{"start":{"line":168,"column":12},"end":{"line":170,"column":73}},{"start":{"line":171,"column":12},"end":{"line":173,"column":79}},{"start":{"line":174,"column":12},"end":{"line":190,"column":38}},{"start":{"line":191,"column":12},"end":{"line":195,"column":38}},{"start":{"line":196,"column":12},"end":{"line":197,"column":36}}],"line":167},"32":{"loc":{"start":{"line":178,"column":14},"end":{"line":183,"column":16}},"type":"cond-expr","locations":[{"start":{"line":178,"column":67},"end":{"line":178,"column":73}},{"start":{"line":178,"column":76},"end":{"line":183,"column":16}}],"line":178},"33":{"loc":{"start":{"line":178,"column":14},"end":{"line":178,"column":64}},"type":"binary-expr","locations":[{"start":{"line":178,"column":14},"end":{"line":178,"column":47}},{"start":{"line":178,"column":51},"end":{"line":178,"column":64}}],"line":178},"34":{"loc":{"start":{"line":184,"column":14},"end":{"line":189,"column":16}},"type":"cond-expr","locations":[{"start":{"line":184,"column":73},"end":{"line":184,"column":79}},{"start":{"line":184,"column":82},"end":{"line":189,"column":16}}],"line":184},"35":{"loc":{"start":{"line":184,"column":14},"end":{"line":184,"column":70}},"type":"binary-expr","locations":[{"start":{"line":184,"column":14},"end":{"line":184,"column":53}},{"start":{"line":184,"column":57},"end":{"line":184,"column":70}}],"line":184},"36":{"loc":{"start":{"line":210,"column":6},"end":{"line":214,"column":7}},"type":"if","locations":[{"start":{"line":210,"column":6},"end":{"line":214,"column":7}},{"start":{"line":212,"column":13},"end":{"line":214,"column":7}}],"line":210},"37":{"loc":{"start":{"line":220,"column":10},"end":{"line":232,"column":11}},"type":"switch","locations":[{"start":{"line":221,"column":12},"end":{"line":225,"column":18}},{"start":{"line":226,"column":12},"end":{"line":231,"column":36}}],"line":220},"38":{"loc":{"start":{"line":228,"column":14},"end":{"line":230,"column":15}},"type":"if","locations":[{"start":{"line":228,"column":14},"end":{"line":230,"column":15}},{"start":{},"end":{}}],"line":228},"39":{"loc":{"start":{"line":240,"column":10},"end":{"line":252,"column":11}},"type":"switch","locations":[{"start":{"line":241,"column":12},"end":{"line":245,"column":18}},{"start":{"line":246,"column":12},"end":{"line":251,"column":36}}],"line":240},"40":{"loc":{"start":{"line":248,"column":14},"end":{"line":250,"column":15}},"type":"if","locations":[{"start":{"line":248,"column":14},"end":{"line":250,"column":15}},{"start":{},"end":{}}],"line":248},"41":{"loc":{"start":{"line":261,"column":10},"end":{"line":276,"column":11}},"type":"switch","locations":[{"start":{"line":262,"column":12},"end":{"line":266,"column":103}},{"start":{"line":267,"column":12},"end":{"line":275,"column":36}}],"line":261},"42":{"loc":{"start":{"line":269,"column":14},"end":{"line":271,"column":15}},"type":"if","locations":[{"start":{"line":269,"column":14},"end":{"line":271,"column":15}},{"start":{},"end":{}}],"line":269},"43":{"loc":{"start":{"line":269,"column":21},"end":{"line":269,"column":100}},"type":"cond-expr","locations":[{"start":{"line":269,"column":72},"end":{"line":269,"column":78}},{"start":{"line":269,"column":81},"end":{"line":269,"column":100}}],"line":269},"44":{"loc":{"start":{"line":269,"column":21},"end":{"line":269,"column":69}},"type":"binary-expr","locations":[{"start":{"line":269,"column":21},"end":{"line":269,"column":42}},{"start":{"line":269,"column":46},"end":{"line":269,"column":69}}],"line":269},"45":{"loc":{"start":{"line":272,"column":14},"end":{"line":274,"column":15}},"type":"if","locations":[{"start":{"line":272,"column":14},"end":{"line":274,"column":15}},{"start":{},"end":{}}],"line":272},"46":{"loc":{"start":{"line":272,"column":18},"end":{"line":272,"column":64}},"type":"binary-expr","locations":[{"start":{"line":272,"column":18},"end":{"line":272,"column":40}},{"start":{"line":272,"column":44},"end":{"line":272,"column":64}}],"line":272}},"s":{"0":1,"1":3,"2":0,"3":2,"4":3,"5":3,"6":0,"7":0,"8":0,"9":0,"10":5,"11":2,"12":1,"13":2,"14":3,"15":0,"16":3,"17":2,"18":0,"19":6,"20":5,"21":5,"22":0,"23":5,"24":12,"25":12,"26":0,"27":12,"28":0,"29":12,"30":5,"31":5,"32":3,"33":3,"34":0,"35":0,"36":0,"37":0,"38":0,"39":0,"40":0,"41":4,"42":2,"43":2,"44":2,"45":1,"46":1,"47":1,"48":0,"49":0,"50":0,"51":1,"52":0,"53":0,"54":0,"55":1,"56":0,"57":1,"58":1,"59":6,"60":0,"61":0,"62":12,"63":2,"64":0,"65":2,"66":1,"67":1,"68":1,"69":1,"70":1,"71":1,"72":1,"73":1,"74":1,"75":5,"76":5,"77":5,"78":5,"79":5,"80":6,"81":5,"82":5,"83":5,"84":5,"85":5,"86":5,"87":5,"88":5,"89":1,"90":1,"91":4,"92":1,"93":1,"94":1,"95":1,"96":1,"97":1,"98":1,"99":1,"100":2,"101":1,"102":2,"103":1,"104":0,"105":0,"106":0,"107":1,"108":5,"109":5,"110":5,"111":5,"112":2,"113":0,"114":2,"115":5,"116":0,"117":0,"118":0,"119":0,"120":0,"121":0,"122":0,"123":0,"124":0,"125":0,"126":5,"127":1,"128":1,"129":2,"130":1,"131":1,"132":1,"133":1,"134":1,"135":0,"136":1,"137":5,"138":0,"139":0,"140":0,"141":0,"142":0,"143":0,"144":0,"145":0,"146":0,"147":0,"148":0,"149":0,"150":0,"151":5,"152":5,"153":5,"154":1,"155":1,"156":1,"157":1,"158":1,"159":1,"160":1,"161":1,"162":1,"163":1,"164":1,"165":1,"166":1,"167":1,"168":1,"169":1,"170":6,"171":6,"172":1,"173":1},"f":{"0":2,"1":3,"2":0,"3":2,"4":3,"5":0,"6":5,"7":2,"8":3,"9":0,"10":6,"11":5,"12":5,"13":5,"14":6,"15":1,"16":1,"17":4,"18":2,"19":2,"20":2,"21":0,"22":0,"23":0,"24":0,"25":1,"26":1,"27":2,"28":1,"29":0,"30":0,"31":0,"32":6},"b":{"0":[1,1],"1":[3,0],"2":[2,2],"3":[2,3],"4":[2,2],"5":[1,1],"6":[0,3],"7":[2,2],"8":[0,5],"9":[14,2],"10":[2,0],"11":[0,12],"12":[12,0,0],"13":[0,0],"14":[0,0],"15":[0,0],"16":[0,0],"17":[0,12],"18":[5,5,3,0,0,4],"19":[2,2],"20":[4,3,3],"21":[4,1],"22":[1,1],"23":[2,2,1,1],"24":[0,1],"25":[1,0],"26":[0,1],"27":[1,1],"28":[0,1],"29":[0,2],"30":[2,0],"31":[1,1,1,0,1],"32":[0,1],"33":[1,1],"34":[0,1],"35":[1,1],"36":[0,2],"37":[0,0],"38":[0,0],"39":[1,1],"40":[0,1],"41":[0,0],"42":[0,0],"43":[0,0],"44":[0,0],"45":[0,0],"46":[0,0]},"inputSourceMap":{"0":"{","1":"\"","2":"v","3":"e","4":"r","5":"s","6":"i","7":"o","8":"n","9":"\"","10":":","11":"3","12":",","13":"\"","14":"s","15":"o","16":"u","17":"r","18":"c","19":"e","20":"s","21":"\"","22":":","23":"[","24":"\"","25":"/","26":"U","27":"s","28":"e","29":"r","30":"s","31":"/","32":"k","33":"o","34":"n","35":"i","36":"s","37":"h","38":"i","39":"-","40":"w","41":"o","42":"r","43":"k","44":"/","45":"s","46":"r","47":"c","48":"/","49":"q","50":"i","51":"i","52":"t","53":"a","54":"-","55":"b","56":"u","57":"i","58":"l","59":"d","60":"e","61":"r","62":"/","63":"q","64":"i","65":"i","66":"t","67":"a","68":"-","69":"b","70":"u","71":"i","72":"l","73":"d","74":"e","75":"r","76":"/","77":"p","78":"a","79":"g","80":"e","81":"s","82":"/","83":"u","84":"s","85":"e","86":"r","87":"R","88":"e","89":"g","90":"i","91":"s","92":"t","93":"e","94":"r","95":"C","96":"o","97":"p","98":"y","99":".","100":"v","101":"u","102":"e","103":"\"","104":"]","105":",","106":"\"","107":"n","108":"a","109":"m","110":"e","111":"s","112":"\"","113":":","114":"[","115":"]","116":",","117":"\"","118":"m","119":"a","120":"p","121":"p","122":"i","123":"n","124":"g","125":"s","126":"\"","127":":","128":"\"","129":";","130":";","131":"A","132":"A","133":"2","134":"M","135":"A","136":",","137":"I","138":"A","139":"A","140":"I","141":",","142":"S","143":"A","144":"A","145":"S","146":";","147":"A","148":"A","149":"A","150":"I","151":";","152":"A","153":"A","154":"A","155":"A","156":";","157":"A","158":"A","159":"A","160":"Q","161":";","162":"A","163":"A","164":"A","165":"A","166":",","167":"S","168":"A","169":"A","170":"K","171":",","172":"S","173":"A","174":"A","175":"S","176":",","177":"I","178":"A","179":"A","180":"K","181":",","182":"U","183":"A","184":"A","185":"U","186":",","187":"O","188":"A","189":"A","190":"O","191":",","192":"E","193":"A","194":"A","195":"E","196":",","197":"U","198":"A","199":"A","200":"U","201":",","202":"E","203":"A","204":"A","205":"E","206":",","207":"C","208":"A","209":"A","210":"C","211":",","212":"E","213":"A","214":"A","215":"E","216":",","217":"S","218":"A","219":"A","220":"S","221":",","222":"E","223":"A","224":"A","225":"E","226":";","227":"E","228":"A","229":"C","230":"r","231":"F","232":",","233":"S","234":"A","235":"A","236":"S","237":",","238":"K","239":"A","240":"A","241":"K","242":",","243":"C","244":"A","245":"A","246":"C","247":",","248":"K","249":"A","250":"A","251":"K","252":",","253":"E","254":"A","255":"A","256":"E","257":";","258":"I","259":"A","260":"A","261":"E","262":",","263":"O","264":"A","265":"A","266":"O","267":",","268":"K","269":"A","270":"A","271":"K","272":",","273":"Y","274":"A","275":"A","276":"Y","277":",","278":"C","279":"A","280":"A","281":"C","282":",","283":"G","284":"A","285":"A","286":"G","287":",","288":"K","289":"A","290":"A","291":"K","292":",","293":"G","294":"A","295":"A","296":"G","297":",","298":"I","299":"A","300":"A","301":"I","302":",","303":"C","304":"A","305":"A","306":"C","307":",","308":"C","309":"A","310":"A","311":"C","312":",","313":"U","314":"A","315":"A","316":"U","317":",","318":"O","319":"A","320":"A","321":"O","322":",","323":"E","324":"A","325":"A","326":"E","327":";","328":"M","329":"A","330":"A","331":"E","332":",","333":"O","334":"A","335":"A","336":"O","337":",","338":"C","339":"A","340":"A","341":"C","342":",","343":"K","344":"A","345":"A","346":"K","347":",","348":"C","349":"A","350":"A","351":"C","352":";","353":"I","354":"A","355":"A","356":"E","357":",","358":"C","359":"A","360":"A","361":"C","362":",","363":"C","364":"A","365":"A","366":"C","367":";","368":"E","369":"A","370":"A","371":"E","372":";","373":"E","374":"A","375":"C","376":"3","377":"G","378":",","379":"O","380":"A","381":"A","382":"O","383":",","384":"K","385":"A","386":"A","387":"K","388":",","389":"C","390":"A","391":"A","392":"C","393":",","394":"K","395":"A","396":"A","397":"K","398":",","399":"C","400":"A","401":"A","402":"C","403":",","404":"G","405":"A","406":"A","407":"G","408":",","409":"O","410":"A","411":"A","412":"O","413":",","414":"C","415":"A","416":"A","417":"C","418":",","419":"E","420":"A","421":"A","422":"E","423":",","424":"U","425":"A","426":"A","427":"U","428":",","429":"O","430":"A","431":"A","432":"O","433":",","434":"E","435":"A","436":"A","437":"E","438":",","439":"M","440":"A","441":"A","442":"M","443":",","444":"E","445":"A","446":"A","447":"E","448":";","449":"I","450":"A","451":"C","452":"v","453":"D","454":",","455":"S","456":"A","457":"A","458":"S","459":",","460":"S","461":"A","462":"A","463":"S","464":",","465":"C","466":"A","467":"A","468":"C","469":",","470":"K","471":"A","472":"A","473":"K","474":",","475":"E","476":"A","477":"A","478":"E","479":";","480":"M","481":"A","482":"A","483":"E","484":",","485":"I","486":"A","487":"A","488":"I","489":";","490":"Q","491":"A","492":"A","493":"E","494":",","495":"I","496":"A","497":"A","498":"I","499":",","500":"C","501":"A","502":"A","503":"C","504":",","505":"S","506":"A","507":"A","508":"S","509":",","510":"C","511":"A","512":"A","513":"C","514":",","515":"I","516":"A","517":"A","518":"I","519":",","520":"C","521":"A","522":"A","523":"C","524":",","525":"K","526":"A","527":"A","528":"K","529":",","530":"C","531":"A","532":"A","533":"C","534":",","535":"C","536":"A","537":"A","538":"C","539":";","540":"M","541":"A","542":"A","543":"E","544":",","545":"C","546":"A","547":"A","548":"C","549":",","550":"C","551":"A","552":"A","553":"C","554":",","555":"O","556":"A","557":"A","558":"O","559":",","560":"C","561":"A","562":"A","563":"C","564":",","565":"E","566":"A","567":"A","568":"E","569":";","570":"Q","571":"A","572":"A","573":"E","574":",","575":"M","576":"A","577":"A","578":"M","579":",","580":"C","581":"A","582":"A","583":"C","584":",","585":"C","586":"A","587":"A","588":"C","589":",","590":"C","591":"A","592":"A","593":"C","594":";","595":"M","596":"A","597":"A","598":"E","599":";","600":"I","601":"A","602":"A","603":"E","604":";","605":"I","606":"A","607":"C","608":"1","609":"F","610":",","611":"S","612":"A","613":"A","614":"S","615":",","616":"Q","617":"A","618":"A","619":"Q","620":",","621":"C","622":"A","623":"A","624":"C","625":",","626":"K","627":"A","628":"A","629":"K","630":",","631":"E","632":"A","633":"A","634":"E","635":";","636":"M","637":"A","638":"A","639":"E","640":",","641":"I","642":"A","643":"A","644":"I","645":";","646":"Q","647":"A","648":"A","649":"E","650":",","651":"I","652":"A","653":"A","654":"I","655":",","656":"C","657":"A","658":"A","659":"C","660":",","661":"S","662":"A","663":"A","664":"S","665":",","666":"C","667":"A","668":"A","669":"C","670":",","671":"O","672":"A","673":"A","674":"O","675":",","676":"C","677":"A","678":"A","679":"C","680":",","681":"C","682":"A","683":"A","684":"C","685":",","686":"K","687":"A","688":"A","689":"K","690":",","691":"C","692":"A","693":"A","694":"C","695":",","696":"C","697":"A","698":"A","699":"C","700":";","701":"M","702":"A","703":"A","704":"E","705":",","706":"C","707":"A","708":"A","709":"C","710":",","711":"C","712":"A","713":"A","714":"C","715":",","716":"O","717":"A","718":"A","719":"O","720":",","721":"C","722":"A","723":"A","724":"C","725":",","726":"E","727":"A","728":"A","729":"E","730":";","731":"Q","732":"A","733":"A","734":"E","735":",","736":"M","737":"A","738":"A","739":"M","740":",","741":"C","742":"A","743":"A","744":"C","745":",","746":"C","747":"A","748":"A","749":"C","750":",","751":"C","752":"A","753":"A","754":"C","755":";","756":"M","757":"A","758":"A","759":"E","760":";","761":"I","762":"A","763":"A","764":"E","765":";","766":"I","767":"A","768":"C","769":"7","770":"F","771":",","772":"S","773":"A","774":"A","775":"S","776":",","777":"I","778":"A","779":"A","780":"I","781":",","782":"C","783":"A","784":"A","785":"C","786":",","787":"M","788":"A","789":"A","790":"M","791":",","792":"E","793":"A","794":"A","795":"E","796":";","797":"M","798":"A","799":"A","800":"E","801":",","802":"M","803":"A","804":"A","805":"M","806":",","807":"C","808":"A","809":"A","810":"C","811":",","812":"I","813":"A","814":"A","815":"I","816":",","817":"G","818":"A","819":"A","820":"G","821":",","822":"O","823":"A","824":"A","825":"O","826":",","827":"C","828":"A","829":"A","830":"C","831":",","832":"M","833":"A","834":"A","835":"M","836":",","837":"C","838":"A","839":"A","840":"C","841":",","842":"K","843":"A","844":"A","845":"K","846":",","847":"C","848":"A","849":"A","850":"C","851":",","852":"G","853":"A","854":"A","855":"G","856":",","857":"K","858":"A","859":"A","860":"K","861":",","862":"C","863":"A","864":"A","865":"C","866":",","867":"M","868":"A","869":"A","870":"M","871":",","872":"C","873":"A","874":"A","875":"C","876":",","877":"K","878":"A","879":"A","880":"K","881":",","882":"C","883":"A","884":"A","885":"C","886":",","887":"C","888":"A","889":"A","890":"C","891":",","892":"I","893":"A","894":"A","895":"I","896":",","897":"C","898":"A","899":"A","900":"C","901":",","902":"S","903":"A","904":"A","905":"S","906":",","907":"E","908":"A","909":"A","910":"E","911":",","912":"Q","913":"A","914":"A","915":"Q","916":",","917":"C","918":"A","919":"A","920":"C","921":";","922":"I","923":"A","924":"A","925":"E","926":";","927":"I","928":"A","929":"C","930":"7","931":"G","932":",","933":"I","934":"A","935":"A","936":"I","937":",","938":"C","939":"A","940":"A","941":"C","942":",","943":"C","944":"A","945":"A","946":"C","947":",","948":"S","949":"A","950":"A","951":"S","952":",","953":"G","954":"A","955":"A","956":"G","957":",","958":"S","959":"A","960":"A","961":"S","962":",","963":"C","964":"A","965":"A","966":"C","967":",","968":"K","969":"A","970":"A","971":"K","972":",","973":"C","974":"A","975":"A","976":"C","977":",","978":"O","979":"A","980":"A","981":"O","982":",","983":"E","984":"A","985":"A","986":"E","987":",","988":"U","989":"A","990":"A","991":"U","992":",","993":"I","994":"A","995":"A","996":"I","997":",","998":"E","999":"A","1000":"A","1001":"E","1002":",","1003":"C","1004":"A","1005":"A","1006":"C","1007":",","1008":"E","1009":"A","1010":"A","1011":"E","1012":",","1013":"I","1014":"A","1015":"A","1016":"I","1017":",","1018":"C","1019":"A","1020":"A","1021":"C","1022":",","1023":"C","1024":"A","1025":"A","1026":"C","1027":",","1028":"C","1029":"A","1030":"A","1031":"C","1032":";","1033":"E","1034":"A","1035":"C","1036":"z","1037":"E","1038":",","1039":"C","1040":"A","1041":"A","1042":"C","1043":",","1044":"C","1045":"A","1046":"A","1047":"C","1048":";","1049":"A","1050":"A","1051":"C","1052":"N","1053":",","1054":"C","1055":"A","1056":"A","1057":"C","1058":";","1059":"A","1060":"A","1061":"Y","1062":"D","1063":",","1064":"I","1065":"A","1066":"A","1067":"I","1068":",","1069":"W","1070":"A","1071":"A","1072":"W","1073":";","1074":"A","1075":"A","1076":"A","1077":"I","1078":";","1079":"A","1080":"A","1081":"A","1082":"A","1083":";","1084":"A","1085":"A","1086":"A","1087":"Q","1088":";","1089":"A","1090":"A","1091":"A","1092":"A","1093":",","1094":"S","1095":"A","1096":"A","1097":"K","1098":",","1099":"W","1100":"A","1101":"A","1102":"W","1103":",","1104":"I","1105":"A","1106":"A","1107":"K","1108":",","1109":"U","1110":"A","1111":"A","1112":"U","1113":",","1114":"O","1115":"A","1116":"A","1117":"O","1118":",","1119":"E","1120":"A","1121":"A","1122":"E","1123":",","1124":"I","1125":"A","1126":"A","1127":"I","1128":",","1129":"E","1130":"A","1131":"A","1132":"E","1133":";","1134":"E","1135":"A","1136":"C","1137":"r","1138":"E","1139":",","1140":"I","1141":"A","1142":"A","1143":"I","1144":",","1145":"C","1146":"A","1147":"A","1148":"C","1149":",","1150":"G","1151":"A","1152":"A","1153":"G","1154":";","1155":"M","1156":"A","1157":"A","1158":"E","1159":",","1160":"K","1161":"A","1162":"A","1163":"K","1164":",","1165":"E","1166":"A","1167":"A","1168":"E","1169":",","1170":"C","1171":"A","1172":"A","1173":"C","1174":";","1175":"M","1176":"A","1177":"A","1178":"E","1179":",","1180":"I","1181":"A","1182":"A","1183":"I","1184":",","1185":"E","1186":"A","1187":"A","1188":"E","1189":",","1190":"Y","1191":"A","1192":"A","1193":"W","1194":";","1195":"Q","1196":"A","1197":"A","1198":"E","1199":",","1200":"I","1201":"A","1202":"A","1203":"I","1204":",","1205":"C","1206":"A","1207":"A","1208":"C","1209":",","1210":"C","1211":"A","1212":"A","1213":"C","1214":",","1215":"C","1216":"A","1217":"A","1218":"C","1219":",","1220":"C","1221":"A","1222":"A","1223":"C","1224":",","1225":"G","1226":"A","1227":"A","1228":"G","1229":",","1230":"C","1231":"A","1232":"A","1233":"C","1234":",","1235":"E","1236":"A","1237":"A","1238":"E","1239":",","1240":"M","1241":"A","1242":"A","1243":"M","1244":",","1245":"C","1246":"A","1247":"A","1248":"C","1249":",","1250":"C","1251":"A","1252":"A","1253":"C","1254":",","1255":"C","1256":"A","1257":"A","1258":"C","1259":",","1260":"C","1261":"A","1262":"A","1263":"C","1264":";","1265":"Q","1266":"A","1267":"A","1268":"E","1269":",","1270":"O","1271":"A","1272":"A","1273":"O","1274":",","1275":"C","1276":"A","1277":"A","1278":"C","1279":",","1280":"C","1281":"A","1282":"A","1283":"C","1284":",","1285":"C","1286":"A","1287":"A","1288":"C","1289":",","1290":"C","1291":"A","1292":"A","1293":"C","1294":";","1295":"M","1296":"A","1297":"A","1298":"E","1299":",","1300":"C","1301":"A","1302":"A","1303":"C","1304":";","1305":"M","1306":"A","1307":"A","1308":"E","1309":",","1310":"I","1311":"A","1312":"A","1313":"I","1314":",","1315":"E","1316":"A","1317":"A","1318":"E","1319":",","1320":"E","1321":"A","1322":"A","1323":"E","1324":";","1325":"M","1326":"A","1327":"A","1328":"E","1329":",","1330":"G","1331":"A","1332":"A","1333":"G","1334":",","1335":"E","1336":"A","1337":"A","1338":"E","1339":";","1340":"I","1341":"A","1342":"A","1343":"G","1344":",","1345":"C","1346":"A","1347":"A","1348":"C","1349":";","1350":"I","1351":"A","1352":"A","1353":"E","1354":",","1355":"C","1356":"A","1357":"A","1358":"C","1359":";","1360":"I","1361":"A","1362":"A","1363":"E","1364":",","1365":"C","1366":"A","1367":"A","1368":"C","1369":";","1370":"I","1371":"A","1372":"A","1373":"E","1374":",","1375":"C","1376":"A","1377":"A","1378":"C","1379":";","1380":"I","1381":"A","1382":"A","1383":"E","1384":",","1385":"C","1386":"A","1387":"A","1388":"C","1389":";","1390":"E","1391":"A","1392":"C","1393":"h","1394":"H","1395":",","1396":"O","1397":"A","1398":"A","1399":"O","1400":",","1401":"C","1402":"A","1403":"A","1404":"C","1405":",","1406":"G","1407":"A","1408":"A","1409":"G","1410":";","1411":"I","1412":"A","1413":"A","1414":"E","1415":",","1416":"I","1417":"A","1418":"A","1419":"I","1420":",","1421":"E","1422":"A","1423":"A","1424":"E","1425":",","1426":"I","1427":"A","1428":"A","1429":"I","1430":",","1431":"C","1432":"A","1433":"A","1434":"C","1435":",","1436":"C","1437":"A","1438":"A","1439":"C","1440":",","1441":"C","1442":"A","1443":"A","1444":"C","1445":";","1446":"I","1447":"A","1448":"A","1449":"E","1450":",","1451":"O","1452":"A","1453":"A","1454":"O","1455":",","1456":"E","1457":"A","1458":"A","1459":"E","1460":",","1461":"I","1462":"A","1463":"A","1464":"I","1465":",","1466":"C","1467":"A","1468":"A","1469":"C","1470":",","1471":"C","1472":"A","1473":"A","1474":"C","1475":",","1476":"C","1477":"A","1478":"A","1479":"C","1480":";","1481":"I","1482":"A","1483":"A","1484":"E","1485":",","1486":"Q","1487":"A","1488":"A","1489":"Q","1490":",","1491":"E","1492":"A","1493":"A","1494":"E","1495":",","1496":"I","1497":"A","1498":"A","1499":"I","1500":",","1501":"C","1502":"A","1503":"A","1504":"C","1505":",","1506":"C","1507":"A","1508":"A","1509":"C","1510":";","1511":"E","1512":"A","1513":"A","1514":"E","1515":",","1516":"C","1517":"A","1518":"A","1519":"C","1520":",","1521":"E","1522":"A","1523":"A","1524":"E","1525":",","1526":"O","1527":"A","1528":"A","1529":"O","1530":",","1531":"M","1532":"A","1533":"A","1534":"M","1535":",","1536":"K","1537":"A","1538":"A","1539":"K","1540":",","1541":"U","1542":"A","1543":"A","1544":"U","1545":",","1546":"K","1547":"A","1548":"A","1549":"K","1550":",","1551":"C","1552":"A","1553":"A","1554":"C","1555":",","1556":"C","1557":"A","1558":"A","1559":"C","1560":",","1561":"M","1562":"A","1563":"A","1564":"M","1565":",","1566":"C","1567":"A","1568":"A","1569":"C","1570":",","1571":"Q","1572":"A","1573":"A","1574":"Q","1575":",","1576":"C","1577":"A","1578":"A","1579":"C","1580":",","1581":"G","1582":"A","1583":"A","1584":"G","1585":",","1586":"Y","1587":"A","1588":"A","1589":"W","1590":";","1591":"I","1592":"A","1593":"A","1594":"E","1595":",","1596":"O","1597":"A","1598":"A","1599":"O","1600":",","1601":"I","1602":"A","1603":"A","1604":"I","1605":";","1606":"E","1607":"A","1608":"A","1609":"E","1610":",","1611":"C","1612":"A","1613":"A","1614":"C","1615":",","1616":"C","1617":"A","1618":"A","1619":"C","1620":",","1621":"E","1622":"A","1623":"A","1624":"E","1625":",","1626":"C","1627":"A","1628":"A","1629":"C","1630":";","1631":"E","1632":"A","1633":"C","1634":"x","1635":"J","1636":",","1637":"S","1638":"A","1639":"A","1640":"S","1641":",","1642":"I","1643":"A","1644":"A","1645":"I","1646":",","1647":"C","1648":"A","1649":"A","1650":"C","1651":",","1652":"C","1653":"A","1654":"A","1655":"C","1656":",","1657":"E","1658":"A","1659":"A","1660":"E","1661":";","1662":"I","1663":"A","1664":"A","1665":"E","1666":",","1667":"O","1668":"A","1669":"A","1670":"O","1671":",","1672":"U","1673":"A","1674":"A","1675":"U","1676":",","1677":"C","1678":"A","1679":"A","1680":"C","1681":",","1682":"E","1683":"A","1684":"A","1685":"E","1686":";","1687":"M","1688":"A","1689":"A","1690":"E","1691":",","1692":"O","1693":"A","1694":"A","1695":"O","1696":",","1697":"I","1698":"A","1699":"A","1700":"I","1701":",","1702":"C","1703":"A","1704":"A","1705":"C","1706":",","1707":"C","1708":"A","1709":"A","1710":"C","1711":",","1712":"C","1713":"A","1714":"A","1715":"C","1716":",","1717":"E","1718":"A","1719":"A","1720":"E","1721":",","1722":"C","1723":"A","1724":"A","1725":"C","1726":",","1727":"C","1728":"A","1729":"A","1730":"C","1731":",","1732":"C","1733":"A","1734":"A","1735":"C","1736":";","1737":"I","1738":"A","1739":"A","1740":"E","1741":",","1742":"C","1743":"A","1744":"A","1745":"C","1746":";","1747":"E","1748":"A","1749":"A","1750":"E","1751":";","1752":"E","1753":"A","1754":"C","1755":"j","1756":"E","1757":",","1758":"S","1759":"A","1760":"A","1761":"S","1762":",","1763":"I","1764":"A","1765":"A","1766":"I","1767":",","1768":"C","1769":"A","1770":"A","1771":"C","1772":",","1773":"E","1774":"A","1775":"A","1776":"E","1777":",","1778":"E","1779":"A","1780":"A","1781":"E","1782":";","1783":"I","1784":"A","1785":"C","1786":"d","1787":",","1788":"I","1789":"A","1790":"A","1791":"I","1792":",","1793":"C","1794":"A","1795":"A","1796":"C","1797":",","1798":"E","1799":"A","1800":"A","1801":"E","1802":",","1803":"M","1804":"A","1805":"A","1806":"M","1807":",","1808":"I","1809":"A","1810":"A","1811":"I","1812":",","1813":"S","1814":"A","1815":"A","1816":"S","1817":",","1818":"C","1819":"A","1820":"A","1821":"C","1822":",","1823":"i","1824":"C","1825":"A","1826":"A","1827":"i","1828":"C","1829":",","1830":"C","1831":"A","1832":"A","1833":"C","1834":";","1835":"I","1836":"A","1837":"C","1838":"7","1839":"D","1840":",","1841":"O","1842":"A","1843":"A","1844":"O","1845":",","1846":"C","1847":"A","1848":"A","1849":"C","1850":",","1851":"K","1852":"A","1853":"A","1854":"K","1855":",","1856":"C","1857":"A","1858":"A","1859":"C","1860":",","1861":"G","1862":"A","1863":"A","1864":"G","1865":",","1866":"C","1867":"A","1868":"A","1869":"C","1870":",","1871":"E","1872":"A","1873":"A","1874":"E","1875":",","1876":"E","1877":"A","1878":"A","1879":"E","1880":",","1881":"C","1882":"A","1883":"A","1884":"C","1885":",","1886":"C","1887":"A","1888":"A","1889":"C","1890":",","1891":"C","1892":"A","1893":"A","1894":"C","1895":",","1896":"K","1897":"A","1898":"A","1899":"K","1900":",","1901":"C","1902":"A","1903":"A","1904":"C","1905":",","1906":"G","1907":"A","1908":"A","1909":"G","1910":",","1911":"C","1912":"A","1913":"A","1914":"C","1915":",","1916":"C","1917":"A","1918":"A","1919":"C","1920":",","1921":"C","1922":"A","1923":"A","1924":"C","1925":",","1926":"E","1927":"A","1928":"A","1929":"E","1930":",","1931":"C","1932":"A","1933":"A","1934":"C","1935":",","1936":"E","1937":"A","1938":"A","1939":"E","1940":",","1941":"I","1942":"A","1943":"A","1944":"I","1945":";","1946":"M","1947":"A","1948":"C","1949":"1","1950":"C","1951":",","1952":"I","1953":"A","1954":"A","1955":"I","1956":",","1957":"C","1958":"A","1959":"A","1960":"C","1961":",","1962":"G","1963":"A","1964":"A","1965":"G","1966":",","1967":"C","1968":"A","1969":"A","1970":"C","1971":",","1972":"E","1973":"A","1974":"A","1975":"E","1976":",","1977":"C","1978":"A","1979":"A","1980":"C","1981":",","1982":"K","1983":"A","1984":"A","1985":"K","1986":",","1987":"C","1988":"A","1989":"A","1990":"C","1991":",","1992":"G","1993":"A","1994":"A","1995":"G","1996":",","1997":"E","1998":"A","1999":"A","2000":"E","2001":",","2002":"C","2003":"A","2004":"A","2005":"C","2006":",","2007":"C","2008":"A","2009":"A","2010":"C","2011":",","2012":"C","2013":"A","2014":"A","2015":"C","2016":",","2017":"G","2018":"A","2019":"A","2020":"G","2021":",","2022":"C","2023":"A","2024":"A","2025":"C","2026":",","2027":"G","2028":"A","2029":"A","2030":"G","2031":",","2032":"C","2033":"A","2034":"A","2035":"C","2036":",","2037":"C","2038":"A","2039":"A","2040":"C","2041":",","2042":"Q","2043":"A","2044":"A","2045":"Q","2046":",","2047":"C","2048":"A","2049":"A","2050":"C","2051":",","2052":"G","2053":"A","2054":"A","2055":"G","2056":",","2057":"E","2058":"A","2059":"A","2060":"E","2061":",","2062":"C","2063":"A","2064":"A","2065":"C","2066":",","2067":"C","2068":"A","2069":"A","2070":"C","2071":",","2072":"C","2073":"A","2074":"A","2075":"C","2076":",","2077":"G","2078":"A","2079":"A","2080":"G","2081":",","2082":"C","2083":"A","2084":"A","2085":"C","2086":",","2087":"C","2088":"A","2089":"A","2090":"C","2091":",","2092":"O","2093":"A","2094":"A","2095":"O","2096":",","2097":"C","2098":"A","2099":"A","2100":"C","2101":",","2102":"K","2103":"A","2104":"A","2105":"K","2106":",","2107":"C","2108":"A","2109":"A","2110":"C","2111":",","2112":"C","2113":"A","2114":"A","2115":"C","2116":",","2117":"G","2118":"A","2119":"A","2120":"G","2121":",","2122":"C","2123":"A","2124":"A","2125":"C","2126":",","2127":"C","2128":"A","2129":"A","2130":"C","2131":",","2132":"Q","2133":"A","2134":"A","2135":"Q","2136":",","2137":"C","2138":"A","2139":"A","2140":"C","2141":",","2142":"K","2143":"A","2144":"A","2145":"K","2146":",","2147":"C","2148":"A","2149":"A","2150":"C","2151":",","2152":"C","2153":"A","2154":"A","2155":"C","2156":",","2157":"I","2158":"A","2159":"A","2160":"I","2161":",","2162":"C","2163":"A","2164":"A","2165":"C","2166":",","2167":"C","2168":"A","2169":"A","2170":"C","2171":",","2172":"C","2173":"A","2174":"A","2175":"C","2176":",","2177":"E","2178":"A","2179":"A","2180":"E","2181":",","2182":"C","2183":"A","2184":"A","2185":"C","2186":",","2187":"C","2188":"A","2189":"A","2190":"C","2191":",","2192":"G","2193":"A","2194":"A","2195":"G","2196":",","2197":"C","2198":"A","2199":"A","2200":"C","2201":",","2202":"C","2203":"A","2204":"A","2205":"C","2206":",","2207":"I","2208":"A","2209":"A","2210":"I","2211":",","2212":"C","2213":"A","2214":"A","2215":"C","2216":",","2217":"I","2218":"A","2219":"A","2220":"I","2221":",","2222":"C","2223":"A","2224":"A","2225":"C","2226":",","2227":"C","2228":"A","2229":"A","2230":"C","2231":",","2232":"C","2233":"A","2234":"A","2235":"C","2236":",","2237":"G","2238":"A","2239":"A","2240":"G","2241":",","2242":"C","2243":"A","2244":"A","2245":"C","2246":",","2247":"C","2248":"A","2249":"A","2250":"C","2251":",","2252":"I","2253":"A","2254":"A","2255":"I","2256":",","2257":"C","2258":"A","2259":"A","2260":"C","2261":",","2262":"C","2263":"A","2264":"A","2265":"C","2266":",","2267":"E","2268":"A","2269":"A","2270":"E","2271":",","2272":"E","2273":"A","2274":"A","2275":"E","2276":",","2277":"C","2278":"A","2279":"A","2280":"C","2281":",","2282":"C","2283":"A","2284":"A","2285":"C","2286":",","2287":"C","2288":"A","2289":"A","2290":"C","2291":",","2292":"C","2293":"A","2294":"A","2295":"C","2296":",","2297":"E","2298":"A","2299":"A","2300":"E","2301":",","2302":"I","2303":"A","2304":"A","2305":"I","2306":",","2307":"E","2308":"A","2309":"A","2310":"E","2311":",","2312":"O","2313":"A","2314":"A","2315":"O","2316":",","2317":"C","2318":"A","2319":"A","2320":"C","2321":";","2322":"M","2323":"A","2324":"C","2325":"5","2326":"J","2327":",","2328":"I","2329":"A","2330":"A","2331":"I","2332":",","2333":"C","2334":"A","2335":"A","2336":"C","2337":",","2338":"G","2339":"A","2340":"A","2341":"G","2342":",","2343":"C","2344":"A","2345":"A","2346":"C","2347":",","2348":"E","2349":"A","2350":"A","2351":"E","2352":",","2353":"C","2354":"A","2355":"A","2356":"C","2357":",","2358":"E","2359":"A","2360":"A","2361":"E","2362":",","2363":"E","2364":"A","2365":"A","2366":"E","2367":",","2368":"G","2369":"A","2370":"A","2371":"G","2372":",","2373":"C","2374":"A","2375":"A","2376":"C","2377":",","2378":"E","2379":"A","2380":"A","2381":"E","2382":",","2383":"C","2384":"A","2385":"A","2386":"C","2387":",","2388":"C","2389":"A","2390":"A","2391":"C","2392":",","2393":"C","2394":"A","2395":"A","2396":"C","2397":",","2398":"G","2399":"A","2400":"A","2401":"G","2402":",","2403":"C","2404":"A","2405":"A","2406":"C","2407":",","2408":"E","2409":"A","2410":"A","2411":"E","2412":",","2413":"C","2414":"A","2415":"A","2416":"C","2417":",","2418":"C","2419":"A","2420":"A","2421":"C","2422":",","2423":"K","2424":"A","2425":"A","2426":"K","2427":",","2428":"C","2429":"A","2430":"A","2431":"C","2432":";","2433":"M","2434":"A","2435":"m","2436":"E","2437":"v","2438":"C","2439":",","2440":"Q","2441":"A","2442":"A","2443":"Q","2444":",","2445":"E","2446":"A","2447":"A","2448":"E","2449":",","2450":"C","2451":"A","2452":"A","2453":"C","2454":",","2455":"C","2456":"A","2457":"A","2458":"C","2459":",","2460":"C","2461":"A","2462":"A","2463":"C","2464":";","2465":"Q","2466":"A","2467":"C","2468":"T","2469":",","2470":"K","2471":"A","2472":"A","2473":"K","2474":",","2475":"C","2476":"A","2477":"A","2478":"C","2479":";","2480":"Q","2481":"A","2482":"A","2483":"E","2484":",","2485":"K","2486":"A","2487":"A","2488":"K","2489":",","2490":"C","2491":"A","2492":"A","2493":"C","2494":";","2495":"U","2496":"A","2497":"A","2498":"E","2499":",","2500":"C","2501":"A","2502":"A","2503":"C","2504":",","2505":"G","2506":"A","2507":"A","2508":"G","2509":",","2510":"E","2511":"A","2512":"A","2513":"E","2514":";","2515":"U","2516":"A","2517":"A","2518":"E","2519":";","2520":"Q","2521":"A","2522":"C","2523":"x","2524":"B","2525":",","2526":"K","2527":"A","2528":"A","2529":"K","2530":",","2531":"C","2532":"A","2533":"A","2534":"C","2535":";","2536":"U","2537":"A","2538":"A","2539":"E","2540":",","2541":"C","2542":"A","2543":"A","2544":"C","2545":",","2546":"C","2547":"A","2548":"A","2549":"C","2550":",","2551":"K","2552":"A","2553":"A","2554":"K","2555":",","2556":"E","2557":"A","2558":"A","2559":"E","2560":";","2561":"U","2562":"A","2563":"A","2564":"E","2565":",","2566":"O","2567":"A","2568":"A","2569":"O","2570":";","2571":"Y","2572":"A","2573":"A","2574":"E","2575":",","2576":"K","2577":"A","2578":"A","2579":"K","2580":",","2581":"E","2582":"A","2583":"A","2584":"E","2585":",","2586":"E","2587":"A","2588":"A","2589":"E","2590":",","2591":"C","2592":"A","2593":"A","2594":"C","2595":",","2596":"C","2597":"A","2598":"A","2599":"C","2600":",","2601":"C","2602":"A","2603":"A","2604":"C","2605":";","2606":"Y","2607":"A","2608":"A","2609":"E","2610":",","2611":"I","2612":"A","2613":"A","2614":"I","2615":",","2616":"E","2617":"A","2618":"A","2619":"E","2620":";","2621":"U","2622":"A","2623":"A","2624":"M","2625":",","2626":"C","2627":"A","2628":"A","2629":"C","2630":";","2631":"Q","2632":"A","2633":"C","2634":"v","2635":"D","2636":",","2637":"K","2638":"A","2639":"A","2640":"K","2641":",","2642":"C","2643":"A","2644":"A","2645":"C","2646":";","2647":"U","2648":"A","2649":"A","2650":"E","2651":",","2652":"C","2653":"A","2654":"A","2655":"C","2656":",","2657":"C","2658":"A","2659":"A","2660":"C","2661":",","2662":"K","2663":"A","2664":"A","2665":"K","2666":",","2667":"E","2668":"A","2669":"A","2670":"E","2671":";","2672":"U","2673":"A","2674":"A","2675":"E","2676":",","2677":"C","2678":"A","2679":"A","2680":"C","2681":",","2682":"G","2683":"A","2684":"A","2685":"G","2686":",","2687":"E","2688":"A","2689":"A","2690":"E","2691":",","2692":"C","2693":"A","2694":"A","2695":"C","2696":",","2697":"C","2698":"A","2699":"A","2700":"C","2701":",","2702":"C","2703":"A","2704":"A","2705":"C","2706":";","2707":"U","2708":"A","2709":"A","2710":"E","2711":",","2712":"E","2713":"A","2714":"A","2715":"E","2716":",","2717":"G","2718":"A","2719":"A","2720":"G","2721":",","2722":"C","2723":"A","2724":"A","2725":"C","2726":",","2727":"C","2728":"A","2729":"A","2730":"C","2731":",","2732":"C","2733":"A","2734":"A","2735":"C","2736":";","2737":"U","2738":"A","2739":"A","2740":"E","2741":";","2742":"Q","2743":"A","2744":"C","2745":"x","2746":"C","2747":",","2748":"K","2749":"A","2750":"A","2751":"K","2752":",","2753":"C","2754":"A","2755":"A","2756":"C","2757":";","2758":"U","2759":"A","2760":"A","2761":"E","2762":",","2763":"E","2764":"A","2765":"A","2766":"E","2767":",","2768":"G","2769":"A","2770":"A","2771":"G","2772":",","2773":"C","2774":"A","2775":"A","2776":"C","2777":",","2778":"C","2779":"A","2780":"A","2781":"C","2782":",","2783":"G","2784":"A","2785":"A","2786":"G","2787":",","2788":"C","2789":"A","2790":"A","2791":"C","2792":",","2793":"G","2794":"A","2795":"A","2796":"G","2797":",","2798":"C","2799":"A","2800":"A","2801":"C","2802":",","2803":"C","2804":"A","2805":"A","2806":"C","2807":";","2808":"U","2809":"A","2810":"A","2811":"E","2812":",","2813":"C","2814":"A","2815":"A","2816":"C","2817":",","2818":"C","2819":"A","2820":"A","2821":"C","2822":",","2823":"I","2824":"A","2825":"A","2826":"I","2827":",","2828":"C","2829":"A","2830":"A","2831":"C","2832":",","2833":"G","2834":"A","2835":"A","2836":"G","2837":",","2838":"C","2839":"A","2840":"A","2841":"C","2842":",","2843":"C","2844":"A","2845":"A","2846":"C","2847":";","2848":"U","2849":"A","2850":"A","2851":"E","2852":";","2853":"Q","2854":"A","2855":"C","2856":"x","2857":"C","2858":";","2859":"U","2860":"A","2861":"C","2862":"I","2863":",","2864":"I","2865":"A","2866":"A","2867":"I","2868":",","2869":"E","2870":"A","2871":"A","2872":"E","2873":",","2874":"C","2875":"A","2876":"A","2877":"C","2878":",","2879":"G","2880":"A","2881":"A","2882":"G","2883":",","2884":"C","2885":"A","2886":"A","2887":"C","2888":",","2889":"C","2890":"A","2891":"A","2892":"C","2893":",","2894":"I","2895":"A","2896":"A","2897":"I","2898":",","2899":"E","2900":"A","2901":"A","2902":"E","2903":",","2904":"C","2905":"A","2906":"A","2907":"C","2908":",","2909":"G","2910":"A","2911":"A","2912":"G","2913":",","2914":"C","2915":"A","2916":"A","2917":"C","2918":",","2919":"C","2920":"A","2921":"A","2922":"C","2923":",","2924":"M","2925":"A","2926":"A","2927":"M","2928":",","2929":"G","2930":"A","2931":"A","2932":"G","2933":",","2934":"C","2935":"A","2936":"A","2937":"C","2938":",","2939":"I","2940":"A","2941":"A","2942":"I","2943":",","2944":"C","2945":"A","2946":"A","2947":"C","2948":",","2949":"C","2950":"A","2951":"A","2952":"C","2953":",","2954":"C","2955":"A","2956":"A","2957":"C","2958":",","2959":"C","2960":"A","2961":"A","2962":"C","2963":",","2964":"M","2965":"A","2966":"A","2967":"M","2968":",","2969":"G","2970":"A","2971":"A","2972":"G","2973":",","2974":"C","2975":"A","2976":"A","2977":"C","2978":",","2979":"C","2980":"A","2981":"A","2982":"C","2983":",","2984":"C","2985":"A","2986":"A","2987":"C","2988":",","2989":"K","2990":"A","2991":"A","2992":"K","2993":",","2994":"E","2995":"A","2996":"A","2997":"E","2998":",","2999":"C","3000":"A","3001":"A","3002":"C","3003":",","3004":"C","3005":"A","3006":"A","3007":"C","3008":",","3009":"C","3010":"A","3011":"A","3012":"C","3013":",","3014":"K","3015":"A","3016":"A","3017":"K","3018":",","3019":"C","3020":"A","3021":"A","3022":"C","3023":",","3024":"I","3025":"A","3026":"A","3027":"I","3028":",","3029":"E","3030":"A","3031":"A","3032":"E","3033":",","3034":"C","3035":"A","3036":"A","3037":"C","3038":",","3039":"C","3040":"A","3041":"A","3042":"C","3043":",","3044":"C","3045":"A","3046":"A","3047":"C","3048":",","3049":"K","3050":"A","3051":"A","3052":"K","3053":",","3054":"C","3055":"A","3056":"A","3057":"C","3058":",","3059":"C","3060":"A","3061":"A","3062":"C","3063":",","3064":"E","3065":"A","3066":"A","3067":"E","3068":";","3069":"Y","3070":"A","3071":"A","3072":"E","3073":",","3074":"C","3075":"A","3076":"A","3077":"C","3078":",","3079":"G","3080":"A","3081":"A","3082":"G","3083":",","3084":"C","3085":"A","3086":"A","3087":"C","3088":";","3089":"Y","3090":"A","3091":"A","3092":"E","3093":";","3094":"U","3095":"A","3096":"A","3097":"U","3098":";","3099":"U","3100":"A","3101":"C","3102":"3","3103":"G","3104":",","3105":"I","3106":"A","3107":"A","3108":"I","3109":",","3110":"E","3111":"A","3112":"A","3113":"E","3114":",","3115":"C","3116":"A","3117":"A","3118":"C","3119":",","3120":"C","3121":"A","3122":"A","3123":"C","3124":",","3125":"C","3126":"A","3127":"A","3128":"C","3129":",","3130":"K","3131":"A","3132":"A","3133":"K","3134":",","3135":"C","3136":"A","3137":"A","3138":"C","3139":",","3140":"K","3141":"A","3142":"A","3143":"K","3144":",","3145":"C","3146":"A","3147":"A","3148":"C","3149":",","3150":"C","3151":"A","3152":"A","3153":"C","3154":",","3155":"I","3156":"A","3157":"A","3158":"K","3159":",","3160":"E","3161":"A","3162":"A","3163":"E","3164":",","3165":"C","3166":"A","3167":"A","3168":"C","3169":",","3170":"C","3171":"A","3172":"A","3173":"C","3174":",","3175":"C","3176":"A","3177":"A","3178":"C","3179":",","3180":"G","3181":"A","3182":"A","3183":"G","3184":",","3185":"C","3186":"A","3187":"A","3188":"C","3189":",","3190":"C","3191":"A","3192":"A","3193":"C","3194":",","3195":"C","3196":"A","3197":"A","3198":"C","3199":",","3200":"C","3201":"A","3202":"A","3203":"C","3204":",","3205":"I","3206":"A","3207":"A","3208":"I","3209":",","3210":"E","3211":"A","3212":"A","3213":"E","3214":",","3215":"C","3216":"A","3217":"A","3218":"C","3219":",","3220":"C","3221":"A","3222":"A","3223":"C","3224":",","3225":"C","3226":"A","3227":"A","3228":"C","3229":",","3230":"G","3231":"A","3232":"A","3233":"G","3234":",","3235":"C","3236":"A","3237":"A","3238":"C","3239":",","3240":"C","3241":"A","3242":"A","3243":"C","3244":",","3245":"C","3246":"A","3247":"A","3248":"C","3249":",","3250":"C","3251":"A","3252":"A","3253":"E","3254":",","3255":"C","3256":"A","3257":"A","3258":"C","3259":",","3260":"E","3261":"A","3262":"A","3263":"E","3264":";","3265":"Y","3266":"A","3267":"A","3268":"E","3269":",","3270":"C","3271":"A","3272":"A","3273":"C","3274":",","3275":"C","3276":"A","3277":"A","3278":"C","3279":",","3280":"K","3281":"A","3282":"A","3283":"K","3284":",","3285":"G","3286":"A","3287":"A","3288":"G","3289":",","3290":"E","3291":"A","3292":"A","3293":"E","3294":",","3295":"C","3296":"A","3297":"A","3298":"C","3299":",","3300":"C","3301":"A","3302":"A","3303":"C","3304":",","3305":"C","3306":"A","3307":"A","3308":"C","3309":";","3310":"Y","3311":"A","3312":"A","3313":"E","3314":";","3315":"U","3316":"A","3317":"A","3318":"O","3319":";","3320":"U","3321":"A","3322":"C","3323":"r","3324":"F","3325":",","3326":"I","3327":"A","3328":"A","3329":"I","3330":",","3331":"E","3332":"A","3333":"A","3334":"E","3335":",","3336":"C","3337":"A","3338":"A","3339":"C","3340":",","3341":"C","3342":"A","3343":"A","3344":"C","3345":",","3346":"C","3347":"A","3348":"A","3349":"C","3350":",","3351":"K","3352":"A","3353":"A","3354":"K","3355":",","3356":"C","3357":"A","3358":"A","3359":"C","3360":",","3361":"I","3362":"A","3363":"A","3364":"I","3365":",","3366":"C","3367":"A","3368":"A","3369":"C","3370":",","3371":"C","3372":"A","3373":"A","3374":"C","3375":",","3376":"K","3377":"A","3378":"A","3379":"K","3380":",","3381":"G","3382":"A","3383":"A","3384":"G","3385":",","3386":"C","3387":"A","3388":"A","3389":"C","3390":",","3391":"C","3392":"A","3393":"A","3394":"C","3395":",","3396":"C","3397":"A","3398":"A","3399":"C","3400":",","3401":"C","3402":"A","3403":"A","3404":"C","3405":",","3406":"E","3407":"A","3408":"A","3409":"E","3410":";","3411":"Y","3412":"A","3413":"A","3414":"E","3415":",","3416":"C","3417":"A","3418":"A","3419":"C","3420":",","3421":"C","3422":"A","3423":"A","3424":"C","3425":",","3426":"K","3427":"A","3428":"A","3429":"K","3430":",","3431":"G","3432":"A","3433":"A","3434":"G","3435":",","3436":"C","3437":"A","3438":"A","3439":"C","3440":",","3441":"C","3442":"A","3443":"A","3444":"C","3445":",","3446":"C","3447":"A","3448":"A","3449":"C","3450":",","3451":"C","3452":"A","3453":"A","3454":"C","3455":";","3456":"Y","3457":"A","3458":"A","3459":"E","3460":",","3461":"C","3462":"A","3463":"A","3464":"C","3465":",","3466":"G","3467":"A","3468":"A","3469":"G","3470":",","3471":"E","3472":"A","3473":"A","3474":"E","3475":";","3476":"Y","3477":"A","3478":"A","3479":"E","3480":";","3481":"U","3482":"A","3483":"A","3484":"O","3485":";","3486":"U","3487":"A","3488":"C","3489":"p","3490":"E","3491":",","3492":"I","3493":"A","3494":"A","3495":"I","3496":",","3497":"C","3498":"A","3499":"A","3500":"C","3501":",","3502":"I","3503":"A","3504":"A","3505":"I","3506":",","3507":"C","3508":"A","3509":"A","3510":"C","3511":",","3512":"C","3513":"A","3514":"A","3515":"C","3516":",","3517":"K","3518":"A","3519":"A","3520":"K","3521":",","3522":"G","3523":"A","3524":"A","3525":"G","3526":",","3527":"C","3528":"A","3529":"A","3530":"C","3531":",","3532":"C","3533":"A","3534":"A","3535":"C","3536":",","3537":"C","3538":"A","3539":"A","3540":"C","3541":",","3542":"C","3543":"A","3544":"A","3545":"C","3546":",","3547":"E","3548":"A","3549":"A","3550":"E","3551":";","3552":"Y","3553":"A","3554":"A","3555":"E","3556":",","3557":"C","3558":"A","3559":"A","3560":"C","3561":",","3562":"C","3563":"A","3564":"A","3565":"C","3566":",","3567":"K","3568":"A","3569":"A","3570":"K","3571":",","3572":"G","3573":"A","3574":"A","3575":"G","3576":",","3577":"C","3578":"A","3579":"A","3580":"C","3581":",","3582":"C","3583":"A","3584":"A","3585":"C","3586":",","3587":"C","3588":"A","3589":"A","3590":"C","3591":",","3592":"C","3593":"A","3594":"A","3595":"C","3596":";","3597":"Y","3598":"A","3599":"A","3600":"E","3601":",","3602":"C","3603":"A","3604":"A","3605":"C","3606":",","3607":"C","3608":"A","3609":"A","3610":"C","3611":",","3612":"G","3613":"A","3614":"A","3615":"G","3616":",","3617":"C","3618":"A","3619":"A","3620":"C","3621":",","3622":"I","3623":"A","3624":"A","3625":"I","3626":",","3627":"C","3628":"A","3629":"A","3630":"C","3631":",","3632":"E","3633":"A","3634":"A","3635":"E","3636":",","3637":"C","3638":"A","3639":"A","3640":"C","3641":";","3642":"Y","3643":"A","3644":"A","3645":"E","3646":";","3647":"U","3648":"A","3649":"A","3650":"O","3651":";","3652":"U","3653":"A","3654":"C","3655":"l","3656":"E","3657":",","3658":"I","3659":"A","3660":"A","3661":"I","3662":",","3663":"C","3664":"A","3665":"A","3666":"C","3667":",","3668":"C","3669":"A","3670":"A","3671":"C","3672":",","3673":"C","3674":"A","3675":"A","3676":"C","3677":",","3678":"C","3679":"A","3680":"A","3681":"C","3682":",","3683":"E","3684":"A","3685":"A","3686":"E","3687":",","3688":"C","3689":"A","3690":"A","3691":"C","3692":",","3693":"C","3694":"A","3695":"A","3696":"C","3697":",","3698":"G","3699":"A","3700":"A","3701":"G","3702":",","3703":"C","3704":"A","3705":"A","3706":"C","3707":",","3708":"G","3709":"A","3710":"A","3711":"G","3712":",","3713":"C","3714":"A","3715":"A","3716":"C","3717":",","3718":"C","3719":"A","3720":"A","3721":"C","3722":";","3723":"U","3724":"A","3725":"C","3726":"r","3727":"B","3728":",","3729":"C","3730":"A","3731":"A","3732":"C","3733":",","3734":"C","3735":"A","3736":"A","3737":"C","3738":",","3739":"I","3740":"A","3741":"A","3742":"I","3743":",","3744":"C","3745":"A","3746":"A","3747":"C","3748":",","3749":"G","3750":"A","3751":"A","3752":"G","3753":",","3754":"C","3755":"A","3756":"A","3757":"C","3758":",","3759":"C","3760":"A","3761":"A","3762":"C","3763":";","3764":"U","3765":"A","3766":"A","3767":"E","3768":";","3769":"M","3770":"A","3771":"C","3772":"t","3773":"B","3774":";","3775":"M","3776":"A","3777":"C","3778":"A","3779":",","3780":"E","3781":"A","3782":"A","3783":"E","3784":",","3785":"G","3786":"A","3787":"A","3788":"G","3789":",","3790":"I","3791":"A","3792":"A","3793":"I","3794":",","3795":"C","3796":"A","3797":"A","3798":"C","3799":",","3800":"I","3801":"A","3802":"A","3803":"I","3804":",","3805":"C","3806":"A","3807":"A","3808":"C","3809":",","3810":"O","3811":"A","3812":"A","3813":"O","3814":",","3815":"E","3816":"A","3817":"A","3818":"E","3819":",","3820":"C","3821":"A","3822":"A","3823":"C","3824":",","3825":"C","3826":"A","3827":"A","3828":"C","3829":";","3830":";","3831":";","3832":";","3833":";","3834":";","3835":";","3836":";","3837":";","3838":";","3839":";","3840":";","3841":";","3842":";","3843":";","3844":";","3845":";","3846":"A","3847":"A","3848":"7","3849":"G","3850":"t","3851":"C","3852":",","3853":"I","3854":"A","3855":"A","3856":"I","3857":",","3858":"K","3859":"A","3860":"A","3861":"K","3862":",","3863":"G","3864":"A","3865":"A","3866":"G","3867":",","3868":"O","3869":"A","3870":"A","3871":"O","3872":",","3873":"C","3874":"A","3875":"A","3876":"C","3877":",","3878":"K","3879":"A","3880":"A","3881":"K","3882":",","3883":"C","3884":"A","3885":"A","3886":"C","3887":";","3888":"A","3889":"A","3890":"U","3891":"1","3892":"B","3893":",","3894":"I","3895":"A","3896":"A","3897":"I","3898":",","3899":"M","3900":"A","3901":"A","3902":"M","3903":",","3904":"G","3905":"A","3906":"A","3907":"G","3908":",","3909":"O","3910":"A","3911":"A","3912":"O","3913":",","3914":"C","3915":"A","3916":"A","3917":"C","3918":",","3919":"e","3920":"A","3921":"A","3922":"e","3923":",","3924":"C","3925":"A","3926":"A","3927":"C","3928":";","3929":"A","3930":"A","3931":"C","3932":"r","3933":"C","3934":",","3935":"I","3936":"A","3937":"A","3938":"I","3939":",","3940":"O","3941":"A","3942":"A","3943":"O","3944":",","3945":"G","3946":"A","3947":"A","3948":"G","3949":",","3950":"O","3951":"A","3952":"A","3953":"O","3954":",","3955":"C","3956":"A","3957":"A","3958":"C","3959":",","3960":"O","3961":"A","3962":"A","3963":"O","3964":",","3965":"C","3966":"A","3967":"A","3968":"C","3969":";","3970":"A","3971":"A","3972":"C","3973":"9","3974":"B","3975":",","3976":"I","3977":"A","3978":"A","3979":"I","3980":",","3981":"K","3982":"A","3983":"A","3984":"K","3985":",","3986":"G","3987":"A","3988":"A","3989":"G","3990":",","3991":"O","3992":"A","3993":"A","3994":"O","3995":",","3996":"C","3997":"A","3998":"A","3999":"C","4000":",","4001":"K","4002":"A","4003":"A","4004":"K","4005":",","4006":"C","4007":"A","4008":"A","4009":"C","4010":";","4011":"A","4012":"A","4013":"C","4014":"1","4015":"B","4016":",","4017":"I","4018":"A","4019":"A","4020":"I","4021":",","4022":"a","4023":"A","4024":"A","4025":"a","4026":",","4027":"G","4028":"A","4029":"A","4030":"G","4031":",","4032":"O","4033":"A","4034":"A","4035":"O","4036":",","4037":"C","4038":"A","4039":"A","4040":"C","4041":",","4042":"u","4043":"B","4044":"A","4045":"A","4046":"u","4047":"B","4048":",","4049":"C","4050":"A","4051":"A","4052":"C","4053":";","4054":"A","4055":"A","4056":"C","4057":"p","4058":"D","4059":",","4060":"I","4061":"A","4062":"A","4063":"I","4064":",","4065":"Y","4066":"A","4067":"A","4068":"Y","4069":",","4070":"G","4071":"A","4072":"A","4073":"G","4074":",","4075":"O","4076":"A","4077":"A","4078":"O","4079":",","4080":"C","4081":"A","4082":"A","4083":"C","4084":",","4085":"Y","4086":"A","4087":"A","4088":"Y","4089":",","4090":"C","4091":"A","4092":"A","4093":"C","4094":";","4095":"A","4096":"A","4097":"C","4098":"x","4099":"C","4100":",","4101":"I","4102":"A","4103":"A","4104":"I","4105":",","4106":"Q","4107":"A","4108":"A","4109":"Q","4110":",","4111":"G","4112":"A","4113":"A","4114":"G","4115":",","4116":"O","4117":"A","4118":"A","4119":"O","4120":",","4121":"C","4122":"A","4123":"A","4124":"C","4125":",","4126":"Q","4127":"A","4128":"A","4129":"Q","4130":",","4131":"C","4132":"A","4133":"A","4134":"C","4135":";","4136":"A","4137":"A","4138":"C","4139":"h","4140":"C","4141":";","4142":"A","4143":"A","4144":"C","4145":"A","4146":",","4147":"O","4148":"A","4149":"A","4150":"O","4151":",","4152":"C","4153":"A","4154":"A","4155":"C","4156":",","4157":"O","4158":"A","4159":"A","4160":"O","4161":",","4162":"G","4163":"A","4164":"A","4165":"G","4166":",","4167":"C","4168":"A","4169":"A","4170":"C","4171":",","4172":"C","4173":"A","4174":"A","4175":"C","4176":",","4177":"E","4178":"A","4179":"A","4180":"E","4181":",","4182":"K","4183":"A","4184":"A","4185":"K","4186":",","4187":"C","4188":"A","4189":"A","4190":"C","4191":",","4192":"e","4193":"A","4194":"A","4195":"e","4196":",","4197":"E","4198":"A","4199":"A","4200":"E","4201":";","4202":"E","4203":"A","4204":"C","4205":"z","4206":"C","4207":",","4208":"M","4209":"A","4210":"A","4211":"M","4212":",","4213":"E","4214":"A","4215":"A","4216":"E","4217":",","4218":"k","4219":"B","4220":"A","4221":"A","4222":"k","4223":"B","4224":";","4225":"E","4226":"A","4227":"C","4228":"1","4229":"B","4230":",","4231":"K","4232":"A","4233":"A","4234":"K","4235":",","4236":"E","4237":"A","4238":"A","4239":"E","4240":",","4241":"U","4242":"A","4243":"A","4244":"U","4245":",","4246":"O","4247":"A","4248":"A","4249":"O","4250":",","4251":"E","4252":"A","4253":"A","4254":"E","4255":",","4256":"E","4257":"A","4258":"A","4259":"E","4260":",","4261":"E","4262":"A","4263":"A","4264":"E","4265":";","4266":"I","4267":"A","4268":"C","4269":"1","4270":"B","4271":",","4272":"I","4273":"A","4274":"A","4275":"I","4276":",","4277":"K","4278":"A","4279":"A","4280":"K","4281":",","4282":"G","4283":"A","4284":"A","4285":"G","4286":",","4287":"I","4288":"A","4289":"A","4290":"I","4291":";","4292":"I","4293":"A","4294":"U","4295":"h","4296":"B","4297":",","4298":"I","4299":"A","4300":"A","4301":"I","4302":",","4303":"Q","4304":"A","4305":"A","4306":"Q","4307":",","4308":"G","4309":"A","4310":"A","4311":"G","4312":",","4313":"E","4314":"A","4315":"A","4316":"E","4317":",","4318":"C","4319":"A","4320":"A","4321":"C","4322":",","4323":"M","4324":"A","4325":"A","4326":"M","4327":";","4328":"I","4329":"A","4330":"C","4331":"x","4332":"B","4333":",","4334":"Q","4335":"A","4336":"A","4337":"Q","4338":",","4339":"C","4340":"A","4341":"A","4342":"C","4343":",","4344":"C","4345":"A","4346":"A","4347":"C","4348":";","4349":"I","4350":"A","4351":"C","4352":"V","4353":",","4354":"I","4355":"A","4356":"A","4357":"I","4358":",","4359":"I","4360":"A","4361":"A","4362":"I","4363":",","4364":"G","4365":"A","4366":"A","4367":"G","4368":",","4369":"C","4370":"A","4371":"A","4372":"C","4373":",","4374":"C","4375":"A","4376":"A","4377":"C","4378":",","4379":"E","4380":"A","4381":"A","4382":"E","4383":",","4384":"K","4385":"A","4386":"A","4387":"K","4388":",","4389":"C","4390":"A","4391":"A","4392":"C","4393":",","4394":"G","4395":"A","4396":"A","4397":"G","4398":",","4399":"E","4400":"A","4401":"A","4402":"E","4403":",","4404":"K","4405":"A","4406":"A","4407":"K","4408":",","4409":"C","4410":"A","4411":"A","4412":"C","4413":";","4414":"I","4415":"A","4416":"C","4417":"h","4418":"C","4419":",","4420":"I","4421":"A","4422":"A","4423":"I","4424":",","4425":"G","4426":"A","4427":"A","4428":"G","4429":",","4430":"G","4431":"A","4432":"A","4433":"G","443
[...]
:"d","20655":"e","20656":"n","20657":"t","20658":"i","20659":"a","20660":"l","20661":"s","20662":".","20663":"o","20664":"c","20665":"c","20666":"u","20667":"p","20668":"a","20669":"t","20670":"i","20671":"o","20672":"n","20673":",","20674":"\\","20675":"n","20676":" ","20677":" ","20678":"/","20679":"/","20680":" ","20681":" ","20682":" ","20683":" ","20684":" ","20685":" ","20686":" ","20687":"}","20688":",","20689":"\\","20690":"n","20691":" ","20692":" ","20693":"/","20694":"/","20695":" ","20696":" ","20697":" ","20698":" ","20699":" ","20700":"}","20701":",","20702":"\\","20703":"n","20704":" ","20705":" ","20706":"/","20707":"/","20708":" ","20709":" ","20710":" ","20711":"}","20712":")","20713":";","20714":"\\","20715":"n","20716":" ","20717":" ","20718":"/","20719":"/","20720":" ","20721":" ","20722":" ","20723":"/","20724":"/","20725":"保","20726":"存","20727":"し","20728":"た","20729":"u","20730":"i","20731":"d","20732":"を","20733":"取","20734":"得","20735":"\\","20736":"n","20737":" ","20738":" ","20739":"/","20740":"/","20741":" ","20742":" ","20743":" ","20744":"c","20745":"o","20746":"n","20747":"s","20748":"t","20749":" ","20750":"{","20751":" ","20752":"d","20753":"a","20754":"t","20755":"a","20756":":","20757":" ","20758":"u","20759":"i","20760":"d","20761":" ","20762":"}","20763":" ","20764":"=","20765":" ","20766":"a","20767":"w","20768":"a","20769":"i","20770":"t","20771":" ","20772":"c","20773":"l","20774":"i","20775":"e","20776":"n","20777":"t","20778":"\\","20779":"n","20780":" ","20781":" ","20782":"/","20783":"/","20784":" ","20785":" ","20786":" ","20787":" ","20788":" ","20789":".","20790":"f","20791":"r","20792":"o","20793":"m","20794":"(","20795":"\\","20796":"\"","20797":"p","20798":"r","20799":"o","20800":"f","20801":"i","20802":"l","20803":"e","20804":"s","20805":"\\","20806":"\"","20807":")","20808":"\\","20809":"n","20810":" ","20811":" ","20812":"/","20813":"/","20814":" ","20815":" ","20816":" ","20817":" ","20818":" ","20819":".","20820":"s","20821":"e","20822":"l","20823":"e","20824":"c","20825":"t","20826":"(","20827":"\\","20828":"\"","20829":"i","20830":"d","20831":"\\","20832":"\"","20833":")","20834":"\\","20835":"n","20836":" ","20837":" ","20838":"/","20839":"/","20840":" ","20841":" ","20842":" ","20843":" ","20844":" ","20845":".","20846":"e","20847":"q","20848":"(","20849":"\\","20850":"\"","20851":"e","20852":"m","20853":"a","20854":"i","20855":"l","20856":"\\","20857":"\"","20858":",","20859":" ","20860":"c","20861":"r","20862":"e","20863":"d","20864":"e","20865":"n","20866":"t","20867":"i","20868":"a","20869":"l","20870":"s","20871":".","20872":"e","20873":"m","20874":"a","20875":"i","20876":"l","20877":")","20878":";","20879":"\\","20880":"n","20881":"\\","20882":"n","20883":" ","20884":" ","20885":"/","20886":"/","20887":" ","20888":" ","20889":" ","20890":"i","20891":"f","20892":" ","20893":"(","20894":"c","20895":"r","20896":"e","20897":"d","20898":"e","20899":"n","20900":"t","20901":"i","20902":"a","20903":"l","20904":"s","20905":".","20906":"a","20907":"d","20908":"d","20909":"C","20910":"l","20911":"u","20912":"b","20913":")","20914":" ","20915":"{","20916":"\\","20917":"n","20918":" ","20919":" ","20920":"/","20921":"/","20922":" ","20923":" ","20924":" ","20925":" ","20926":" ","20927":"/","20928":"/","20929":"追","20930":"加","20931":"ク","20932":"ラ","20933":"ブ","20934":"を","20935":"d","20936":"i","20937":"s","20938":"p","20939":"l","20940":"a","20941":"y","20942":":","20943":"f","20944":"a","20945":"l","20946":"s","20947":"e","20948":"で","20949":"登","20950":"録","20951":"\\","20952":"n","20953":" ","20954":" ","20955":"/","20956":"/","20957":" ","20958":" ","20959":" ","20960":" ","20961":" ","20962":"a","20963":"w","20964":"a","20965":"i","20966":"t","20967":" ","20968":"c","20969":"l","20970":"i","20971":"e","20972":"n","20973":"t","20974":".","20975":"f","20976":"r","20977":"o","20978":"m","20979":"(","20980":"\\","20981":"\"","20982":"c","20983":"l","20984":"u","20985":"b","20986":"\\","20987":"\"","20988":")","20989":".","20990":"i","20991":"n","20992":"s","20993":"e","20994":"r","20995":"t","20996":"(","20997":"{","20998":"\\","20999":"n","21000":" ","21001":" ","21002":"/","21003":"/","21004":" ","21005":" ","21006":" ","21007":" ","21008":" ","21009":" ","21010":" ","21011":"c","21012":"l","21013":"u","21014":"b","21015":"N","21016":"a","21017":"m","21018":"e","21019":":","21020":" ","21021":"c","21022":"r","21023":"e","21024":"d","21025":"e","21026":"n","21027":"t","21028":"i","21029":"a","21030":"l","21031":"s","21032":".","21033":"a","21034":"d","21035":"d","21036":"C","21037":"l","21038":"u","21039":"b","21040":",","21041":"\\","21042":"n","21043":" ","21044":" ","21045":"/","21046":"/","21047":" ","21048":" ","21049":" ","21050":" ","21051":" ","21052":"}","21053":")","21054":";","21055":"\\","21056":"n","21057":" ","21058":" ","21059":"/","21060":"/","21061":" ","21062":" ","21063":" ","21064":" ","21065":" ","21066":"c","21067":"o","21068":"n","21069":"s","21070":"t","21071":" ","21072":"{","21073":" ","21074":"d","21075":"a","21076":"t","21077":"a","21078":" ","21079":"}","21080":" ","21081":"=","21082":" ","21083":"a","21084":"w","21085":"a","21086":"i","21087":"t","21088":" ","21089":"c","21090":"l","21091":"i","21092":"e","21093":"n","21094":"t","21095":"\\","21096":"n","21097":" ","21098":" ","21099":"/","21100":"/","21101":" ","21102":" ","21103":" ","21104":" ","21105":" ","21106":" ","21107":" ","21108":".","21109":"f","21110":"r","21111":"o","21112":"m","21113":"(","21114":"\\","21115":"\"","21116":"c","21117":"l","21118":"u","21119":"b","21120":"\\","21121":"\"","21122":")","21123":"\\","21124":"n","21125":" ","21126":" ","21127":"/","21128":"/","21129":" ","21130":" ","21131":" ","21132":" ","21133":" ","21134":" ","21135":" ","21136":".","21137":"s","21138":"e","21139":"l","21140":"e","21141":"c","21142":"t","21143":"(","21144":"\\","21145":"\"","21146":"i","21147":"d","21148":"\\","21149":"\"","21150":")","21151":"\\","21152":"n","21153":" ","21154":" ","21155":"/","21156":"/","21157":" ","21158":" ","21159":" ","21160":" ","21161":" ","21162":" ","21163":" ","21164":".","21165":"e","21166":"q","21167":"(","21168":"\\","21169":"\"","21170":"c","21171":"l","21172":"u","21173":"b","21174":"N","21175":"a","21176":"m","21177":"e","21178":"\\","21179":"\"","21180":",","21181":" ","21182":"c","21183":"r","21184":"e","21185":"d","21186":"e","21187":"n","21188":"t","21189":"i","21190":"a","21191":"l","21192":"s","21193":".","21194":"a","21195":"d","21196":"d","21197":"C","21198":"l","21199":"u","21200":"b","21201":")","21202":";","21203":"\\","21204":"n","21205":"\\","21206":"n","21207":" ","21208":" ","21209":"/","21210":"/","21211":" ","21212":" ","21213":" ","21214":" ","21215":" ","21216":"i","21217":"f","21218":" ","21219":"(","21220":"d","21221":"a","21222":"t","21223":"a","21224":" ","21225":"!","21226":"=","21227":"=","21228":" ","21229":"n","21230":"u","21231":"l","21232":"l","21233":")","21234":" ","21235":"{","21236":"\\","21237":"n","21238":" ","21239":" ","21240":"/","21241":"/","21242":" ","21243":" ","21244":" ","21245":" ","21246":" ","21247":" ","21248":" ","21249":"c","21250":"l","21251":"u","21252":"b","21253":"I","21254":"d","21255":" ","21256":"=","21257":" ","21258":"d","21259":"a","21260":"t","21261":"a","21262":"[","21263":"0","21264":"]","21265":".","21266":"i","21267":"d","21268":";","21269":"\\","21270":"n","21271":" ","21272":" ","21273":"/","21274":"/","21275":" ","21276":" ","21277":" ","21278":" ","21279":" ","21280":"}","21281":"\\","21282":"n","21283":" ","21284":" ","21285":"/","21286":"/","21287":" ","21288":" ","21289":" ","21290":"}","21291":"\\","21292":"n","21293":" ","21294":" ","21295":"/","21296":"/","21297":" ","21298":" ","21299":" ","21300":"i","21301":"f","21302":" ","21303":"(","21304":"!","21305":"(","21306":"c","21307":"r","21308":"e","21309":"d","21310":"e","21311":"n","21312":"t","21313":"i","21314":"a","21315":"l","21316":"s","21317":".","21318":"f","21319":"i","21320":"l","21321":"e","21322":".","21323":"l","21324":"e","21325":"n","21326":"g","21327":"t","21328":"h","21329":" ","21330":"=","21331":"=","21332":"=","21333":" ","21334":"0","21335":")","21336":")","21337":" ","21338":"{","21339":"\\","21340":"n","21341":" ","21342":" ","21343":"/","21344":"/","21345":" ","21346":" ","21347":" ","21348":" ","21349":" ","21350":"/","21351":"/","21352":"ア","21353":"イ","21354":"コ","21355":"ン","21356":"画","21357":"像","21358":"を","21359":"保","21360":"存","21361":"\\","21362":"n","21363":" ","21364":" ","21365":"/","21366":"/","21367":" ","21368":" ","21369":" ","21370":" ","21371":" ","21372":"c","21373":"o","21374":"n","21375":"s","21376":"t","21377":" ","21378":"f","21379":"i","21380":"l","21381":"e","21382":" ","21383":"=","21384":" ","21385":"c","21386":"r","21387":"e","21388":"d","21389":"e","21390":"n","21391":"t","21392":"i","21393":"a","21394":"l","21395":"s","21396":".","21397":"f","21398":"i","21399":"l","21400":"e","21401":"[","21402":"0","21403":"]","21404":".","21405":"f","21406":"i","21407":"l","21408":"e","21409":";","21410":" ","21411":"/","21412":"/","21413":" ","21414":"選","21415":"択","21416":"さ","21417":"れ","21418":"た","21419":"画","21420":"像","21421":"を","21422":"取","21423":"得","21424":"\\","21425":"n","21426":" ","21427":" ","21428":"/","21429":"/","21430":" ","21431":" ","21432":" ","21433":" ","21434":" ","21435":"c","21436":"o","21437":"n","21438":"s","21439":"t","21440":" ","21441":"i","21442":"n","21443":"s","21444":"e","21445":"r","21446":"t","21447":"f","21448":"i","21449":"l","21450":"e","21451":"P","21452":"a","21453":"t","21454":"h","21455":" ","21456":"=","21457":" ","21458":"`","21459":"$","21460":"{","21461":"u","21462":"i","21463":"d","21464":"[","21465":"0","21466":"]","21467":".","21468":"i","21469":"d","21470":"}","21471":"`","21472":";","21473":" ","21474":"/","21475":"/","21476":" ","21477":"画","21478":"像","21479":"の","21480":"保","21481":"存","21482":"先","21483":"の","21484":"p","21485":"a","21486":"t","21487":"h","21488":"を","21489":"指","21490":"定","21491":"\\","21492":"n","21493":" ","21494":" ","21495":"/","21496":"/","21497":" ","21498":" ","21499":" ","21500":" ","21501":" ","21502":"/","21503":"/","21504":"画","21505":"像","21506":"を","21507":"s","21508":"t","21509":"o","21510":"r","21511":"a","21512":"g","21513":"e","21514":"に","21515":"保","21516":"存","21517":"\\","21518":"n","21519":" ","21520":" ","21521":"/","21522":"/","21523":" ","21524":" ","21525":" ","21526":" ","21527":" ","21528":"c","21529":"o","21530":"n","21531":"s","21532":"t","21533":" ","21534":"{","21535":" ","21536":"e","21537":"r","21538":"r","21539":"o","21540":"r","21541":":","21542":" ","21543":"a","21544":"v","21545":"a","21546":"t","21547":"a","21548":"r","21549":"e","21550":"r","21551":"r","21552":"o","21553":"r","21554":" ","21555":"}","21556":" ","21557":"=","21558":" ","21559":"a","21560":"w","21561":"a","21562":"i","21563":"t","21564":" ","21565":"c","21566":"l","21567":"i","21568":"e","21569":"n","21570":"t","21571":".","21572":"s","21573":"t","21574":"o","21575":"r","21576":"a","21577":"g","21578":"e","21579":"\\","21580":"n","21581":" ","21582":" ","21583":"/","21584":"/","21585":" ","21586":" ","21587":" ","21588":" ","21589":" ","21590":" ","21591":" ","21592":".","21593":"f","21594":"r","21595":"o","21596":"m","21597":"(","21598":"\\","21599":"\"","21600":"a","21601":"v","21602":"a","21603":"t","21604":"a","21605":"r","21606":"s","21607":"\\","21608":"\"","21609":")","21610":"\\","21611":"n","21612":" ","21613":" ","21614":"/","21615":"/","21616":" ","21617":" ","21618":" ","21619":" ","21620":" ","21621":" ","21622":" ","21623":".","21624":"u","21625":"p","21626":"l","21627":"o","21628":"a","21629":"d","21630":"(","21631":"f","21632":"i","21633":"l","21634":"e","21635":"P","21636":"a","21637":"t","21638":"h","21639":",","21640":" ","21641":"f","21642":"i","21643":"l","21644":"e","21645":")","21646":";","21647":"\\","21648":"n","21649":" ","21650":" ","21651":"/","21652":"/","21653":" ","21654":" ","21655":" ","21656":" ","21657":" ","21658":"/","21659":"/","21660":"画","21661":"像","21662":"の","21663":"p","21664":"a","21665":"t","21666":"h","21667":"を","21668":"取","21669":"得","21670":"\\","21671":"n","21672":" ","21673":" ","21674":"/","21675":"/","21676":" ","21677":" ","21678":" ","21679":" ","21680":" ","21681":"c","21682":"o","21683":"n","21684":"s","21685":"t","21686":" ","21687":"{","21688":" ","21689":"d","21690":"a","21691":"t","21692":"a","21693":" ","21694":"}","21695":" ","21696":"=","21697":" ","21698":"c","21699":"l","21700":"i","21701":"e","21702":"n","21703":"t","21704":".","21705":"s","21706":"t","21707":"o","21708":"r","21709":"a","21710":"g","21711":"e","21712":".","21713":"f","21714":"r","21715":"o","21716":"m","21717":"(","21718":"\\","21719":"\"","21720":"a","21721":"v","21722":"a","21723":"t","21724":"a","21725":"r","21726":"s","21727":"\\","21728":"\"","21729":")","21730":".","21731":"g","21732":"e","21733":"t","21734":"P","21735":"u","21736":"b","21737":"l","21738":"i","21739":"c","21740":"U","21741":"r","21742":"l","21743":"(","21744":"f","21745":"i","21746":"l","21747":"e","21748":"P","21749":"a","21750":"t","21751":"h","21752":")","21753":";","21754":"\\","21755":"n","21756":" ","21757":" ","21758":"/","21759":"/","21760":" ","21761":" ","21762":" ","21763":" ","21764":" ","21765":"c","21766":"o","21767":"n","21768":"s","21769":"t","21770":" ","21771":"i","21772":"m","21773":"a","21774":"g","21775":"e","21776":"U","21777":"r","21778":"l","21779":" ","21780":"=","21781":" ","21782":"d","21783":"a","21784":"t","21785":"a","21786":".","21787":"p","21788":"u","21789":"b","21790":"l","21791":"i","21792":"c","21793":"U","21794":"r","21795":"l","21796":";","21797":"\\","21798":"n","21799":"\\","21800":"n","21801":" ","21802":" ","21803":"/","21804":"/","21805":" ","21806":" ","21807":" ","21808":" ","21809":" ","21810":"c","21811":"o","21812":"n","21813":"s","21814":"t","21815":" ","21816":"{","21817":" ","21818":"e","21819":"r","21820":"r","21821":"o","21822":"r","21823":" ","21824":"}","21825":" ","21826":"=","21827":" ","21828":"a","21829":"w","21830":"a","21831":"i","21832":"t","21833":" ","21834":"c","21835":"l","21836":"i","21837":"e","21838":"n","21839":"t","21840":".","21841":"f","21842":"r","21843":"o","21844":"m","21845":"(","21846":"\\","21847":"\"","21848":"p","21849":"r","21850":"o","21851":"f","21852":"i","21853":"l","21854":"e","21855":"s","21856":"\\","21857":"\"","21858":")","21859":".","21860":"u","21861":"p","21862":"s","21863":"e","21864":"r","21865":"t","21866":"(","21867":"{","21868":"\\","21869":"n","21870":" ","21871":" ","21872":"/","21873":"/","21874":" ","21875":" ","21876":" ","21877":" ","21878":" ","21879":" ","21880":" ","21881":"i","21882":"d","21883":":","21884":" ","21885":"u","21886":"i","21887":"d","21888":"[","21889":"0","21890":"]","21891":".","21892":"i","21893":"d","21894":",","21895":"\\","21896":"n","21897":" ","21898":" ","21899":"/","21900":"/","21901":" ","21902":" ","21903":" ","21904":" ","21905":" ","21906":" ","21907":" ","21908":"i","21909":"m","21910":"a","21911":"g","21912":"e","21913":":","21914":" ","21915":"i","21916":"m","21917":"a","21918":"g","21919":"e","21920":"U","21921":"r","21922":"l","21923":",","21924":"\\","21925":"n","21926":" ","21927":" ","21928":"/","21929":"/","21930":" ","21931":" ","21932":" ","21933":" ","21934":" ","21935":" ","21936":" ","21937":"c","21938":"l","21939":"u","21940":"b","21941":"i","21942":"d","21943":":","21944":" ","21945":"c","21946":"l","21947":"u","21948":"b","21949":"I","21950":"d","21951":",","21952":"\\","21953":"n","21954":" ","21955":" ","21956":"/","21957":"/","21958":" ","21959":" ","21960":" ","21961":" ","21962":" ","21963":"}","21964":")","21965":";","21966":"\\","21967":"n","21968":"\\","21969":"n","21970":" ","21971":" ","21972":"/","21973":"/","21974":" ","21975":" ","21976":" ","21977":" ","21978":" ","21979":"i","21980":"f","21981":" ","21982":"(","21983":"!","21984":"e","21985":"r","21986":"r","21987":"o","21988":"r","21989":")","21990":" ","21991":"{","21992":"\\","21993":"n","21994":" ","21995":" ","21996":"/","21997":"/","21998":" ","21999":" ","22000":" ","22001":" ","22002":" ","22003":" ","22004":" ","22005":"s","22006":"u","22007":"c","22008":"c","22009":"e","22010":"s","22011":".","22012":"v","22013":"a","22014":"l","22015":"u","22016":"e","22017":" ","22018":"=","22019":" ","22020":"t","22021":"r","22022":"u","22023":"e","22024":";","22025":"\\","22026":"n","22027":" ","22028":" ","22029":"/","22030":"/","22031":" ","22032":" ","22033":" ","22034":" ","22035":" ","22036":"}","22037":"\\","22038":"n","22039":" ","22040":" ","22041":"/","22042":"/","22043":" ","22044":" ","22045":" ","22046":"}","22047":" ","22048":"e","22049":"l","22050":"s","22051":"e","22052":" ","22053":"{","22054":"\\","22055":"n","22056":" ","22057":" ","22058":"/","22059":"/","22060":" ","22061":" ","22062":" ","22063":" ","22064":" ","22065":"c","22066":"o","22067":"n","22068":"s","22069":"t","22070":" ","22071":"{","22072":" ","22073":"e","22074":"r","22075":"r","22076":"o","22077":"r","22078":" ","22079":"}","22080":" ","22081":"=","22082":" ","22083":"a","22084":"w","22085":"a","22086":"i","22087":"t","22088":" ","22089":"c","22090":"l","22091":"i","22092":"e","22093":"n","22094":"t","22095":".","22096":"f","22097":"r","22098":"o","22099":"m","22100":"(","22101":"\\","22102":"\"","22103":"p","22104":"r","22105":"o","22106":"f","22107":"i","22108":"l","22109":"e","22110":"s","22111":"\\","22112":"\"","22113":")","22114":".","22115":"u","22116":"p","22117":"s","22118":"e","22119":"r","22120":"t","22121":"(","22122":"{","22123":"\\","22124":"n","22125":" ","22126":" ","22127":"/","22128":"/","22129":" ","22130":" ","22131":" ","22132":" ","22133":" ","22134":" ","22135":" ","22136":"i","22137":"d","22138":":","22139":" ","22140":"u","22141":"i","22142":"d","22143":"[","22144":"0","22145":"]","22146":".","22147":"i","22148":"d","22149":",","22150":"\\","22151":"n","22152":"\\","22153":"n","22154":" ","22155":" ","22156":"/","22157":"/","22158":" ","22159":" ","22160":" ","22161":" ","22162":" ","22163":" ","22164":" ","22165":"c","22166":"l","22167":"u","22168":"b","22169":"i","22170":"d","22171":":","22172":" ","22173":"c","22174":"l","22175":"u","22176":"b","22177":"I","22178":"d","22179":",","22180":"\\","22181":"n","22182":" ","22183":" ","22184":"/","22185":"/","22186":" ","22187":" ","22188":" ","22189":" ","22190":" ","22191":"}","22192":")","22193":";","22194":"\\","22195":"n","22196":"\\","22197":"n","22198":" ","22199":" ","22200":"/","22201":"/","22202":" ","22203":" ","22204":" ","22205":" ","22206":" ","22207":"i","22208":"f","22209":" ","22210":"(","22211":"!","22212":"e","22213":"r","22214":"r","22215":"o","22216":"r","22217":")","22218":" ","22219":"{","22220":"\\","22221":"n","22222":" ","22223":" ","22224":"/","22225":"/","22226":" ","22227":" ","22228":" ","22229":" ","22230":" ","22231":" ","22232":" ","22233":"s","22234":"u","22235":"c","22236":"c","22237":"e","22238":"s","22239":".","22240":"v","22241":"a","22242":"l","22243":"u","22244":"e","22245":" ","22246":"=","22247":" ","22248":"t","22249":"r","22250":"u","22251":"e","22252":";","22253":"\\","22254":"n","22255":" ","22256":" ","22257":"/","22258":"/","22259":" ","22260":" ","22261":" ","22262":" ","22263":" ","22264":"}","22265":"\\","22266":"n","22267":" ","22268":" ","22269":"/","22270":"/","22271":" ","22272":" ","22273":" ","22274":"}","22275":"\\","22276":"n","22277":" ","22278":" ","22279":"/","22280":"/","22281":" ","22282":"}","22283":"\\","22284":"n","22285":"}","22286":";","22287":"\\","22288":"n","22289":"<","22290":"/","22291":"s","22292":"c","22293":"r","22294":"i","22295":"p","22296":"t","22297":">","22298":"\\","22299":"n","22300":"\"","22301":"]","22302":"}"},"_coverageSchema":"1a1c01bbd47fc00a2c39e90264f33305004495a9","hash":"2979df2362a3d0751eeae2f4cd63962a025dfb60"}
}
