TN:
SF:pages/qiitaCoordination.vue
FN:7,(anonymous_0)
FN:8,adopt
FN:9,(anonymous_2)
FN:13,(anonymous_3)
FN:14,fulfilled
FN:21,rejected
FN:28,step
FN:38,(anonymous_7)
FN:41,(anonymous_8)
FN:56,(anonymous_9)
FN:59,verb
FN:60,(anonymous_11)
FN:64,step
FN:135,(anonymous_13)
FN:153,(anonymous_14)
FN:154,(anonymous_15)
FN:157,(anonymous_16)
FN:163,(anonymous_17)
FN:165,(anonymous_18)
FN:166,(anonymous_19)
FN:168,(anonymous_20)
FN:201,(anonymous_21)
FN:251,render
FN:264,(anonymous_23)
FN:292,(anonymous_24)
FNF:25
FNH:14
FNDA:1,(anonymous_0)
FNDA:0,adopt
FNDA:0,(anonymous_2)
FNDA:1,(anonymous_3)
FNDA:0,fulfilled
FNDA:0,rejected
FNDA:1,step
FNDA:1,(anonymous_7)
FNDA:0,(anonymous_8)
FNDA:0,(anonymous_9)
FNDA:3,verb
FNDA:1,(anonymous_11)
FNDA:1,step
FNDA:1,(anonymous_13)
FNDA:1,(anonymous_14)
FNDA:1,(anonymous_15)
FNDA:1,(anonymous_16)
FNDA:0,(anonymous_17)
FNDA:0,(anonymous_18)
FNDA:0,(anonymous_19)
FNDA:0,(anonymous_20)
FNDA:0,(anonymous_21)
FNDA:1,render
FNDA:1,(anonymous_23)
FNDA:1,(anonymous_24)
DA:5,1
DA:9,0
DA:10,0
DA:13,1
DA:15,0
DA:16,0
DA:18,0
DA:22,0
DA:23,0
DA:25,0
DA:29,1
DA:31,1
DA:36,1
DA:39,1
DA:42,0
DA:43,0
DA:52,1
DA:57,0
DA:60,3
DA:61,1
DA:65,1
DA:66,2
DA:67,2
DA:68,2
DA:69,2
DA:72,1
DA:73,1
DA:75,0
DA:76,0
DA:81,0
DA:82,0
DA:83,0
DA:84,0
DA:86,0
DA:87,0
DA:88,0
DA:90,1
DA:91,1
DA:92,1
DA:94,0
DA:95,0
DA:96,0
DA:98,0
DA:99,0
DA:100,0
DA:101,0
DA:103,0
DA:104,0
DA:105,0
DA:106,0
DA:108,0
DA:109,0
DA:110,0
DA:112,1
DA:114,0
DA:115,0
DA:117,2
DA:119,1
DA:120,1
DA:126,1
DA:129,1
DA:130,1
DA:131,1
DA:132,1
DA:133,1
DA:136,1
DA:138,1
DA:139,1
DA:140,1
DA:145,1
DA:148,1
DA:149,1
DA:150,1
DA:151,1
DA:152,1
DA:153,1
DA:154,1
DA:156,1
DA:157,1
DA:158,1
DA:159,1
DA:164,0
DA:166,0
DA:168,0
DA:169,0
DA:171,0
DA:172,0
DA:173,0
DA:181,0
DA:189,0
DA:190,0
DA:191,0
DA:192,0
DA:194,0
DA:195,0
DA:197,0
DA:202,0
DA:204,1
DA:209,1
DA:218,1
DA:222,1
DA:226,1
DA:227,1
DA:228,1
DA:229,1
DA:230,1
DA:231,1
DA:232,1
DA:233,1
DA:234,1
DA:238,1
DA:242,1
DA:246,1
DA:250,1
DA:252,1
DA:253,1
DA:254,1
DA:264,1
DA:292,1
DA:308,1
DA:309,1
LF:121
LH:69
BRDA:5,0,0,1
BRDA:5,0,1,1
BRDA:9,1,0,0
BRDA:9,1,1,0
BRDA:13,2,0,1
BRDA:13,2,1,1
BRDA:29,3,0,1
BRDA:29,3,1,0
BRDA:31,4,0,1
BRDA:31,4,1,1
BRDA:36,5,0,1
BRDA:36,5,1,1
BRDA:42,6,0,0
BRDA:42,6,1,0
BRDA:56,7,0,1
BRDA:56,7,1,1
BRDA:65,8,0,0
BRDA:65,8,1,1
BRDA:66,9,0,3
BRDA:66,9,1,1
BRDA:66,10,0,1
BRDA:66,10,1,0
BRDA:67,11,0,0
BRDA:67,11,1,2
BRDA:67,12,0,2
BRDA:67,12,1,0
BRDA:67,12,2,0
BRDA:67,13,0,0
BRDA:67,13,1,0
BRDA:67,14,0,0
BRDA:67,14,1,0
BRDA:67,15,0,0
BRDA:67,15,1,0
BRDA:67,16,0,0
BRDA:67,16,1,0
BRDA:68,17,0,0
BRDA:68,17,1,2
BRDA:69,18,0,1
BRDA:69,18,1,1
BRDA:69,18,2,0
BRDA:69,18,3,0
BRDA:69,18,4,0
BRDA:69,18,5,1
BRDA:90,19,0,1
BRDA:90,19,1,0
BRDA:90,20,0,1
BRDA:90,20,1,1
BRDA:90,20,2,1
BRDA:90,21,0,1
BRDA:90,21,1,0
BRDA:94,22,0,0
BRDA:94,22,1,0
BRDA:94,23,0,0
BRDA:94,23,1,0
BRDA:94,23,2,0
BRDA:94,23,3,0
BRDA:98,24,0,0
BRDA:98,24,1,0
BRDA:98,25,0,0
BRDA:98,25,1,0
BRDA:103,26,0,0
BRDA:103,26,1,0
BRDA:103,27,0,0
BRDA:103,27,1,0
BRDA:108,28,0,0
BRDA:108,28,1,0
BRDA:119,29,0,0
BRDA:119,29,1,1
BRDA:121,30,0,1
BRDA:121,30,1,0
BRDA:152,31,0,0
BRDA:152,31,1,1
BRDA:152,32,0,1
BRDA:152,32,1,1
BRDA:169,33,0,0
BRDA:169,33,1,0
BRDA:169,33,2,0
BRDA:169,33,3,0
BRDA:172,34,0,0
BRDA:172,34,1,0
BRDA:283,35,0,1
BRDA:283,35,1,0
BRDA:283,36,0,1
BRDA:283,36,1,1
BRDA:285,37,0,0
BRDA:285,37,1,0
BRDA:298,38,0,0
BRDA:298,38,1,1
BRF:88
BRH:35
end_of_record
