TN:
SF:pages/userRegisterCopy.vue
FN:7,(anonymous_0)
FN:8,adopt
FN:9,(anonymous_2)
FN:13,(anonymous_3)
FN:14,fulfilled
FN:21,rejected
FN:28,step
FN:38,(anonymous_7)
FN:41,(anonymous_8)
FN:56,(anonymous_9)
FN:59,verb
FN:60,(anonymous_11)
FN:64,step
FN:139,(anonymous_13)
FN:144,(anonymous_14)
FN:162,(anonymous_15)
FN:163,(anonymous_16)
FN:166,(anonymous_17)
FN:178,(anonymous_18)
FN:184,(anonymous_19)
FN:209,(anonymous_20)
FN:217,(anonymous_21)
FN:218,(anonymous_22)
FN:219,(anonymous_23)
FN:223,(anonymous_24)
FN:237,(anonymous_25)
FN:238,(anonymous_26)
FN:239,(anonymous_27)
FN:243,(anonymous_28)
FN:257,(anonymous_29)
FN:258,(anonymous_30)
FN:260,(anonymous_31)
FN:322,render
FNF:33
FNH:23
FNDA:2,(anonymous_0)
FNDA:3,adopt
FNDA:0,(anonymous_2)
FNDA:2,(anonymous_3)
FNDA:3,fulfilled
FNDA:0,rejected
FNDA:5,step
FNDA:2,(anonymous_7)
FNDA:3,(anonymous_8)
FNDA:0,(anonymous_9)
FNDA:6,verb
FNDA:5,(anonymous_11)
FNDA:5,step
FNDA:5,(anonymous_13)
FNDA:6,(anonymous_14)
FNDA:1,(anonymous_15)
FNDA:1,(anonymous_16)
FNDA:4,(anonymous_17)
FNDA:2,(anonymous_18)
FNDA:2,(anonymous_19)
FNDA:2,(anonymous_20)
FNDA:0,(anonymous_21)
FNDA:0,(anonymous_22)
FNDA:0,(anonymous_23)
FNDA:0,(anonymous_24)
FNDA:1,(anonymous_25)
FNDA:1,(anonymous_26)
FNDA:2,(anonymous_27)
FNDA:1,(anonymous_28)
FNDA:0,(anonymous_29)
FNDA:0,(anonymous_30)
FNDA:0,(anonymous_31)
FNDA:6,render
DA:5,1
DA:9,3
DA:10,0
DA:13,2
DA:15,3
DA:16,3
DA:18,0
DA:22,0
DA:23,0
DA:25,0
DA:29,5
DA:31,2
DA:36,1
DA:39,2
DA:42,3
DA:43,3
DA:52,2
DA:57,0
DA:60,6
DA:61,5
DA:65,5
DA:66,12
DA:67,12
DA:68,12
DA:69,12
DA:72,5
DA:73,5
DA:75,3
DA:76,3
DA:81,0
DA:82,0
DA:83,0
DA:84,0
DA:86,0
DA:87,0
DA:88,0
DA:90,4
DA:91,2
DA:92,2
DA:94,2
DA:95,1
DA:96,1
DA:98,1
DA:99,0
DA:100,0
DA:101,0
DA:103,1
DA:104,0
DA:105,0
DA:106,0
DA:108,1
DA:109,1
DA:110,1
DA:112,6
DA:114,0
DA:115,0
DA:117,12
DA:119,2
DA:120,2
DA:126,1
DA:129,1
DA:130,1
DA:131,1
DA:132,1
DA:133,1
DA:134,1
DA:135,1
DA:137,1
DA:140,5
DA:141,5
DA:142,5
DA:143,5
DA:144,5
DA:145,6
DA:147,5
DA:149,5
DA:152,5
DA:153,5
DA:154,5
DA:158,5
DA:159,5
DA:162,5
DA:163,1
DA:166,1
DA:167,4
DA:169,1
DA:170,1
DA:172,1
DA:173,1
DA:175,1
DA:176,1
DA:177,1
DA:178,1
DA:179,2
DA:184,1
DA:185,2
DA:190,1
DA:192,0
DA:194,0
DA:195,0
DA:197,1
DA:204,5
DA:205,5
DA:207,5
DA:209,5
DA:210,2
DA:211,0
DA:213,2
DA:217,5
DA:218,0
DA:219,0
DA:220,0
DA:222,0
DA:223,0
DA:224,0
DA:227,0
DA:228,0
DA:229,0
DA:231,0
DA:237,5
DA:238,1
DA:239,1
DA:240,2
DA:242,1
DA:243,1
DA:244,1
DA:247,1
DA:248,1
DA:249,0
DA:251,1
DA:257,5
DA:258,0
DA:260,0
DA:261,0
DA:263,0
DA:264,0
DA:265,0
DA:266,0
DA:268,0
DA:269,0
DA:270,0
DA:272,0
DA:273,0
DA:275,0
DA:281,5
DA:298,5
DA:302,5
DA:306,1
DA:307,1
DA:308,1
DA:309,1
DA:310,1
DA:311,1
DA:312,1
DA:313,1
DA:314,1
DA:315,1
DA:316,1
DA:317,1
DA:318,1
DA:319,1
DA:320,1
DA:321,1
DA:323,6
DA:324,6
DA:522,1
DA:523,1
LF:167
LH:118
BRDA:5,0,0,1
BRDA:5,0,1,1
BRDA:9,1,0,3
BRDA:9,1,1,0
BRDA:13,2,0,2
BRDA:13,2,1,2
BRDA:29,3,0,2
BRDA:29,3,1,3
BRDA:31,4,0,2
BRDA:31,4,1,2
BRDA:36,5,0,1
BRDA:36,5,1,1
BRDA:42,6,0,0
BRDA:42,6,1,3
BRDA:56,7,0,2
BRDA:56,7,1,2
BRDA:65,8,0,0
BRDA:65,8,1,5
BRDA:66,9,0,14
BRDA:66,9,1,2
BRDA:66,10,0,2
BRDA:66,10,1,0
BRDA:67,11,0,0
BRDA:67,11,1,12
BRDA:67,12,0,12
BRDA:67,12,1,0
BRDA:67,12,2,0
BRDA:67,13,0,0
BRDA:67,13,1,0
BRDA:67,14,0,0
BRDA:67,14,1,0
BRDA:67,15,0,0
BRDA:67,15,1,0
BRDA:67,16,0,0
BRDA:67,16,1,0
BRDA:68,17,0,0
BRDA:68,17,1,12
BRDA:69,18,0,5
BRDA:69,18,1,5
BRDA:69,18,2,3
BRDA:69,18,3,0
BRDA:69,18,4,0
BRDA:69,18,5,4
BRDA:90,19,0,2
BRDA:90,19,1,2
BRDA:90,20,0,4
BRDA:90,20,1,3
BRDA:90,20,2,3
BRDA:90,21,0,4
BRDA:90,21,1,1
BRDA:94,22,0,1
BRDA:94,22,1,1
BRDA:94,23,0,2
BRDA:94,23,1,2
BRDA:94,23,2,1
BRDA:94,23,3,1
BRDA:98,24,0,0
BRDA:98,24,1,1
BRDA:98,25,0,1
BRDA:98,25,1,0
BRDA:103,26,0,0
BRDA:103,26,1,1
BRDA:103,27,0,1
BRDA:103,27,1,1
BRDA:108,28,0,0
BRDA:108,28,1,1
BRDA:119,29,0,0
BRDA:119,29,1,2
BRDA:121,30,0,2
BRDA:121,30,1,0
BRDA:167,31,0,1
BRDA:167,31,1,1
BRDA:167,31,2,1
BRDA:167,31,3,0
BRDA:167,31,4,1
BRDA:178,32,0,0
BRDA:178,32,1,1
BRDA:178,33,0,1
BRDA:178,33,1,1
BRDA:184,34,0,0
BRDA:184,34,1,1
BRDA:184,35,0,1
BRDA:184,35,1,1
BRDA:210,36,0,0
BRDA:210,36,1,2
BRDA:220,37,0,0
BRDA:220,37,1,0
BRDA:228,38,0,0
BRDA:228,38,1,0
BRDA:240,39,0,1
BRDA:240,39,1,1
BRDA:248,40,0,0
BRDA:248,40,1,1
BRDA:261,41,0,0
BRDA:261,41,1,0
BRDA:269,42,0,0
BRDA:269,42,1,0
BRDA:269,43,0,0
BRDA:269,43,1,0
BRDA:269,44,0,0
BRDA:269,44,1,0
BRDA:272,45,0,0
BRDA:272,45,1,0
BRDA:272,46,0,0
BRDA:272,46,1,0
BRF:105
BRH:60
end_of_record
